<?xml version="1.0" encoding="UTF-8"?>
<!-- Generated by org.testng.reporters.JUnitXMLReporter -->
<testsuite ignored="0" hostname="Rahul-PC" failures="10" tests="24" name="Eazy_Retail_Tests" time="570.672" errors="0" timestamp="2025-09-07T16:54:08 IST">
  <testcase classname="Eazy_Retail.login" name="blankMobileTest" time="7.943">
    <failure type="java.lang.AssertionError" message="Expected blank mobile number toast. expected [Please enter Mobile no.] but found [Something went wrong.]">
      <![CDATA[java.lang.AssertionError: Expected blank mobile number toast. expected [Please enter Mobile no.] but found [Something went wrong.]
at Eazy_Retail.login.blankMobileTest(login.java:102)
at java.base/java.util.ArrayList.forEach(ArrayList.java:1511)
... Removed 32 stack frames]]>
    </failure>
  </testcase> <!-- blankMobileTest -->
  <testcase classname="Eazy_Retail.login" name="blankPasswordTest" time="7.151"/>
  <testcase classname="Eazy_Retail.login" name="invalidCredentialsTest" time="7.793"/>
  <testcase classname="Eazy_Retail.login" name="successfulLoginTest" time="12.235"/>
  <testcase classname="Eazy_Retail.create_order" name="verifyStockItemPageLoaded" time="3.311"/>
  <testcase classname="Eazy_Retail.create_order" name="verifySearchBarVisible" time="0.643"/>
  <testcase classname="Eazy_Retail.create_order" name="searchValidProduct" time="2.351"/>
  <testcase classname="Eazy_Retail.create_order" name="verifyAllFilterButton" time="0.523"/>
  <testcase classname="Eazy_Retail.create_order" name="verifyProductGroupFilter" time="0.626">
    <failure type="java.lang.AssertionError" message="Product group filter not applied expected [true] but found [false]">
      <![CDATA[java.lang.AssertionError: Product group filter not applied expected [true] but found [false]
at Eazy_Retail.create_order.verifyProductGroupFilter(create_order.java:93)
at java.base/java.util.ArrayList.forEach(ArrayList.java:1511)
... Removed 30 stack frames]]>
    </failure>
  </testcase> <!-- verifyProductGroupFilter -->
  <testcase classname="Eazy_Retail.create_order" name="verifyFinishedGoodFilter" time="1.614">
    <failure type="java.lang.AssertionError" message="Finished Good filter not applied expected [true] but found [false]">
      <![CDATA[java.lang.AssertionError: Finished Good filter not applied expected [true] but found [false]
at Eazy_Retail.create_order.verifyFinishedGoodFilter(create_order.java:101)
at java.base/java.util.ArrayList.forEach(ArrayList.java:1511)
... Removed 30 stack frames]]>
    </failure>
  </testcase> <!-- verifyFinishedGoodFilter -->
  <testcase classname="Eazy_Retail.create_order" name="verifyProductListVisible" time="2.358"/>
  <testcase classname="Eazy_Retail.create_order" name="verifyProductPriceDisplayed" time="0.388"/>
  <testcase classname="Eazy_Retail.create_order" name="verifyProductPriceCorrect" time="0.416"/>
  <testcase classname="Eazy_Retail.create_order" name="verifyQuantityInput" time="1.142"/>
  <testcase classname="Eazy_Retail.create_order" name="verifyCartIconClickable" time="0.237"/>
  <testcase classname="Eazy_Retail.create_order" name="verifyUnitSwitchPCToKG" time="0.489">
    <failure type="java.lang.AssertionError" message="Failed to switch to KG expected [true] but found [false]">
      <![CDATA[java.lang.AssertionError: Failed to switch to KG expected [true] but found [false]
at Eazy_Retail.create_order.verifyUnitSwitchPCToKG(create_order.java:144)
at java.base/java.util.ArrayList.forEach(ArrayList.java:1511)
... Removed 30 stack frames]]>
    </failure>
  </testcase> <!-- verifyUnitSwitchPCToKG -->
  <testcase classname="Eazy_Retail.create_order" name="verifyProductDetailsIcon" time="1.117">
    <failure type="java.lang.AssertionError" message="Info icon not visible expected [true] but found [false]">
      <![CDATA[java.lang.AssertionError: Info icon not visible expected [true] but found [false]
at Eazy_Retail.create_order.verifyProductDetailsIcon(create_order.java:152)
at java.base/java.util.ArrayList.forEach(ArrayList.java:1511)
... Removed 30 stack frames]]>
    </failure>
  </testcase> <!-- verifyProductDetailsIcon -->
  <testcase classname="Eazy_Retail.create_order" name="verifyScrollProductList" time="13.463">
    <failure type="org.openqa.selenium.NoSuchElementException" message="An element could not be located on the page using the given search parameters.
For documentation on this error, please visit: https://www.selenium.dev/documentation/webdriver/troubleshooting/errors#no-such-element-exception
Build info: version: &amp;apos;4.34.0&amp;apos;, revision: &amp;apos;707dcb4246*&amp;apos;
System info: os.name: &amp;apos;Windows 10&amp;apos;, os.arch: &amp;apos;amd64&amp;apos;, os.version: &amp;apos;10.0&amp;apos;, java.version: &amp;apos;17.0.10&amp;apos;
Driver info: io.appium.java_client.android.AndroidDriver
Command: [a3c7b933-88ed-4d09-a6c8-b9e33d941ec0, findElement {value=new UiScrollable(new UiSelector().scrollable(true)).scrollIntoView(new UiSelector().textContains(&amp;quot;Pedastal Set&amp;quot;)), using=-android uiautomator}]
Capabilities {appium:appActivity: in.retaileazy.MainActivity, appium:appPackage: in.retaileazy, appium:automationName: UIAutomator2, appium:databaseEnabled: false, appium:desired: {appActivity: in.retaileazy.MainActivity, appPackage: in.retaileazy, automationName: UIAutomator2, deviceName: Redmi 12, newCommandTimeout: 600, platformName: ANDROID}, appium:deviceApiLevel: 35, appium:deviceManufacturer: Xiaomi, appium:deviceModel: 23053RN02I, appium:deviceName: adb-f3ce03607d6a-afq3Vg._ad..., appium:deviceScreenDensity: 440, appium:deviceScreenSize: 1080x2460, appium:deviceUDID: adb-f3ce03607d6a-afq3Vg._ad..., appium:javascriptEnabled: true, appium:locationContextEnabled: false, appium:networkConnectionEnabled: true, appium:newCommandTimeout: 600, appium:pixelRatio: 2.75, appium:platformVersion: 15, appium:statBarHeight: 104, appium:takesScreenshot: true, appium:viewportRect: {height: 2356, left: 0, top: 104, width: 1080}, appium:warnings: {}, appium:webStorageEnabled: false, platformName: ANDROID}
Session ID: a3c7b933-88ed-4d09-a6c8-b9e33d941ec0">
      <![CDATA[org.openqa.selenium.NoSuchElementException: An element could not be located on the page using the given search parameters.
For documentation on this error, please visit: https://www.selenium.dev/documentation/webdriver/troubleshooting/errors#no-such-element-exception
Build info: version: '4.34.0', revision: '707dcb4246*'
System info: os.name: 'Windows 10', os.arch: 'amd64', os.version: '10.0', java.version: '17.0.10'
Driver info: io.appium.java_client.android.AndroidDriver
Command: [a3c7b933-88ed-4d09-a6c8-b9e33d941ec0, findElement {value=new UiScrollable(new UiSelector().scrollable(true)).scrollIntoView(new UiSelector().textContains("Pedastal Set")), using=-android uiautomator}]
Capabilities {appium:appActivity: in.retaileazy.MainActivity, appium:appPackage: in.retaileazy, appium:automationName: UIAutomator2, appium:databaseEnabled: false, appium:desired: {appActivity: in.retaileazy.MainActivity, appPackage: in.retaileazy, automationName: UIAutomator2, deviceName: Redmi 12, newCommandTimeout: 600, platformName: ANDROID}, appium:deviceApiLevel: 35, appium:deviceManufacturer: Xiaomi, appium:deviceModel: 23053RN02I, appium:deviceName: adb-f3ce03607d6a-afq3Vg._ad..., appium:deviceScreenDensity: 440, appium:deviceScreenSize: 1080x2460, appium:deviceUDID: adb-f3ce03607d6a-afq3Vg._ad..., appium:javascriptEnabled: true, appium:locationContextEnabled: false, appium:networkConnectionEnabled: true, appium:newCommandTimeout: 600, appium:pixelRatio: 2.75, appium:platformVersion: 15, appium:statBarHeight: 104, appium:takesScreenshot: true, appium:viewportRect: {height: 2356, left: 0, top: 104, width: 1080}, appium:warnings: {}, appium:webStorageEnabled: false, platformName: ANDROID}
Session ID: a3c7b933-88ed-4d09-a6c8-b9e33d941ec0
at org.openqa.selenium.remote.ErrorCodec.decode(ErrorCodec.java:167)
at org.openqa.selenium.remote.codec.w3c.W3CHttpResponseCodec.decode(W3CHttpResponseCodec.java:138)
at org.openqa.selenium.remote.codec.w3c.W3CHttpResponseCodec.decode(W3CHttpResponseCodec.java:50)
at org.openqa.selenium.remote.HttpCommandExecutor.execute(HttpCommandExecutor.java:215)
at io.appium.java_client.remote.AppiumCommandExecutor.execute(AppiumCommandExecutor.java:244)
at org.openqa.selenium.remote.RemoteWebDriver.execute(RemoteWebDriver.java:544)
at org.openqa.selenium.remote.ElementLocation$ElementFinder$2.findElement(ElementLocation.java:165)
at org.openqa.selenium.remote.ElementLocation.findElement(ElementLocation.java:59)
at org.openqa.selenium.remote.RemoteWebDriver.findElement(RemoteWebDriver.java:367)
at org.openqa.selenium.remote.RemoteWebDriver.findElement(RemoteWebDriver.java:361)
at Eazy_Retail.create_order.verifyScrollProductList(create_order.java:197)
at java.base/java.util.ArrayList.forEach(ArrayList.java:1511)
... Removed 31 stack frames]]>
    </failure>
  </testcase> <!-- verifyScrollProductList -->
  <testcase classname="Eazy_Retail.create_order" name="searchInvalidProduct" time="2.639"/>
  <testcase classname="Eazy_Retail.create_order" name="enterInvalidQuantity" time="2.187">
    <failure type="java.lang.AssertionError" message="Negative qty should not be allowed did not expect [-5] but found [-5]">
      <![CDATA[java.lang.AssertionError: Negative qty should not be allowed did not expect [-5] but found [-5]
at Eazy_Retail.create_order.enterInvalidQuantity(create_order.java:218)
at java.base/java.util.ArrayList.forEach(ArrayList.java:1511)
... Removed 31 stack frames]]>
    </failure>
  </testcase> <!-- enterInvalidQuantity -->
  <testcase classname="Eazy_Retail.create_order" name="enterSpecialCharsInQuantity" time="2.192">
    <failure type="java.lang.AssertionError" message="Special chars should not be accepted did not expect [@@@] but found [@@@]">
      <![CDATA[java.lang.AssertionError: Special chars should not be accepted did not expect [@@@] but found [@@@]
at Eazy_Retail.create_order.enterSpecialCharsInQuantity(create_order.java:226)
at java.base/java.util.ArrayList.forEach(ArrayList.java:1511)
... Removed 31 stack frames]]>
    </failure>
  </testcase> <!-- enterSpecialCharsInQuantity -->
  <testcase classname="Eazy_Retail.create_order" name="emptySearchField" time="1.118">
    <failure type="java.lang.AssertionError" message="Search bar should be empty expected [] but found [Search]">
      <![CDATA[java.lang.AssertionError: Search bar should be empty expected [] but found [Search]
at Eazy_Retail.create_order.emptySearchField(create_order.java:233)
at java.base/java.util.ArrayList.forEach(ArrayList.java:1511)
... Removed 32 stack frames]]>
    </failure>
  </testcase> <!-- emptySearchField -->
  <testcase classname="Eazy_Retail.create_order" name="verifyNoProductsWhenFilterMismatch" time="1.359"/>
  <testcase classname="Eazy_Retail.create_order" name="verifyCartWithoutSelection" time="306.092">
    <failure type="org.openqa.selenium.TimeoutException" message="Expected condition failed: waiting for visibility of element located by AppiumBy.androidUIAutomator: new UiSelector().textContains(&amp;quot;Please select product&amp;quot;) (tried for 300 second(s) with 500 milliseconds interval)
Build info: version: &amp;apos;4.34.0&amp;apos;, revision: &amp;apos;707dcb4246*&amp;apos;
System info: os.name: &amp;apos;Windows 10&amp;apos;, os.arch: &amp;apos;amd64&amp;apos;, os.version: &amp;apos;10.0&amp;apos;, java.version: &amp;apos;17.0.10&amp;apos;
Driver info: io.appium.java_client.android.AndroidDriver
Capabilities {appium:appActivity: in.retaileazy.MainActivity, appium:appPackage: in.retaileazy, appium:automationName: UIAutomator2, appium:databaseEnabled: false, appium:desired: {appActivity: in.retaileazy.MainActivity, appPackage: in.retaileazy, automationName: UIAutomator2, deviceName: Redmi 12, newCommandTimeout: 600, platformName: ANDROID}, appium:deviceApiLevel: 35, appium:deviceManufacturer: Xiaomi, appium:deviceModel: 23053RN02I, appium:deviceName: adb-f3ce03607d6a-afq3Vg._ad..., appium:deviceScreenDensity: 440, appium:deviceScreenSize: 1080x2460, appium:deviceUDID: adb-f3ce03607d6a-afq3Vg._ad..., appium:javascriptEnabled: true, appium:locationContextEnabled: false, appium:networkConnectionEnabled: true, appium:newCommandTimeout: 600, appium:pixelRatio: 2.75, appium:platformVersion: 15, appium:statBarHeight: 104, appium:takesScreenshot: true, appium:viewportRect: {height: 2356, left: 0, top: 104, width: 1080}, appium:warnings: {}, appium:webStorageEnabled: false, platformName: ANDROID}
Session ID: a3c7b933-88ed-4d09-a6c8-b9e33d941ec0">
      <![CDATA[org.openqa.selenium.TimeoutException: Expected condition failed: waiting for visibility of element located by AppiumBy.androidUIAutomator: new UiSelector().textContains("Please select product") (tried for 300 second(s) with 500 milliseconds interval)
Build info: version: '4.34.0', revision: '707dcb4246*'
System info: os.name: 'Windows 10', os.arch: 'amd64', os.version: '10.0', java.version: '17.0.10'
Driver info: io.appium.java_client.android.AndroidDriver
Capabilities {appium:appActivity: in.retaileazy.MainActivity, appium:appPackage: in.retaileazy, appium:automationName: UIAutomator2, appium:databaseEnabled: false, appium:desired: {appActivity: in.retaileazy.MainActivity, appPackage: in.retaileazy, automationName: UIAutomator2, deviceName: Redmi 12, newCommandTimeout: 600, platformName: ANDROID}, appium:deviceApiLevel: 35, appium:deviceManufacturer: Xiaomi, appium:deviceModel: 23053RN02I, appium:deviceName: adb-f3ce03607d6a-afq3Vg._ad..., appium:deviceScreenDensity: 440, appium:deviceScreenSize: 1080x2460, appium:deviceUDID: adb-f3ce03607d6a-afq3Vg._ad..., appium:javascriptEnabled: true, appium:locationContextEnabled: false, appium:networkConnectionEnabled: true, appium:newCommandTimeout: 600, appium:pixelRatio: 2.75, appium:platformVersion: 15, appium:statBarHeight: 104, appium:takesScreenshot: true, appium:viewportRect: {height: 2356, left: 0, top: 104, width: 1080}, appium:warnings: {}, appium:webStorageEnabled: false, platformName: ANDROID}
Session ID: a3c7b933-88ed-4d09-a6c8-b9e33d941ec0
at org.openqa.selenium.support.ui.WebDriverWait.timeoutException(WebDriverWait.java:84)
at org.openqa.selenium.support.ui.FluentWait.until(FluentWait.java:228)
at utils.WaitUtils.waitForElementVisible(WaitUtils.java:26)
at Eazy_Retail.create_order.verifyCartWithoutSelection(create_order.java:251)
at java.base/java.util.ArrayList.forEach(ArrayList.java:1511)
... Removed 27 stack frames]]>
    </failure>
  </testcase> <!-- verifyCartWithoutSelection -->
</testsuite> <!-- Eazy_Retail_Tests -->
