<?xml version="1.0" encoding="UTF-8"?>
<!-- Generated by org.testng.reporters.JUnitXMLReporter -->
<testsuite ignored="0" hostname="Rahul-PC" failures="4" tests="4" name="LoginTests" time="321.293" errors="0" timestamp="2025-09-07T14:19:22 IST">
  <testcase classname="Eazy_Retail.login" name="blankMobileTest" time="10.538">
    <failure type="java.lang.AssertionError" message="Expected blank mobile number toast. expected [Please enter Mobile no.] but found [null]">
      <![CDATA[java.lang.AssertionError: Expected blank mobile number toast. expected [Please enter Mobile no.] but found [null]
at Eazy_Retail.login.blankMobileTest(login.java:101)
at java.base/java.util.ArrayList.forEach(ArrayList.java:1511)
... Removed 32 stack frames]]>
    </failure>
  </testcase> <!-- blankMobileTest -->
  <testcase classname="Eazy_Retail.login" name="blankPasswordTest" time="30.222">
    <failure type="org.openqa.selenium.TimeoutException" message="Expected condition failed: waiting for visibility of element located by AppiumBy.androidUIAutomator: new UiSelector().resourceId(&amp;quot;text-input-flat&amp;quot;).instance(0) (tried for 30 second(s) with 500 milliseconds interval)
Build info: version: &amp;apos;4.34.0&amp;apos;, revision: &amp;apos;707dcb4246*&amp;apos;
System info: os.name: &amp;apos;Windows 10&amp;apos;, os.arch: &amp;apos;amd64&amp;apos;, os.version: &amp;apos;10.0&amp;apos;, java.version: &amp;apos;17.0.10&amp;apos;
Driver info: io.appium.java_client.android.AndroidDriver
Capabilities {appium:appActivity: in.retaileazy.MainActivity, appium:appPackage: in.retaileazy, appium:automationName: UIAutomator2, appium:databaseEnabled: false, appium:desired: {appActivity: in.retaileazy.MainActivity, appPackage: in.retaileazy, automationName: UIAutomator2, deviceName: Redmi 12, newCommandTimeout: 600, platformName: ANDROID}, appium:deviceApiLevel: 35, appium:deviceManufacturer: Xiaomi, appium:deviceModel: 23053RN02I, appium:deviceName: adb-f3ce03607d6a-afq3Vg._ad..., appium:deviceScreenDensity: 440, appium:deviceScreenSize: 1080x2460, appium:deviceUDID: adb-f3ce03607d6a-afq3Vg._ad..., appium:javascriptEnabled: true, appium:locationContextEnabled: false, appium:networkConnectionEnabled: true, appium:newCommandTimeout: 600, appium:pixelRatio: 2.75, appium:platformVersion: 15, appium:statBarHeight: 104, appium:takesScreenshot: true, appium:viewportRect: {height: 2356, left: 0, top: 104, width: 1080}, appium:warnings: {}, appium:webStorageEnabled: false, platformName: ANDROID}
Session ID: aaff0d6f-a58a-45b8-af7d-736535ebca22">
      <![CDATA[org.openqa.selenium.TimeoutException: Expected condition failed: waiting for visibility of element located by AppiumBy.androidUIAutomator: new UiSelector().resourceId("text-input-flat").instance(0) (tried for 30 second(s) with 500 milliseconds interval)
Build info: version: '4.34.0', revision: '707dcb4246*'
System info: os.name: 'Windows 10', os.arch: 'amd64', os.version: '10.0', java.version: '17.0.10'
Driver info: io.appium.java_client.android.AndroidDriver
Capabilities {appium:appActivity: in.retaileazy.MainActivity, appium:appPackage: in.retaileazy, appium:automationName: UIAutomator2, appium:databaseEnabled: false, appium:desired: {appActivity: in.retaileazy.MainActivity, appPackage: in.retaileazy, automationName: UIAutomator2, deviceName: Redmi 12, newCommandTimeout: 600, platformName: ANDROID}, appium:deviceApiLevel: 35, appium:deviceManufacturer: Xiaomi, appium:deviceModel: 23053RN02I, appium:deviceName: adb-f3ce03607d6a-afq3Vg._ad..., appium:deviceScreenDensity: 440, appium:deviceScreenSize: 1080x2460, appium:deviceUDID: adb-f3ce03607d6a-afq3Vg._ad..., appium:javascriptEnabled: true, appium:locationContextEnabled: false, appium:networkConnectionEnabled: true, appium:newCommandTimeout: 600, appium:pixelRatio: 2.75, appium:platformVersion: 15, appium:statBarHeight: 104, appium:takesScreenshot: true, appium:viewportRect: {height: 2356, left: 0, top: 104, width: 1080}, appium:warnings: {}, appium:webStorageEnabled: false, platformName: ANDROID}
Session ID: aaff0d6f-a58a-45b8-af7d-736535ebca22
at org.openqa.selenium.support.ui.WebDriverWait.timeoutException(WebDriverWait.java:84)
at org.openqa.selenium.support.ui.FluentWait.until(FluentWait.java:228)
at utils.WaitUtils.waitForElementVisible(WaitUtils.java:26)
at Eazy_Retail.login.enterLoginDetails(login.java:50)
at Eazy_Retail.login.blankPasswordTest(login.java:90)
at java.base/java.util.ArrayList.forEach(ArrayList.java:1511)
... Removed 27 stack frames]]>
    </failure>
  </testcase> <!-- blankPasswordTest -->
  <testcase classname="Eazy_Retail.login" name="invalidCredentialsTest" time="30.071">
    <failure type="org.openqa.selenium.TimeoutException" message="Expected condition failed: waiting for visibility of element located by AppiumBy.androidUIAutomator: new UiSelector().resourceId(&amp;quot;text-input-flat&amp;quot;).instance(0) (tried for 30 second(s) with 500 milliseconds interval)
Build info: version: &amp;apos;4.34.0&amp;apos;, revision: &amp;apos;707dcb4246*&amp;apos;
System info: os.name: &amp;apos;Windows 10&amp;apos;, os.arch: &amp;apos;amd64&amp;apos;, os.version: &amp;apos;10.0&amp;apos;, java.version: &amp;apos;17.0.10&amp;apos;
Driver info: io.appium.java_client.android.AndroidDriver
Capabilities {appium:appActivity: in.retaileazy.MainActivity, appium:appPackage: in.retaileazy, appium:automationName: UIAutomator2, appium:databaseEnabled: false, appium:desired: {appActivity: in.retaileazy.MainActivity, appPackage: in.retaileazy, automationName: UIAutomator2, deviceName: Redmi 12, newCommandTimeout: 600, platformName: ANDROID}, appium:deviceApiLevel: 35, appium:deviceManufacturer: Xiaomi, appium:deviceModel: 23053RN02I, appium:deviceName: adb-f3ce03607d6a-afq3Vg._ad..., appium:deviceScreenDensity: 440, appium:deviceScreenSize: 1080x2460, appium:deviceUDID: adb-f3ce03607d6a-afq3Vg._ad..., appium:javascriptEnabled: true, appium:locationContextEnabled: false, appium:networkConnectionEnabled: true, appium:newCommandTimeout: 600, appium:pixelRatio: 2.75, appium:platformVersion: 15, appium:statBarHeight: 104, appium:takesScreenshot: true, appium:viewportRect: {height: 2356, left: 0, top: 104, width: 1080}, appium:warnings: {}, appium:webStorageEnabled: false, platformName: ANDROID}
Session ID: aaff0d6f-a58a-45b8-af7d-736535ebca22">
      <![CDATA[org.openqa.selenium.TimeoutException: Expected condition failed: waiting for visibility of element located by AppiumBy.androidUIAutomator: new UiSelector().resourceId("text-input-flat").instance(0) (tried for 30 second(s) with 500 milliseconds interval)
Build info: version: '4.34.0', revision: '707dcb4246*'
System info: os.name: 'Windows 10', os.arch: 'amd64', os.version: '10.0', java.version: '17.0.10'
Driver info: io.appium.java_client.android.AndroidDriver
Capabilities {appium:appActivity: in.retaileazy.MainActivity, appium:appPackage: in.retaileazy, appium:automationName: UIAutomator2, appium:databaseEnabled: false, appium:desired: {appActivity: in.retaileazy.MainActivity, appPackage: in.retaileazy, automationName: UIAutomator2, deviceName: Redmi 12, newCommandTimeout: 600, platformName: ANDROID}, appium:deviceApiLevel: 35, appium:deviceManufacturer: Xiaomi, appium:deviceModel: 23053RN02I, appium:deviceName: adb-f3ce03607d6a-afq3Vg._ad..., appium:deviceScreenDensity: 440, appium:deviceScreenSize: 1080x2460, appium:deviceUDID: adb-f3ce03607d6a-afq3Vg._ad..., appium:javascriptEnabled: true, appium:locationContextEnabled: false, appium:networkConnectionEnabled: true, appium:newCommandTimeout: 600, appium:pixelRatio: 2.75, appium:platformVersion: 15, appium:statBarHeight: 104, appium:takesScreenshot: true, appium:viewportRect: {height: 2356, left: 0, top: 104, width: 1080}, appium:warnings: {}, appium:webStorageEnabled: false, platformName: ANDROID}
Session ID: aaff0d6f-a58a-45b8-af7d-736535ebca22
at org.openqa.selenium.support.ui.WebDriverWait.timeoutException(WebDriverWait.java:84)
at org.openqa.selenium.support.ui.FluentWait.until(FluentWait.java:228)
at utils.WaitUtils.waitForElementVisible(WaitUtils.java:26)
at Eazy_Retail.login.enterLoginDetails(login.java:50)
at Eazy_Retail.login.invalidCredentialsTest(login.java:81)
at java.base/java.util.ArrayList.forEach(ArrayList.java:1511)
... Removed 27 stack frames]]>
    </failure>
  </testcase> <!-- invalidCredentialsTest -->
  <testcase classname="Eazy_Retail.login" name="successfulLoginTest" time="30.473">
    <failure type="org.openqa.selenium.TimeoutException" message="Expected condition failed: waiting for visibility of element located by AppiumBy.androidUIAutomator: new UiSelector().resourceId(&amp;quot;text-input-flat&amp;quot;).instance(0) (tried for 30 second(s) with 500 milliseconds interval)
Build info: version: &amp;apos;4.34.0&amp;apos;, revision: &amp;apos;707dcb4246*&amp;apos;
System info: os.name: &amp;apos;Windows 10&amp;apos;, os.arch: &amp;apos;amd64&amp;apos;, os.version: &amp;apos;10.0&amp;apos;, java.version: &amp;apos;17.0.10&amp;apos;
Driver info: io.appium.java_client.android.AndroidDriver
Capabilities {appium:appActivity: in.retaileazy.MainActivity, appium:appPackage: in.retaileazy, appium:automationName: UIAutomator2, appium:databaseEnabled: false, appium:desired: {appActivity: in.retaileazy.MainActivity, appPackage: in.retaileazy, automationName: UIAutomator2, deviceName: Redmi 12, newCommandTimeout: 600, platformName: ANDROID}, appium:deviceApiLevel: 35, appium:deviceManufacturer: Xiaomi, appium:deviceModel: 23053RN02I, appium:deviceName: adb-f3ce03607d6a-afq3Vg._ad..., appium:deviceScreenDensity: 440, appium:deviceScreenSize: 1080x2460, appium:deviceUDID: adb-f3ce03607d6a-afq3Vg._ad..., appium:javascriptEnabled: true, appium:locationContextEnabled: false, appium:networkConnectionEnabled: true, appium:newCommandTimeout: 600, appium:pixelRatio: 2.75, appium:platformVersion: 15, appium:statBarHeight: 104, appium:takesScreenshot: true, appium:viewportRect: {height: 2356, left: 0, top: 104, width: 1080}, appium:warnings: {}, appium:webStorageEnabled: false, platformName: ANDROID}
Session ID: aaff0d6f-a58a-45b8-af7d-736535ebca22">
      <![CDATA[org.openqa.selenium.TimeoutException: Expected condition failed: waiting for visibility of element located by AppiumBy.androidUIAutomator: new UiSelector().resourceId("text-input-flat").instance(0) (tried for 30 second(s) with 500 milliseconds interval)
Build info: version: '4.34.0', revision: '707dcb4246*'
System info: os.name: 'Windows 10', os.arch: 'amd64', os.version: '10.0', java.version: '17.0.10'
Driver info: io.appium.java_client.android.AndroidDriver
Capabilities {appium:appActivity: in.retaileazy.MainActivity, appium:appPackage: in.retaileazy, appium:automationName: UIAutomator2, appium:databaseEnabled: false, appium:desired: {appActivity: in.retaileazy.MainActivity, appPackage: in.retaileazy, automationName: UIAutomator2, deviceName: Redmi 12, newCommandTimeout: 600, platformName: ANDROID}, appium:deviceApiLevel: 35, appium:deviceManufacturer: Xiaomi, appium:deviceModel: 23053RN02I, appium:deviceName: adb-f3ce03607d6a-afq3Vg._ad..., appium:deviceScreenDensity: 440, appium:deviceScreenSize: 1080x2460, appium:deviceUDID: adb-f3ce03607d6a-afq3Vg._ad..., appium:javascriptEnabled: true, appium:locationContextEnabled: false, appium:networkConnectionEnabled: true, appium:newCommandTimeout: 600, appium:pixelRatio: 2.75, appium:platformVersion: 15, appium:statBarHeight: 104, appium:takesScreenshot: true, appium:viewportRect: {height: 2356, left: 0, top: 104, width: 1080}, appium:warnings: {}, appium:webStorageEnabled: false, platformName: ANDROID}
Session ID: aaff0d6f-a58a-45b8-af7d-736535ebca22
at org.openqa.selenium.support.ui.WebDriverWait.timeoutException(WebDriverWait.java:84)
at org.openqa.selenium.support.ui.FluentWait.until(FluentWait.java:228)
at utils.WaitUtils.waitForElementVisible(WaitUtils.java:26)
at Eazy_Retail.login.enterLoginDetails(login.java:50)
at Eazy_Retail.login.successfulLoginTest(login.java:108)
at java.base/java.util.ArrayList.forEach(ArrayList.java:1511)
... Removed 27 stack frames]]>
    </failure>
  </testcase> <!-- successfulLoginTest -->
</testsuite> <!-- LoginTests -->
