<?xml version="1.0" encoding="UTF-8"?>
<!-- Generated by org.testng.reporters.JUnitXMLReporter -->
<testsuite ignored="0" hostname="Rahul-PC" failures="0" tests="20" name="OrderTests" time="313.27" errors="0" timestamp="2025-09-07T14:24:35 IST">
  <testcase classname="Eazy_Retail.create_order" name="verifyStockItemPageLoaded" time="0.0">
    <skipped/>
  </testcase> <!-- verifyStockItemPageLoaded -->
  <testcase classname="Eazy_Retail.create_order" name="verifySearchBarVisible" time="0.0">
    <skipped/>
  </testcase> <!-- verifySearchBarVisible -->
  <testcase classname="Eazy_Retail.create_order" name="searchValidProduct" time="0.0">
    <skipped/>
  </testcase> <!-- searchValidProduct -->
  <testcase classname="Eazy_Retail.create_order" name="verifyAllFilterButton" time="0.0">
    <skipped/>
  </testcase> <!-- verifyAllFilterButton -->
  <testcase classname="Eazy_Retail.create_order" name="verifyProductGroupFilter" time="0.0">
    <skipped/>
  </testcase> <!-- verifyProductGroupFilter -->
  <testcase classname="Eazy_Retail.create_order" name="verifyFinishedGoodFilter" time="0.0">
    <skipped/>
  </testcase> <!-- verifyFinishedGoodFilter -->
  <testcase classname="Eazy_Retail.create_order" name="verifyProductListVisible" time="0.0">
    <skipped/>
  </testcase> <!-- verifyProductListVisible -->
  <testcase classname="Eazy_Retail.create_order" name="verifyProductPriceDisplayed" time="0.0">
    <skipped/>
  </testcase> <!-- verifyProductPriceDisplayed -->
  <testcase classname="Eazy_Retail.create_order" name="verifyProductPriceCorrect" time="0.0">
    <skipped/>
  </testcase> <!-- verifyProductPriceCorrect -->
  <testcase classname="Eazy_Retail.create_order" name="verifyQuantityInput" time="0.0">
    <skipped/>
  </testcase> <!-- verifyQuantityInput -->
  <testcase classname="Eazy_Retail.create_order" name="verifyCartIconClickable" time="0.0">
    <skipped/>
  </testcase> <!-- verifyCartIconClickable -->
  <testcase classname="Eazy_Retail.create_order" name="verifyUnitSwitchPCToKG" time="0.001">
    <skipped/>
  </testcase> <!-- verifyUnitSwitchPCToKG -->
  <testcase classname="Eazy_Retail.create_order" name="verifyProductDetailsIcon" time="0.0">
    <skipped/>
  </testcase> <!-- verifyProductDetailsIcon -->
  <testcase classname="Eazy_Retail.create_order" name="verifyScrollProductList" time="0.0">
    <skipped/>
  </testcase> <!-- verifyScrollProductList -->
  <testcase classname="Eazy_Retail.create_order" name="searchInvalidProduct" time="0.0">
    <skipped/>
  </testcase> <!-- searchInvalidProduct -->
  <testcase classname="Eazy_Retail.create_order" name="enterInvalidQuantity" time="0.0">
    <skipped/>
  </testcase> <!-- enterInvalidQuantity -->
  <testcase classname="Eazy_Retail.create_order" name="enterSpecialCharsInQuantity" time="0.0">
    <skipped/>
  </testcase> <!-- enterSpecialCharsInQuantity -->
  <testcase classname="Eazy_Retail.create_order" name="emptySearchField" time="0.0">
    <skipped/>
  </testcase> <!-- emptySearchField -->
  <testcase classname="Eazy_Retail.create_order" name="verifyNoProductsWhenFilterMismatch" time="0.0">
    <skipped/>
  </testcase> <!-- verifyNoProductsWhenFilterMismatch -->
  <testcase classname="Eazy_Retail.create_order" name="verifyCartWithoutSelection" time="0.0">
    <skipped/>
  </testcase> <!-- verifyCartWithoutSelection -->
</testsuite> <!-- OrderTests -->
