<?xml version="1.0" encoding="UTF-8"?>
<!-- Generated by org.testng.reporters.JUnitXMLReporter -->
<testsuite ignored="0" hostname="Rahul-PC" failures="2" tests="39" name="Retail_Tests" time="185.134" errors="0" timestamp="2025-09-22T10:06:41 IST">
  <testcase classname="Eazy_Retail.KYC" name="testValidKYCUpdate" time="13.374"/>
  <testcase classname="Eazy_Retail.KYC" name="testInvalidGSTIN" time="2.713">
    <failure type="java.lang.AssertionError" message="GSTIN accepted more than 15 chars! expected [15] but found [16]">
      <![CDATA[java.lang.AssertionError: GSTIN accepted more than 15 chars! expected [15] but found [16]
at Eazy_Retail.KYC.testInvalidGSTIN(KYC.java:105)
at java.base/java.util.ArrayList.forEach(ArrayList.java:1511)
... Removed 33 stack frames]]>
    </failure>
  </testcase> <!-- testInvalidGSTIN -->
  <testcase classname="Eazy_Retail.KYC" name="testInvalidPAN" time="2.352"/>
  <testcase classname="Eazy_Retail.KYC" name="testInvalidLicenceValidation" time="2.332"/>
  <testcase classname="Eazy_Retail.KYC" name="testInvalidAadhaar" time="2.241">
    <failure type="java.lang.AssertionError" message="Aadhaar accepted more than 12 digits! expected [12] but found [14]">
      <![CDATA[java.lang.AssertionError: Aadhaar accepted more than 12 digits! expected [12] but found [14]
at Eazy_Retail.KYC.testInvalidAadhaar(KYC.java:132)
at java.base/java.util.ArrayList.forEach(ArrayList.java:1511)
... Removed 33 stack frames]]>
    </failure>
  </testcase> <!-- testInvalidAadhaar -->
  <testcase classname="Eazy_Retail.KYC" name="testInvalidVoterId" time="2.496"/>
  <testcase classname="Eazy_Retail.KYC" name="testInvalidPhone" time="2.421"/>
  <testcase classname="Eazy_Retail.KYC" name="testInvalidUPI" time="2.734"/>
  <testcase classname="Eazy_Retail.KYC" name="testBlankGSTIN" time="3.805"/>
  <testcase classname="Eazy_Retail.KYC" name="testBlankPAN" time="5.169"/>
  <testcase classname="Eazy_Retail.KYC" name="testBlankDL" time="5.376"/>
  <testcase classname="Eazy_Retail.KYC" name="testBlankAADHAR" time="5.215"/>
  <testcase classname="Eazy_Retail.KYC" name="testBlankVoterID" time="5.509"/>
  <testcase classname="Eazy_Retail.KYC" name="testBlankPhone" time="4.812"/>
  <testcase classname="Eazy_Retail.KYC" name="tesBlankUPI" time="4.381"/>
  <testcase classname="Eazy_Retail.KYC" name="testAllFieldsEmpty" time="7.666"/>
  <testcase classname="Eazy_Retail.create_order" name="verifyStockItemPageLoaded" time="2.316"/>
  <testcase classname="Eazy_Retail.create_order" name="verifySearchBarVisible" time="0.278"/>
  <testcase classname="Eazy_Retail.create_order" name="searchInvalidProduct" time="2.515"/>
  <testcase classname="Eazy_Retail.create_order" name="searchValidProduct" time="2.144"/>
  <testcase classname="Eazy_Retail.create_order" name="verifyAllFilterButton_ProductListVisible" time="4.755"/>
  <testcase classname="Eazy_Retail.create_order" name="verifyProductGroup5Filter_ProductListVisible" time="7.513"/>
  <testcase classname="Eazy_Retail.create_order" name="verifyFinishedGoodFilter_ProductListVisible" time="6.192"/>
  <testcase classname="Eazy_Retail.create_order" name="verifyNoProductsWhenFilterMismatch" time="1.605"/>
  <testcase classname="Eazy_Retail.create_order" name="verifyProductPriceDisplayed" time="1.473"/>
  <testcase classname="Eazy_Retail.create_order" name="verifyProductPriceCorrect" time="0.384"/>
  <testcase classname="Eazy_Retail.create_order" name="verifyUnitSwitchPCToKG_BeforeQtyEnter" time="1.708"/>
  <testcase classname="Eazy_Retail.create_order" name="verifyCartWithoutSelection" time="2.978"/>
  <testcase classname="Eazy_Retail.create_order" name="enterInvalidQuantity" time="1.593"/>
  <testcase classname="Eazy_Retail.create_order" name="enterSpecialCharsInQuantity" time="2.488"/>
  <testcase classname="Eazy_Retail.create_order" name="verifyQuantityInput" time="2.198"/>
  <testcase classname="Eazy_Retail.create_order" name="verifyUnitSwitchPCToKG_AfterQtyEnter" time="2.104"/>
  <testcase classname="Eazy_Retail.create_order" name="verifyProductDetailsIcon" time="5.731"/>
  <testcase classname="Eazy_Retail.create_order" name="verifyCartIconClickable" time="3.959"/>
  <testcase classname="Eazy_Retail.create_order" name="verifyCartdetailsqtyeditable" time="1.541"/>
  <testcase classname="Eazy_Retail.create_order" name="verifyCartdetailsremark" time="4.033"/>
  <testcase classname="Eazy_Retail.create_order" name="verifyNewCartAddition" time="4.588"/>
  <testcase classname="Eazy_Retail.create_order" name="VerifyCancelOrderButton" time="2.175"/>
  <testcase classname="Eazy_Retail.create_order" name="VerifySubmitOrderButton" time="1.682"/>
</testsuite> <!-- Retail_Tests -->
