<?xml version="1.0" encoding="UTF-8"?>
<!-- Generated by org.testng.reporters.JUnitXMLReporter -->
<testsuite ignored="0" hostname="EBS-LP-288" failures="0" tests="31" name="Default test" time="286.718" errors="0" timestamp="2026-04-15T17:03:43 IST">
  <testcase classname="Prince_Pipes.LoginTest" name="verifyOnboardingScreen" time="15.167"/>
  <testcase classname="Prince_Pipes.LoginTest" name="clickNextButton" time="0.245"/>
  <testcase classname="Prince_Pipes.LoginTest" name="verifySecondaryScreen" time="1.271"/>
  <testcase classname="Prince_Pipes.LoginTest" name="clickNextButton2" time="1.315"/>
  <testcase classname="Prince_Pipes.LoginTest" name="verifyThirdScreen" time="1.216"/>
  <testcase classname="Prince_Pipes.LoginTest" name="clickNextButton3" time="0.335"/>
  <testcase classname="Prince_Pipes.LoginTest" name="verifyFourthScreen" time="1.24"/>
  <testcase classname="Prince_Pipes.LoginTest" name="clickNextButton4" time="0.312"/>
  <testcase classname="Prince_Pipes.LoginTest" name="verifyLoginScreen" time="1.279"/>
  <testcase classname="Prince_Pipes.LoginTest" name="enterPhoneNumber" time="2.208"/>
  <testcase classname="Prince_Pipes.LoginTest" name="validateUserNotAvailablePopup" time="9.018"/>
  <testcase classname="Prince_Pipes.LoginTest" name="validatePleaseenter10digitnoPopup" time="3.043"/>
  <testcase classname="Prince_Pipes.LoginTest" name="validatemorethan10digitno" time="1.331"/>
  <testcase classname="Prince_Pipes.LoginTest" name="validatealphabeticcharacteracceptance" time="1.805"/>
  <testcase classname="Prince_Pipes.LoginTest" name="validatecorrectuserisloggedinsuccessfully" time="2.135"/>
  <testcase classname="Prince_Pipes.LoginTest" name="validatemissingOTP" time="12.948"/>
  <testcase classname="Prince_Pipes.LoginTest" name="validateincorrectOTP" time="12.354"/>
  <testcase classname="Prince_Pipes.LoginTest" name="validateResendAndSubmitFlow" time="26.219"/>
  <testcase classname="Prince_Pipes.LoginTest" name="hamburgermenu" time="140.41"/>
  <testcase classname="Prince_Pipes.LoginTest" name="verifydashboardScreen" time="6.276"/>
  <testcase classname="Prince_Pipes.LoginTest" name="clickforqueriesbutton" time="1.188"/>
  <testcase classname="Prince_Pipes.LoginTest" name="clickonviewmorebutton" time="7.945"/>
  <testcase classname="Prince_Pipes.LoginTest" name="clickonviewlessbutton" time="9.977"/>
  <testcase classname="Prince_Pipes.LoginTest" name="verifygrowthsummaryscreen" time="1.922"/>
  <testcase classname="Prince_Pipes.LoginTest" name="clickongraphbutton" time="0.465"/>
  <testcase classname="Prince_Pipes.LoginTest" name="clickonquarterlybutton" time="0.684"/>
  <testcase classname="Prince_Pipes.LoginTest" name="clickonmonthlybutton" time="0.664"/>
  <testcase classname="Prince_Pipes.LoginTest" name="verifyproductcategoryscreen" time="11.281"/>
  <testcase classname="Prince_Pipes.LoginTest" name="clickoncurrentyearbutton" time="0.507"/>
  <testcase classname="Prince_Pipes.LoginTest" name="clickonlastyearbutton" time="0.523"/>
  <testcase classname="Prince_Pipes.LoginTest" name="verifysalesscreen" time="0.429"/>
</testsuite> <!-- Default test -->
