<?xml version="1.0" encoding="UTF-8"?>
<testng-results ignored="0" total="31" passed="31" failed="0" skipped="0">
  <reporter-output>
  </reporter-output>
  <suite started-at="2026-04-15T16:58:56 IST" name="Default suite" finished-at="2026-04-15T17:03:43 IST" duration-ms="286718">
    <groups>
    </groups>
    <test started-at="2026-04-15T16:58:56 IST" name="Default test" finished-at="2026-04-15T17:03:43 IST" duration-ms="286718">
      <class name="Prince_Pipes.LoginTest">
        <test-method is-config="true" signature="setUp()[pri:0, instance:Prince_Pipes.LoginTest@c86b9e3]" started-at="2026-04-15T16:58:56 IST" name="setUp" finished-at="2026-04-15T16:59:07 IST" duration-ms="10446" status="PASS">
          <reporter-output>
          </reporter-output>
        </test-method> <!-- setUp -->
        <test-method is-config="true" signature="setUpLogin()[pri:0, instance:Prince_Pipes.LoginTest@c86b9e3]" started-at="2026-04-15T16:59:07 IST" name="setUpLogin" finished-at="2026-04-15T16:59:07 IST" duration-ms="0" status="PASS">
          <reporter-output>
          </reporter-output>
        </test-method> <!-- setUpLogin -->
        <test-method is-config="true" signature="setUpLogin1()[pri:0, instance:Prince_Pipes.LoginTest@c86b9e3]" started-at="2026-04-15T16:59:07 IST" name="setUpLogin1" finished-at="2026-04-15T16:59:07 IST" duration-ms="0" status="PASS">
          <reporter-output>
          </reporter-output>
        </test-method> <!-- setUpLogin1 -->
        <test-method signature="verifyOnboardingScreen()[pri:1, instance:Prince_Pipes.LoginTest@c86b9e3]" started-at="2026-04-15T16:59:07 IST" name="verifyOnboardingScreen" finished-at="2026-04-15T16:59:22 IST" duration-ms="15167" status="PASS">
          <reporter-output>
          </reporter-output>
        </test-method> <!-- verifyOnboardingScreen -->
        <test-method signature="clickNextButton()[pri:2, instance:Prince_Pipes.LoginTest@c86b9e3]" started-at="2026-04-15T16:59:22 IST" name="clickNextButton" finished-at="2026-04-15T16:59:22 IST" duration-ms="245" status="PASS">
          <reporter-output>
          </reporter-output>
        </test-method> <!-- clickNextButton -->
        <test-method signature="verifySecondaryScreen()[pri:3, instance:Prince_Pipes.LoginTest@c86b9e3]" started-at="2026-04-15T16:59:22 IST" name="verifySecondaryScreen" finished-at="2026-04-15T16:59:24 IST" duration-ms="1271" status="PASS">
          <reporter-output>
          </reporter-output>
        </test-method> <!-- verifySecondaryScreen -->
        <test-method signature="clickNextButton2()[pri:4, instance:Prince_Pipes.LoginTest@c86b9e3]" started-at="2026-04-15T16:59:24 IST" name="clickNextButton2" finished-at="2026-04-15T16:59:25 IST" duration-ms="1315" status="PASS">
          <reporter-output>
          </reporter-output>
        </test-method> <!-- clickNextButton2 -->
        <test-method signature="verifyThirdScreen()[pri:5, instance:Prince_Pipes.LoginTest@c86b9e3]" started-at="2026-04-15T16:59:25 IST" name="verifyThirdScreen" finished-at="2026-04-15T16:59:26 IST" duration-ms="1216" status="PASS">
          <reporter-output>
          </reporter-output>
        </test-method> <!-- verifyThirdScreen -->
        <test-method signature="clickNextButton3()[pri:6, instance:Prince_Pipes.LoginTest@c86b9e3]" started-at="2026-04-15T16:59:26 IST" name="clickNextButton3" finished-at="2026-04-15T16:59:27 IST" duration-ms="335" status="PASS">
          <reporter-output>
          </reporter-output>
        </test-method> <!-- clickNextButton3 -->
        <test-method signature="verifyFourthScreen()[pri:7, instance:Prince_Pipes.LoginTest@c86b9e3]" started-at="2026-04-15T16:59:27 IST" name="verifyFourthScreen" finished-at="2026-04-15T16:59:28 IST" duration-ms="1240" status="PASS">
          <reporter-output>
          </reporter-output>
        </test-method> <!-- verifyFourthScreen -->
        <test-method signature="clickNextButton4()[pri:8, instance:Prince_Pipes.LoginTest@c86b9e3]" started-at="2026-04-15T16:59:28 IST" name="clickNextButton4" finished-at="2026-04-15T16:59:28 IST" duration-ms="312" status="PASS">
          <reporter-output>
          </reporter-output>
        </test-method> <!-- clickNextButton4 -->
        <test-method signature="verifyLoginScreen()[pri:9, instance:Prince_Pipes.LoginTest@c86b9e3]" started-at="2026-04-15T16:59:28 IST" name="verifyLoginScreen" finished-at="2026-04-15T16:59:29 IST" duration-ms="1279" status="PASS">
          <reporter-output>
          </reporter-output>
        </test-method> <!-- verifyLoginScreen -->
        <test-method signature="enterPhoneNumber()[pri:10, instance:Prince_Pipes.LoginTest@c86b9e3]" started-at="2026-04-15T16:59:29 IST" name="enterPhoneNumber" finished-at="2026-04-15T16:59:32 IST" duration-ms="2208" status="PASS">
          <reporter-output>
          </reporter-output>
        </test-method> <!-- enterPhoneNumber -->
        <test-method signature="validateUserNotAvailablePopup()[pri:11, instance:Prince_Pipes.LoginTest@c86b9e3]" started-at="2026-04-15T16:59:32 IST" name="validateUserNotAvailablePopup" finished-at="2026-04-15T16:59:41 IST" duration-ms="9018" status="PASS">
          <reporter-output>
          </reporter-output>
        </test-method> <!-- validateUserNotAvailablePopup -->
        <test-method signature="validatePleaseenter10digitnoPopup()[pri:12, instance:Prince_Pipes.LoginTest@c86b9e3]" started-at="2026-04-15T16:59:41 IST" name="validatePleaseenter10digitnoPopup" finished-at="2026-04-15T16:59:44 IST" duration-ms="3043" status="PASS">
          <reporter-output>
          </reporter-output>
        </test-method> <!-- validatePleaseenter10digitnoPopup -->
        <test-method signature="validatemorethan10digitno()[pri:13, instance:Prince_Pipes.LoginTest@c86b9e3]" started-at="2026-04-15T16:59:44 IST" name="validatemorethan10digitno" finished-at="2026-04-15T16:59:45 IST" duration-ms="1331" status="PASS">
          <reporter-output>
          </reporter-output>
        </test-method> <!-- validatemorethan10digitno -->
        <test-method signature="validatealphabeticcharacteracceptance()[pri:14, instance:Prince_Pipes.LoginTest@c86b9e3]" started-at="2026-04-15T16:59:45 IST" name="validatealphabeticcharacteracceptance" finished-at="2026-04-15T16:59:47 IST" duration-ms="1805" status="PASS">
          <reporter-output>
          </reporter-output>
        </test-method> <!-- validatealphabeticcharacteracceptance -->
        <test-method signature="validatecorrectuserisloggedinsuccessfully()[pri:15, instance:Prince_Pipes.LoginTest@c86b9e3]" started-at="2026-04-15T16:59:47 IST" name="validatecorrectuserisloggedinsuccessfully" finished-at="2026-04-15T16:59:49 IST" duration-ms="2135" status="PASS">
          <reporter-output>
          </reporter-output>
        </test-method> <!-- validatecorrectuserisloggedinsuccessfully -->
        <test-method signature="validatemissingOTP()[pri:16, instance:Prince_Pipes.LoginTest@c86b9e3]" started-at="2026-04-15T16:59:49 IST" name="validatemissingOTP" finished-at="2026-04-15T17:00:02 IST" duration-ms="12948" status="PASS">
          <reporter-output>
          </reporter-output>
        </test-method> <!-- validatemissingOTP -->
        <test-method signature="validateincorrectOTP()[pri:17, instance:Prince_Pipes.LoginTest@c86b9e3]" started-at="2026-04-15T17:00:02 IST" name="validateincorrectOTP" finished-at="2026-04-15T17:00:14 IST" duration-ms="12354" status="PASS">
          <reporter-output>
          </reporter-output>
        </test-method> <!-- validateincorrectOTP -->
        <test-method signature="validateResendAndSubmitFlow()[pri:18, instance:Prince_Pipes.LoginTest@c86b9e3]" started-at="2026-04-15T17:00:14 IST" name="validateResendAndSubmitFlow" finished-at="2026-04-15T17:00:40 IST" duration-ms="26219" status="PASS">
          <reporter-output>
          </reporter-output>
        </test-method> <!-- validateResendAndSubmitFlow -->
        <test-method signature="hamburgermenu()[pri:19, instance:Prince_Pipes.LoginTest@c86b9e3]" started-at="2026-04-15T17:00:40 IST" name="hamburgermenu" finished-at="2026-04-15T17:03:01 IST" duration-ms="140410" status="PASS">
          <reporter-output>
          </reporter-output>
        </test-method> <!-- hamburgermenu -->
        <test-method signature="verifydashboardScreen()[pri:20, instance:Prince_Pipes.LoginTest@c86b9e3]" started-at="2026-04-15T17:03:01 IST" name="verifydashboardScreen" finished-at="2026-04-15T17:03:07 IST" duration-ms="6276" status="PASS">
          <reporter-output>
          </reporter-output>
        </test-method> <!-- verifydashboardScreen -->
        <test-method signature="clickforqueriesbutton()[pri:21, instance:Prince_Pipes.LoginTest@c86b9e3]" started-at="2026-04-15T17:03:07 IST" name="clickforqueriesbutton" finished-at="2026-04-15T17:03:08 IST" duration-ms="1188" status="PASS">
          <reporter-output>
          </reporter-output>
        </test-method> <!-- clickforqueriesbutton -->
        <test-method signature="clickonviewmorebutton()[pri:22, instance:Prince_Pipes.LoginTest@c86b9e3]" started-at="2026-04-15T17:03:08 IST" name="clickonviewmorebutton" finished-at="2026-04-15T17:03:16 IST" duration-ms="7945" status="PASS">
          <reporter-output>
          </reporter-output>
        </test-method> <!-- clickonviewmorebutton -->
        <test-method signature="clickonviewlessbutton()[pri:23, instance:Prince_Pipes.LoginTest@c86b9e3]" started-at="2026-04-15T17:03:16 IST" name="clickonviewlessbutton" finished-at="2026-04-15T17:03:26 IST" duration-ms="9977" status="PASS">
          <reporter-output>
          </reporter-output>
        </test-method> <!-- clickonviewlessbutton -->
        <test-method signature="verifygrowthsummaryscreen()[pri:24, instance:Prince_Pipes.LoginTest@c86b9e3]" started-at="2026-04-15T17:03:26 IST" name="verifygrowthsummaryscreen" finished-at="2026-04-15T17:03:28 IST" duration-ms="1922" status="PASS">
          <reporter-output>
          </reporter-output>
        </test-method> <!-- verifygrowthsummaryscreen -->
        <test-method signature="clickongraphbutton()[pri:25, instance:Prince_Pipes.LoginTest@c86b9e3]" started-at="2026-04-15T17:03:28 IST" name="clickongraphbutton" finished-at="2026-04-15T17:03:29 IST" duration-ms="465" status="PASS">
          <reporter-output>
          </reporter-output>
        </test-method> <!-- clickongraphbutton -->
        <test-method signature="clickonquarterlybutton()[pri:26, instance:Prince_Pipes.LoginTest@c86b9e3]" started-at="2026-04-15T17:03:29 IST" name="clickonquarterlybutton" finished-at="2026-04-15T17:03:29 IST" duration-ms="684" status="PASS">
          <reporter-output>
          </reporter-output>
        </test-method> <!-- clickonquarterlybutton -->
        <test-method signature="clickonmonthlybutton()[pri:27, instance:Prince_Pipes.LoginTest@c86b9e3]" started-at="2026-04-15T17:03:29 IST" name="clickonmonthlybutton" finished-at="2026-04-15T17:03:30 IST" duration-ms="664" status="PASS">
          <reporter-output>
          </reporter-output>
        </test-method> <!-- clickonmonthlybutton -->
        <test-method signature="verifyproductcategoryscreen()[pri:28, instance:Prince_Pipes.LoginTest@c86b9e3]" started-at="2026-04-15T17:03:30 IST" name="verifyproductcategoryscreen" finished-at="2026-04-15T17:03:41 IST" duration-ms="11281" status="PASS">
          <reporter-output>
          </reporter-output>
        </test-method> <!-- verifyproductcategoryscreen -->
        <test-method signature="clickoncurrentyearbutton()[pri:29, instance:Prince_Pipes.LoginTest@c86b9e3]" started-at="2026-04-15T17:03:41 IST" name="clickoncurrentyearbutton" finished-at="2026-04-15T17:03:42 IST" duration-ms="507" status="PASS">
          <reporter-output>
          </reporter-output>
        </test-method> <!-- clickoncurrentyearbutton -->
        <test-method signature="clickonlastyearbutton()[pri:30, instance:Prince_Pipes.LoginTest@c86b9e3]" started-at="2026-04-15T17:03:42 IST" name="clickonlastyearbutton" finished-at="2026-04-15T17:03:42 IST" duration-ms="523" status="PASS">
          <reporter-output>
          </reporter-output>
        </test-method> <!-- clickonlastyearbutton -->
        <test-method signature="verifysalesscreen()[pri:31, instance:Prince_Pipes.LoginTest@c86b9e3]" started-at="2026-04-15T17:03:42 IST" name="verifysalesscreen" finished-at="2026-04-15T17:03:43 IST" duration-ms="429" status="PASS">
          <reporter-output>
          </reporter-output>
        </test-method> <!-- verifysalesscreen -->
        <test-method is-config="true" signature="tearDown()[pri:0, instance:Prince_Pipes.LoginTest@c86b9e3]" started-at="2026-04-15T17:03:43 IST" name="tearDown" finished-at="2026-04-15T17:03:43 IST" duration-ms="1" status="PASS">
          <reporter-output>
          </reporter-output>
        </test-method> <!-- tearDown -->
      </class> <!-- Prince_Pipes.LoginTest -->
    </test> <!-- Default test -->
  </suite> <!-- Default suite -->
</testng-results>
