<?xml version="1.0" encoding="UTF-8"?>
<testng-results ignored="0" total="13" passed="13" failed="0" skipped="0">
  <reporter-output>
  </reporter-output>
  <suite started-at="2026-05-11T15:53:08 IST" name="Default suite" finished-at="2026-05-11T15:56:41 IST" duration-ms="213277">
    <groups>
    </groups>
    <test started-at="2026-05-11T15:53:08 IST" name="Default test" finished-at="2026-05-11T15:56:41 IST" duration-ms="213277">
      <class name="Prince_Pipes.Profile">
        <test-method is-config="true" signature="setUp()[pri:0, instance:Prince_Pipes.Profile@7ee8290b]" started-at="2026-05-11T15:53:08 IST" name="setUp" finished-at="2026-05-11T15:53:22 IST" duration-ms="13880" status="PASS">
          <reporter-output>
          </reporter-output>
        </test-method> <!-- setUp -->
        <test-method is-config="true" signature="setUpLogin()[pri:0, instance:Prince_Pipes.Profile@7ee8290b]" started-at="2026-05-11T15:53:22 IST" name="setUpLogin" finished-at="2026-05-11T15:53:22 IST" duration-ms="1" status="PASS">
          <reporter-output>
          </reporter-output>
        </test-method> <!-- setUpLogin -->
        <test-method is-config="true" signature="setUpLogin1()[pri:0, instance:Prince_Pipes.Profile@7ee8290b]" started-at="2026-05-11T15:53:22 IST" name="setUpLogin1" finished-at="2026-05-11T15:53:22 IST" duration-ms="1" status="PASS">
          <reporter-output>
          </reporter-output>
        </test-method> <!-- setUpLogin1 -->
        <test-method signature="verifyOnboardingScreen()[pri:1, instance:Prince_Pipes.Profile@7ee8290b]" started-at="2026-05-11T15:53:22 IST" name="verifyOnboardingScreen" finished-at="2026-05-11T15:53:38 IST" duration-ms="16002" status="PASS">
          <reporter-output>
          </reporter-output>
        </test-method> <!-- verifyOnboardingScreen -->
        <test-method signature="clickNextButton()[pri:2, instance:Prince_Pipes.Profile@7ee8290b]" started-at="2026-05-11T15:53:38 IST" name="clickNextButton" finished-at="2026-05-11T15:53:39 IST" duration-ms="335" status="PASS">
          <reporter-output>
          </reporter-output>
        </test-method> <!-- clickNextButton -->
        <test-method signature="verifySecondaryScreen()[pri:3, instance:Prince_Pipes.Profile@7ee8290b]" started-at="2026-05-11T15:53:39 IST" name="verifySecondaryScreen" finished-at="2026-05-11T15:53:40 IST" duration-ms="1263" status="PASS">
          <reporter-output>
          </reporter-output>
        </test-method> <!-- verifySecondaryScreen -->
        <test-method signature="clickNextButton2()[pri:4, instance:Prince_Pipes.Profile@7ee8290b]" started-at="2026-05-11T15:53:40 IST" name="clickNextButton2" finished-at="2026-05-11T15:53:41 IST" duration-ms="837" status="PASS">
          <reporter-output>
          </reporter-output>
        </test-method> <!-- clickNextButton2 -->
        <test-method signature="verifyThirdScreen()[pri:5, instance:Prince_Pipes.Profile@7ee8290b]" started-at="2026-05-11T15:53:41 IST" name="verifyThirdScreen" finished-at="2026-05-11T15:53:42 IST" duration-ms="1281" status="PASS">
          <reporter-output>
          </reporter-output>
        </test-method> <!-- verifyThirdScreen -->
        <test-method signature="clickNextButton3()[pri:6, instance:Prince_Pipes.Profile@7ee8290b]" started-at="2026-05-11T15:53:42 IST" name="clickNextButton3" finished-at="2026-05-11T15:53:42 IST" duration-ms="359" status="PASS">
          <reporter-output>
          </reporter-output>
        </test-method> <!-- clickNextButton3 -->
        <test-method signature="verifyFourthScreen()[pri:7, instance:Prince_Pipes.Profile@7ee8290b]" started-at="2026-05-11T15:53:42 IST" name="verifyFourthScreen" finished-at="2026-05-11T15:53:44 IST" duration-ms="1301" status="PASS">
          <reporter-output>
          </reporter-output>
        </test-method> <!-- verifyFourthScreen -->
        <test-method signature="clickNextButton4()[pri:8, instance:Prince_Pipes.Profile@7ee8290b]" started-at="2026-05-11T15:53:44 IST" name="clickNextButton4" finished-at="2026-05-11T15:53:44 IST" duration-ms="357" status="PASS">
          <reporter-output>
          </reporter-output>
        </test-method> <!-- clickNextButton4 -->
        <test-method signature="verifyLoginScreen()[pri:9, instance:Prince_Pipes.Profile@7ee8290b]" started-at="2026-05-11T15:53:44 IST" name="verifyLoginScreen" finished-at="2026-05-11T15:53:45 IST" duration-ms="1247" status="PASS">
          <reporter-output>
          </reporter-output>
        </test-method> <!-- verifyLoginScreen -->
        <test-method signature="validatecorrectuserisloggedinsuccessfully()[pri:10, instance:Prince_Pipes.Profile@7ee8290b]" started-at="2026-05-11T15:53:45 IST" name="validatecorrectuserisloggedinsuccessfully" finished-at="2026-05-11T15:53:47 IST" duration-ms="1689" status="PASS">
          <reporter-output>
          </reporter-output>
        </test-method> <!-- validatecorrectuserisloggedinsuccessfully -->
        <test-method signature="validatesubmitbutton()[pri:11, instance:Prince_Pipes.Profile@7ee8290b]" started-at="2026-05-11T15:53:47 IST" name="validatesubmitbutton" finished-at="2026-05-11T15:53:49 IST" duration-ms="2377" status="PASS">
          <reporter-output>
          </reporter-output>
        </test-method> <!-- validatesubmitbutton -->
        <test-method signature="Verifyprofilebutton()[pri:12, instance:Prince_Pipes.Profile@7ee8290b]" started-at="2026-05-11T15:53:49 IST" name="Verifyprofilebutton" finished-at="2026-05-11T15:56:40 IST" duration-ms="170428" status="PASS">
          <reporter-output>
          </reporter-output>
        </test-method> <!-- Verifyprofilebutton -->
        <test-method signature="validatepersonaldetails()[pri:13, instance:Prince_Pipes.Profile@7ee8290b]" started-at="2026-05-11T15:56:40 IST" name="validatepersonaldetails" finished-at="2026-05-11T15:56:41 IST" duration-ms="1350" status="PASS">
          <reporter-output>
          </reporter-output>
        </test-method> <!-- validatepersonaldetails -->
        <test-method is-config="true" signature="tearDown()[pri:0, instance:Prince_Pipes.Profile@7ee8290b]" started-at="2026-05-11T15:56:41 IST" name="tearDown" finished-at="2026-05-11T15:56:41 IST" duration-ms="2" status="PASS">
          <reporter-output>
          </reporter-output>
        </test-method> <!-- tearDown -->
      </class> <!-- Prince_Pipes.Profile -->
    </test> <!-- Default test -->
  </suite> <!-- Default suite -->
</testng-results>
