<?xml version="1.0" encoding="UTF-8"?>
<!-- Generated by org.testng.reporters.JUnitReportReporter -->
<testsuite hostname="EBS-LP-288" failures="0" tests="19" name="Eazy_Retail.master_summary" time="27.077" errors="0" timestamp="2025-11-28T16:50:38 IST" skipped="0">
  <testcase classname="Eazy_Retail.master_summary" name="verifyMasterSummaryPageLoaded" time="2.138"/>
  <testcase classname="Eazy_Retail.master_summary" name="verifyAllFilterButton_ProductListVisible" time="5.108"/>
  <testcase classname="Eazy_Retail.master_summary" name="verifyProductGroup5Filter_ProductListVisible" time="6.641"/>
  <testcase classname="Eazy_Retail.master_summary" name="verifyFinishedGoodFilter_ProductListVisible" time="6.530"/>
  <testcase classname="Eazy_Retail.master_summary" name="verifyTotalItemVisible" time="1.652"/>
  <testcase classname="Eazy_Retail.master_summary" name="verifyTotalItemCountVisible" time="0.281"/>
  <testcase classname="Eazy_Retail.master_summary" name="verifyTotalActiveItemVisible" time="0.382"/>
  <testcase classname="Eazy_Retail.master_summary" name="verifyTotalActiveItemCountVisible" time="0.248"/>
  <testcase classname="Eazy_Retail.master_summary" name="verifyTotalInactiveItemVisible" time="0.143"/>
  <testcase classname="Eazy_Retail.master_summary" name="verifyTotalInactiveItemCountVisible" time="0.154"/>
  <testcase classname="Eazy_Retail.master_summary" name="verifyMRPVisible" time="0.224"/>
  <testcase classname="Eazy_Retail.master_summary" name="verifyMRPValueVisible" time="0.238"/>
  <testcase classname="Eazy_Retail.master_summary" name="verifyTotalDistributorVisible" time="1.640"/>
  <testcase classname="Eazy_Retail.master_summary" name="verifyTotalDistributorCountVisible" time="0.761"/>
  <testcase classname="Eazy_Retail.master_summary" name="verifyActiveDistributorVisible" time="0.169"/>
  <testcase classname="Eazy_Retail.master_summary" name="verifyActiveDistributorCountVisible" time="0.179"/>
  <testcase classname="Eazy_Retail.master_summary" name="verifyInactiveDistributorVisible" time="0.162"/>
  <testcase classname="Eazy_Retail.master_summary" name="verifyInactiveDistributorCountVisible" time="0.159"/>
  <testcase classname="Eazy_Retail.master_summary" name="verifyDistributordetailVisible" time="0.268"/>
</testsuite> <!-- Eazy_Retail.master_summary -->
