<?xml version="1.0" encoding="UTF-8"?>
<!-- Generated by org.testng.reporters.JUnitReportReporter -->
<testsuite hostname="EBS-LP-288" failures="0" tests="36" name="Eazy_Retail.place_order" time="501.156" errors="25" timestamp="2025-11-24T12:41:46 IST" skipped="0">
  <testcase classname="Eazy_Retail.place_order" name="verifyStockItemPageLoaded" time="1.824"/>
  <testcase classname="Eazy_Retail.place_order" name="verifySearchBarVisible" time="0.069"/>
  <testcase classname="Eazy_Retail.place_order" name="SearchValidOrder" time="1.661">
    <error message="The referenced element is no longer attached to the DOM
For documentation on this error, please visit: https://www.selenium.dev/documentation/webdriver/troubleshooting/errors#stale-element-reference-exception
Build info: version: &#039;4.34.0&#039;, revision: &#039;707dcb4246*&#039;
System info: os.name: &#039;Windows 10&#039;, os.arch: &#039;amd64&#039;, os.version: &#039;10.0&#039;, java.version: &#039;21.0.8&#039;
Driver info: io.appium.java_client.android.AndroidDriver
Command: [6d4af818-5003-47cd-ab5e-1e03faef5afc, sendKeysToElement {id=00000000-0000-0037-ffff-ffff000001bd, value=[Ljava.lang.CharSequence;@7bb004b8}]
Capabilities {appium:appActivity: in.retaileazy.MainActivity, appium:appPackage: in.retaileazy, appium:automationName: UIAutomator2, appium:databaseEnabled: false, appium:desired: {appActivity: in.retaileazy.MainActivity, appPackage: in.retaileazy, automationName: UIAutomator2, deviceName: Redmi 12, fullReset: false, newCommandTimeout: 600, noReset: true, platformName: ANDROID}, appium:deviceApiLevel: 36, appium:deviceManufacturer: Google, appium:deviceModel: sdk_gphone64_x86_64, appium:deviceName: emulator-5554, appium:deviceScreenDensity: 420, appium:deviceScreenSize: 1080x2424, appium:deviceUDID: emulator-5554, appium:fullReset: false, appium:javascriptEnabled: true, appium:locationContextEnabled: false, appium:networkConnectionEnabled: true, appium:newCommandTimeout: 600, appium:noReset: true, appium:pixelRatio: 2.625, appium:platformVersion: 16, appium:statBarHeight: 137, appium:takesScreenshot: true, appium:viewportRect: {height: 2287, left: 0, top: 137, width: 1080}, appium:warnings: {}, appium:webStorageEnabled: false, platformName: ANDROID}
Element: [[AndroidDriver:  on ANDROID (6d4af818-5003-47cd-ab5e-1e03faef5afc)] -&gt; -android uiautomator: new UiSelector().text(&quot;Search&quot;)]
Session ID: 6d4af818-5003-47cd-ab5e-1e03faef5afc" type="org.openqa.selenium.StaleElementReferenceException">
      <![CDATA[org.openqa.selenium.StaleElementReferenceException: The referenced element is no longer attached to the DOM
For documentation on this error, please visit: https://www.selenium.dev/documentation/webdriver/troubleshooting/errors#stale-element-reference-exception
Build info: version: '4.34.0', revision: '707dcb4246*'
System info: os.name: 'Windows 10', os.arch: 'amd64', os.version: '10.0', java.version: '21.0.8'
Driver info: io.appium.java_client.android.AndroidDriver
Command: [6d4af818-5003-47cd-ab5e-1e03faef5afc, sendKeysToElement {id=00000000-0000-0037-ffff-ffff000001bd, value=[Ljava.lang.CharSequence;@7bb004b8}]
Capabilities {appium:appActivity: in.retaileazy.MainActivity, appium:appPackage: in.retaileazy, appium:automationName: UIAutomator2, appium:databaseEnabled: false, appium:desired: {appActivity: in.retaileazy.MainActivity, appPackage: in.retaileazy, automationName: UIAutomator2, deviceName: Redmi 12, fullReset: false, newCommandTimeout: 600, noReset: true, platformName: ANDROID}, appium:deviceApiLevel: 36, appium:deviceManufacturer: Google, appium:deviceModel: sdk_gphone64_x86_64, appium:deviceName: emulator-5554, appium:deviceScreenDensity: 420, appium:deviceScreenSize: 1080x2424, appium:deviceUDID: emulator-5554, appium:fullReset: false, appium:javascriptEnabled: true, appium:locationContextEnabled: false, appium:networkConnectionEnabled: true, appium:newCommandTimeout: 600, appium:noReset: true, appium:pixelRatio: 2.625, appium:platformVersion: 16, appium:statBarHeight: 137, appium:takesScreenshot: true, appium:viewportRect: {height: 2287, left: 0, top: 137, width: 1080}, appium:warnings: {}, appium:webStorageEnabled: false, platformName: ANDROID}
Element: [[AndroidDriver:  on ANDROID (6d4af818-5003-47cd-ab5e-1e03faef5afc)] -> -android uiautomator: new UiSelector().text("Search")]
Session ID: 6d4af818-5003-47cd-ab5e-1e03faef5afc
at java.base/jdk.internal.reflect.DirectConstructorHandleAccessor.newInstance(DirectConstructorHandleAccessor.java:62)
at java.base/java.lang.reflect.Constructor.newInstanceWithCaller(Constructor.java:502)
at java.base/java.lang.reflect.Constructor.newInstance(Constructor.java:486)
at org.openqa.selenium.remote.ErrorCodec.decode(ErrorCodec.java:167)
at org.openqa.selenium.remote.codec.w3c.W3CHttpResponseCodec.decode(W3CHttpResponseCodec.java:138)
at org.openqa.selenium.remote.codec.w3c.W3CHttpResponseCodec.decode(W3CHttpResponseCodec.java:50)
at org.openqa.selenium.remote.HttpCommandExecutor.execute(HttpCommandExecutor.java:215)
at io.appium.java_client.remote.AppiumCommandExecutor.execute(AppiumCommandExecutor.java:244)
at org.openqa.selenium.remote.RemoteWebDriver.execute(RemoteWebDriver.java:544)
at org.openqa.selenium.remote.RemoteWebElement.execute(RemoteWebElement.java:223)
at org.openqa.selenium.remote.RemoteWebElement.sendKeys(RemoteWebElement.java:110)
at Eazy_Retail.place_order.SearchValidOrder(place_order.java:64)
at java.base/jdk.internal.reflect.DirectMethodHandleAccessor.invoke(DirectMethodHandleAccessor.java:103)
at java.base/java.lang.reflect.Method.invoke(Method.java:580)
at org.testng.internal.invokers.MethodInvocationHelper.invokeMethod(MethodInvocationHelper.java:141)
at org.testng.internal.invokers.TestInvoker.invokeMethod(TestInvoker.java:687)
at org.testng.internal.invokers.TestInvoker.invokeTestMethod(TestInvoker.java:230)
at org.testng.internal.invokers.MethodRunner.runInSequence(MethodRunner.java:63)
at org.testng.internal.invokers.TestInvoker$MethodInvocationAgent.invoke(TestInvoker.java:995)
at org.testng.internal.invokers.TestInvoker.invokeTestMethods(TestInvoker.java:203)
at org.testng.internal.invokers.TestMethodWorker.invokeTestMethods(TestMethodWorker.java:154)
at org.testng.internal.invokers.TestMethodWorker.run(TestMethodWorker.java:134)
at java.base/java.util.ArrayList.forEach(ArrayList.java:1596)
at org.testng.TestRunner.privateRun(TestRunner.java:741)
at org.testng.TestRunner.run(TestRunner.java:616)
at org.testng.SuiteRunner.runTest(SuiteRunner.java:421)
at org.testng.SuiteRunner.runSequentially(SuiteRunner.java:413)
at org.testng.SuiteRunner.privateRun(SuiteRunner.java:373)
at org.testng.SuiteRunner.run(SuiteRunner.java:312)
at org.testng.SuiteRunnerWorker.runSuite(SuiteRunnerWorker.java:52)
at org.testng.SuiteRunnerWorker.run(SuiteRunnerWorker.java:95)
at org.testng.TestNG.runSuitesSequentially(TestNG.java:1274)
at org.testng.TestNG.runSuitesLocally(TestNG.java:1208)
at org.testng.TestNG.runSuites(TestNG.java:1112)
at org.testng.TestNG.run(TestNG.java:1079)
at org.testng.remote.AbstractRemoteTestNG.run(AbstractRemoteTestNG.java:115)
at org.testng.remote.RemoteTestNG.initAndRun(RemoteTestNG.java:293)
at org.testng.remote.RemoteTestNG.main(RemoteTestNG.java:91)
]]>
    </error>
  </testcase> <!-- SearchValidOrder -->
  <testcase classname="Eazy_Retail.place_order" name="SearchInvalidOrder" time="20.024">
    <error message="Expected condition failed: waiting for visibility of element located by AppiumBy.className: android.widget.EditText (tried for 20 second(s) with 500 milliseconds interval)
Build info: version: &#039;4.34.0&#039;, revision: &#039;707dcb4246*&#039;
System info: os.name: &#039;Windows 10&#039;, os.arch: &#039;amd64&#039;, os.version: &#039;10.0&#039;, java.version: &#039;21.0.8&#039;
Driver info: io.appium.java_client.android.AndroidDriver
Capabilities {appium:appActivity: in.retaileazy.MainActivity, appium:appPackage: in.retaileazy, appium:automationName: UIAutomator2, appium:databaseEnabled: false, appium:desired: {appActivity: in.retaileazy.MainActivity, appPackage: in.retaileazy, automationName: UIAutomator2, deviceName: Redmi 12, fullReset: false, newCommandTimeout: 600, noReset: true, platformName: ANDROID}, appium:deviceApiLevel: 36, appium:deviceManufacturer: Google, appium:deviceModel: sdk_gphone64_x86_64, appium:deviceName: emulator-5554, appium:deviceScreenDensity: 420, appium:deviceScreenSize: 1080x2424, appium:deviceUDID: emulator-5554, appium:fullReset: false, appium:javascriptEnabled: true, appium:locationContextEnabled: false, appium:networkConnectionEnabled: true, appium:newCommandTimeout: 600, appium:noReset: true, appium:pixelRatio: 2.625, appium:platformVersion: 16, appium:statBarHeight: 137, appium:takesScreenshot: true, appium:viewportRect: {height: 2287, left: 0, top: 137, width: 1080}, appium:warnings: {}, appium:webStorageEnabled: false, platformName: ANDROID}
Session ID: 6d4af818-5003-47cd-ab5e-1e03faef5afc" type="org.openqa.selenium.TimeoutException">
      <![CDATA[org.openqa.selenium.TimeoutException: Expected condition failed: waiting for visibility of element located by AppiumBy.className: android.widget.EditText (tried for 20 second(s) with 500 milliseconds interval)
Build info: version: '4.34.0', revision: '707dcb4246*'
System info: os.name: 'Windows 10', os.arch: 'amd64', os.version: '10.0', java.version: '21.0.8'
Driver info: io.appium.java_client.android.AndroidDriver
Capabilities {appium:appActivity: in.retaileazy.MainActivity, appium:appPackage: in.retaileazy, appium:automationName: UIAutomator2, appium:databaseEnabled: false, appium:desired: {appActivity: in.retaileazy.MainActivity, appPackage: in.retaileazy, automationName: UIAutomator2, deviceName: Redmi 12, fullReset: false, newCommandTimeout: 600, noReset: true, platformName: ANDROID}, appium:deviceApiLevel: 36, appium:deviceManufacturer: Google, appium:deviceModel: sdk_gphone64_x86_64, appium:deviceName: emulator-5554, appium:deviceScreenDensity: 420, appium:deviceScreenSize: 1080x2424, appium:deviceUDID: emulator-5554, appium:fullReset: false, appium:javascriptEnabled: true, appium:locationContextEnabled: false, appium:networkConnectionEnabled: true, appium:newCommandTimeout: 600, appium:noReset: true, appium:pixelRatio: 2.625, appium:platformVersion: 16, appium:statBarHeight: 137, appium:takesScreenshot: true, appium:viewportRect: {height: 2287, left: 0, top: 137, width: 1080}, appium:warnings: {}, appium:webStorageEnabled: false, platformName: ANDROID}
Session ID: 6d4af818-5003-47cd-ab5e-1e03faef5afc
at org.openqa.selenium.support.ui.WebDriverWait.timeoutException(WebDriverWait.java:84)
at org.openqa.selenium.support.ui.FluentWait.until(FluentWait.java:228)
at utils.WaitUtils.waitForElementVisible(WaitUtils.java:32)
at Eazy_Retail.place_order.SearchInvalidOrder(place_order.java:74)
at java.base/jdk.internal.reflect.DirectMethodHandleAccessor.invoke(DirectMethodHandleAccessor.java:103)
at java.base/java.lang.reflect.Method.invoke(Method.java:580)
at org.testng.internal.invokers.MethodInvocationHelper.invokeMethod(MethodInvocationHelper.java:141)
at org.testng.internal.invokers.TestInvoker.invokeMethod(TestInvoker.java:687)
at org.testng.internal.invokers.TestInvoker.invokeTestMethod(TestInvoker.java:230)
at org.testng.internal.invokers.MethodRunner.runInSequence(MethodRunner.java:63)
at org.testng.internal.invokers.TestInvoker$MethodInvocationAgent.invoke(TestInvoker.java:995)
at org.testng.internal.invokers.TestInvoker.invokeTestMethods(TestInvoker.java:203)
at org.testng.internal.invokers.TestMethodWorker.invokeTestMethods(TestMethodWorker.java:154)
at org.testng.internal.invokers.TestMethodWorker.run(TestMethodWorker.java:134)
at java.base/java.util.ArrayList.forEach(ArrayList.java:1596)
at org.testng.TestRunner.privateRun(TestRunner.java:741)
at org.testng.TestRunner.run(TestRunner.java:616)
at org.testng.SuiteRunner.runTest(SuiteRunner.java:421)
at org.testng.SuiteRunner.runSequentially(SuiteRunner.java:413)
at org.testng.SuiteRunner.privateRun(SuiteRunner.java:373)
at org.testng.SuiteRunner.run(SuiteRunner.java:312)
at org.testng.SuiteRunnerWorker.runSuite(SuiteRunnerWorker.java:52)
at org.testng.SuiteRunnerWorker.run(SuiteRunnerWorker.java:95)
at org.testng.TestNG.runSuitesSequentially(TestNG.java:1274)
at org.testng.TestNG.runSuitesLocally(TestNG.java:1208)
at org.testng.TestNG.runSuites(TestNG.java:1112)
at org.testng.TestNG.run(TestNG.java:1079)
at org.testng.remote.AbstractRemoteTestNG.run(AbstractRemoteTestNG.java:115)
at org.testng.remote.RemoteTestNG.initAndRun(RemoteTestNG.java:293)
at org.testng.remote.RemoteTestNG.main(RemoteTestNG.java:91)
]]>
    </error>
  </testcase> <!-- SearchInvalidOrder -->
  <testcase classname="Eazy_Retail.place_order" name="VerifyOrder" time="28.720">
    <error message="Expected condition failed: waiting for visibility of element located by By.xpath: //android.view.ViewGroup[@content-desc=&quot;JAIN TRADING CO, Order No : , DLR00000000158812~SOA-00000051 , Date : , 10-Oct-2025, Amount : , ₹ 10.00 , Total Items : , 2, Total Qty : , 10&quot;]/android.view.ViewGroup/android.view.ViewGroup (tried for 20 second(s) with 500 milliseconds interval)
Build info: version: &#039;4.34.0&#039;, revision: &#039;707dcb4246*&#039;
System info: os.name: &#039;Windows 10&#039;, os.arch: &#039;amd64&#039;, os.version: &#039;10.0&#039;, java.version: &#039;21.0.8&#039;
Driver info: io.appium.java_client.android.AndroidDriver
Capabilities {appium:appActivity: in.retaileazy.MainActivity, appium:appPackage: in.retaileazy, appium:automationName: UIAutomator2, appium:databaseEnabled: false, appium:desired: {appActivity: in.retaileazy.MainActivity, appPackage: in.retaileazy, automationName: UIAutomator2, deviceName: Redmi 12, fullReset: false, newCommandTimeout: 600, noReset: true, platformName: ANDROID}, appium:deviceApiLevel: 36, appium:deviceManufacturer: Google, appium:deviceModel: sdk_gphone64_x86_64, appium:deviceName: emulator-5554, appium:deviceScreenDensity: 420, appium:deviceScreenSize: 1080x2424, appium:deviceUDID: emulator-5554, appium:fullReset: false, appium:javascriptEnabled: true, appium:locationContextEnabled: false, appium:networkConnectionEnabled: true, appium:newCommandTimeout: 600, appium:noReset: true, appium:pixelRatio: 2.625, appium:platformVersion: 16, appium:statBarHeight: 137, appium:takesScreenshot: true, appium:viewportRect: {height: 2287, left: 0, top: 137, width: 1080}, appium:warnings: {}, appium:webStorageEnabled: false, platformName: ANDROID}
Session ID: 6d4af818-5003-47cd-ab5e-1e03faef5afc" type="org.openqa.selenium.TimeoutException">
      <![CDATA[org.openqa.selenium.TimeoutException: Expected condition failed: waiting for visibility of element located by By.xpath: //android.view.ViewGroup[@content-desc="JAIN TRADING CO, Order No : , DLR00000000158812~SOA-00000051 , Date : , 10-Oct-2025, Amount : , ₹ 10.00 , Total Items : , 2, Total Qty : , 10"]/android.view.ViewGroup/android.view.ViewGroup (tried for 20 second(s) with 500 milliseconds interval)
Build info: version: '4.34.0', revision: '707dcb4246*'
System info: os.name: 'Windows 10', os.arch: 'amd64', os.version: '10.0', java.version: '21.0.8'
Driver info: io.appium.java_client.android.AndroidDriver
Capabilities {appium:appActivity: in.retaileazy.MainActivity, appium:appPackage: in.retaileazy, appium:automationName: UIAutomator2, appium:databaseEnabled: false, appium:desired: {appActivity: in.retaileazy.MainActivity, appPackage: in.retaileazy, automationName: UIAutomator2, deviceName: Redmi 12, fullReset: false, newCommandTimeout: 600, noReset: true, platformName: ANDROID}, appium:deviceApiLevel: 36, appium:deviceManufacturer: Google, appium:deviceModel: sdk_gphone64_x86_64, appium:deviceName: emulator-5554, appium:deviceScreenDensity: 420, appium:deviceScreenSize: 1080x2424, appium:deviceUDID: emulator-5554, appium:fullReset: false, appium:javascriptEnabled: true, appium:locationContextEnabled: false, appium:networkConnectionEnabled: true, appium:newCommandTimeout: 600, appium:noReset: true, appium:pixelRatio: 2.625, appium:platformVersion: 16, appium:statBarHeight: 137, appium:takesScreenshot: true, appium:viewportRect: {height: 2287, left: 0, top: 137, width: 1080}, appium:warnings: {}, appium:webStorageEnabled: false, platformName: ANDROID}
Session ID: 6d4af818-5003-47cd-ab5e-1e03faef5afc
at org.openqa.selenium.support.ui.WebDriverWait.timeoutException(WebDriverWait.java:84)
at org.openqa.selenium.support.ui.FluentWait.until(FluentWait.java:228)
at utils.WaitUtils.waitForElementVisible(WaitUtils.java:32)
at Eazy_Retail.place_order.VerifyOrder(place_order.java:92)
at java.base/jdk.internal.reflect.DirectMethodHandleAccessor.invoke(DirectMethodHandleAccessor.java:103)
at java.base/java.lang.reflect.Method.invoke(Method.java:580)
at org.testng.internal.invokers.MethodInvocationHelper.invokeMethod(MethodInvocationHelper.java:141)
at org.testng.internal.invokers.TestInvoker.invokeMethod(TestInvoker.java:687)
at org.testng.internal.invokers.TestInvoker.invokeTestMethod(TestInvoker.java:230)
at org.testng.internal.invokers.MethodRunner.runInSequence(MethodRunner.java:63)
at org.testng.internal.invokers.TestInvoker$MethodInvocationAgent.invoke(TestInvoker.java:995)
at org.testng.internal.invokers.TestInvoker.invokeTestMethods(TestInvoker.java:203)
at org.testng.internal.invokers.TestMethodWorker.invokeTestMethods(TestMethodWorker.java:154)
at org.testng.internal.invokers.TestMethodWorker.run(TestMethodWorker.java:134)
at java.base/java.util.ArrayList.forEach(ArrayList.java:1596)
at org.testng.TestRunner.privateRun(TestRunner.java:741)
at org.testng.TestRunner.run(TestRunner.java:616)
at org.testng.SuiteRunner.runTest(SuiteRunner.java:421)
at org.testng.SuiteRunner.runSequentially(SuiteRunner.java:413)
at org.testng.SuiteRunner.privateRun(SuiteRunner.java:373)
at org.testng.SuiteRunner.run(SuiteRunner.java:312)
at org.testng.SuiteRunnerWorker.runSuite(SuiteRunnerWorker.java:52)
at org.testng.SuiteRunnerWorker.run(SuiteRunnerWorker.java:95)
at org.testng.TestNG.runSuitesSequentially(TestNG.java:1274)
at org.testng.TestNG.runSuitesLocally(TestNG.java:1208)
at org.testng.TestNG.runSuites(TestNG.java:1112)
at org.testng.TestNG.run(TestNG.java:1079)
at org.testng.remote.AbstractRemoteTestNG.run(AbstractRemoteTestNG.java:115)
at org.testng.remote.RemoteTestNG.initAndRun(RemoteTestNG.java:293)
at org.testng.remote.RemoteTestNG.main(RemoteTestNG.java:91)
]]>
    </error>
  </testcase> <!-- VerifyOrder -->
  <testcase classname="Eazy_Retail.place_order" name="VerifyTotalOrderAmount_TextVisible" time="0.199"/>
  <testcase classname="Eazy_Retail.place_order" name="VerifyTotalOrderAmountVisible" time="0.224"/>
  <testcase classname="Eazy_Retail.place_order" name="VerifyTotalOrders_TextVisible" time="0.153"/>
  <testcase classname="Eazy_Retail.place_order" name="VerifyTotalOrdersVisible" time="0.215"/>
  <testcase classname="Eazy_Retail.place_order" name="VerifyOrderDetails" time="20.351">
    <error message="Expected condition failed: waiting for visibility of element located by By.xpath: //android.view.ViewGroup[@content-desc=&quot;JAIN TRADING CO, Order No : , DLR00000000158812~SOA-00000051 , Date : , 10-Oct-2025, Amount : , ₹ 10.00 , Total Items : , 2, Total Qty : , 10&quot;]/android.view.ViewGroup/android.view.ViewGroup (tried for 20 second(s) with 500 milliseconds interval)
Build info: version: &#039;4.34.0&#039;, revision: &#039;707dcb4246*&#039;
System info: os.name: &#039;Windows 10&#039;, os.arch: &#039;amd64&#039;, os.version: &#039;10.0&#039;, java.version: &#039;21.0.8&#039;
Driver info: io.appium.java_client.android.AndroidDriver
Capabilities {appium:appActivity: in.retaileazy.MainActivity, appium:appPackage: in.retaileazy, appium:automationName: UIAutomator2, appium:databaseEnabled: false, appium:desired: {appActivity: in.retaileazy.MainActivity, appPackage: in.retaileazy, automationName: UIAutomator2, deviceName: Redmi 12, fullReset: false, newCommandTimeout: 600, noReset: true, platformName: ANDROID}, appium:deviceApiLevel: 36, appium:deviceManufacturer: Google, appium:deviceModel: sdk_gphone64_x86_64, appium:deviceName: emulator-5554, appium:deviceScreenDensity: 420, appium:deviceScreenSize: 1080x2424, appium:deviceUDID: emulator-5554, appium:fullReset: false, appium:javascriptEnabled: true, appium:locationContextEnabled: false, appium:networkConnectionEnabled: true, appium:newCommandTimeout: 600, appium:noReset: true, appium:pixelRatio: 2.625, appium:platformVersion: 16, appium:statBarHeight: 137, appium:takesScreenshot: true, appium:viewportRect: {height: 2287, left: 0, top: 137, width: 1080}, appium:warnings: {}, appium:webStorageEnabled: false, platformName: ANDROID}
Session ID: 6d4af818-5003-47cd-ab5e-1e03faef5afc" type="org.openqa.selenium.TimeoutException">
      <![CDATA[org.openqa.selenium.TimeoutException: Expected condition failed: waiting for visibility of element located by By.xpath: //android.view.ViewGroup[@content-desc="JAIN TRADING CO, Order No : , DLR00000000158812~SOA-00000051 , Date : , 10-Oct-2025, Amount : , ₹ 10.00 , Total Items : , 2, Total Qty : , 10"]/android.view.ViewGroup/android.view.ViewGroup (tried for 20 second(s) with 500 milliseconds interval)
Build info: version: '4.34.0', revision: '707dcb4246*'
System info: os.name: 'Windows 10', os.arch: 'amd64', os.version: '10.0', java.version: '21.0.8'
Driver info: io.appium.java_client.android.AndroidDriver
Capabilities {appium:appActivity: in.retaileazy.MainActivity, appium:appPackage: in.retaileazy, appium:automationName: UIAutomator2, appium:databaseEnabled: false, appium:desired: {appActivity: in.retaileazy.MainActivity, appPackage: in.retaileazy, automationName: UIAutomator2, deviceName: Redmi 12, fullReset: false, newCommandTimeout: 600, noReset: true, platformName: ANDROID}, appium:deviceApiLevel: 36, appium:deviceManufacturer: Google, appium:deviceModel: sdk_gphone64_x86_64, appium:deviceName: emulator-5554, appium:deviceScreenDensity: 420, appium:deviceScreenSize: 1080x2424, appium:deviceUDID: emulator-5554, appium:fullReset: false, appium:javascriptEnabled: true, appium:locationContextEnabled: false, appium:networkConnectionEnabled: true, appium:newCommandTimeout: 600, appium:noReset: true, appium:pixelRatio: 2.625, appium:platformVersion: 16, appium:statBarHeight: 137, appium:takesScreenshot: true, appium:viewportRect: {height: 2287, left: 0, top: 137, width: 1080}, appium:warnings: {}, appium:webStorageEnabled: false, platformName: ANDROID}
Session ID: 6d4af818-5003-47cd-ab5e-1e03faef5afc
at org.openqa.selenium.support.ui.WebDriverWait.timeoutException(WebDriverWait.java:84)
at org.openqa.selenium.support.ui.FluentWait.until(FluentWait.java:228)
at utils.WaitUtils.waitForElementVisible(WaitUtils.java:32)
at Eazy_Retail.place_order.VerifyOrderDetails(place_order.java:118)
at java.base/jdk.internal.reflect.DirectMethodHandleAccessor.invoke(DirectMethodHandleAccessor.java:103)
at java.base/java.lang.reflect.Method.invoke(Method.java:580)
at org.testng.internal.invokers.MethodInvocationHelper.invokeMethod(MethodInvocationHelper.java:141)
at org.testng.internal.invokers.TestInvoker.invokeMethod(TestInvoker.java:687)
at org.testng.internal.invokers.TestInvoker.invokeTestMethod(TestInvoker.java:230)
at org.testng.internal.invokers.MethodRunner.runInSequence(MethodRunner.java:63)
at org.testng.internal.invokers.TestInvoker$MethodInvocationAgent.invoke(TestInvoker.java:995)
at org.testng.internal.invokers.TestInvoker.invokeTestMethods(TestInvoker.java:203)
at org.testng.internal.invokers.TestMethodWorker.invokeTestMethods(TestMethodWorker.java:154)
at org.testng.internal.invokers.TestMethodWorker.run(TestMethodWorker.java:134)
at java.base/java.util.ArrayList.forEach(ArrayList.java:1596)
at org.testng.TestRunner.privateRun(TestRunner.java:741)
at org.testng.TestRunner.run(TestRunner.java:616)
at org.testng.SuiteRunner.runTest(SuiteRunner.java:421)
at org.testng.SuiteRunner.runSequentially(SuiteRunner.java:413)
at org.testng.SuiteRunner.privateRun(SuiteRunner.java:373)
at org.testng.SuiteRunner.run(SuiteRunner.java:312)
at org.testng.SuiteRunnerWorker.runSuite(SuiteRunnerWorker.java:52)
at org.testng.SuiteRunnerWorker.run(SuiteRunnerWorker.java:95)
at org.testng.TestNG.runSuitesSequentially(TestNG.java:1274)
at org.testng.TestNG.runSuitesLocally(TestNG.java:1208)
at org.testng.TestNG.runSuites(TestNG.java:1112)
at org.testng.TestNG.run(TestNG.java:1079)
at org.testng.remote.AbstractRemoteTestNG.run(AbstractRemoteTestNG.java:115)
at org.testng.remote.RemoteTestNG.initAndRun(RemoteTestNG.java:293)
at org.testng.remote.RemoteTestNG.main(RemoteTestNG.java:91)
]]>
    </error>
  </testcase> <!-- VerifyOrderDetails -->
  <testcase classname="Eazy_Retail.place_order" name="VerifySellerName_TextVisible" time="20.397">
    <error message="Expected condition failed: waiting for visibility of element located by AppiumBy.androidUIAutomator: new UiSelector().text(&quot;Seller Name&quot;) (tried for 20 second(s) with 500 milliseconds interval)
Build info: version: &#039;4.34.0&#039;, revision: &#039;707dcb4246*&#039;
System info: os.name: &#039;Windows 10&#039;, os.arch: &#039;amd64&#039;, os.version: &#039;10.0&#039;, java.version: &#039;21.0.8&#039;
Driver info: io.appium.java_client.android.AndroidDriver
Capabilities {appium:appActivity: in.retaileazy.MainActivity, appium:appPackage: in.retaileazy, appium:automationName: UIAutomator2, appium:databaseEnabled: false, appium:desired: {appActivity: in.retaileazy.MainActivity, appPackage: in.retaileazy, automationName: UIAutomator2, deviceName: Redmi 12, fullReset: false, newCommandTimeout: 600, noReset: true, platformName: ANDROID}, appium:deviceApiLevel: 36, appium:deviceManufacturer: Google, appium:deviceModel: sdk_gphone64_x86_64, appium:deviceName: emulator-5554, appium:deviceScreenDensity: 420, appium:deviceScreenSize: 1080x2424, appium:deviceUDID: emulator-5554, appium:fullReset: false, appium:javascriptEnabled: true, appium:locationContextEnabled: false, appium:networkConnectionEnabled: true, appium:newCommandTimeout: 600, appium:noReset: true, appium:pixelRatio: 2.625, appium:platformVersion: 16, appium:statBarHeight: 137, appium:takesScreenshot: true, appium:viewportRect: {height: 2287, left: 0, top: 137, width: 1080}, appium:warnings: {}, appium:webStorageEnabled: false, platformName: ANDROID}
Session ID: 6d4af818-5003-47cd-ab5e-1e03faef5afc" type="org.openqa.selenium.TimeoutException">
      <![CDATA[org.openqa.selenium.TimeoutException: Expected condition failed: waiting for visibility of element located by AppiumBy.androidUIAutomator: new UiSelector().text("Seller Name") (tried for 20 second(s) with 500 milliseconds interval)
Build info: version: '4.34.0', revision: '707dcb4246*'
System info: os.name: 'Windows 10', os.arch: 'amd64', os.version: '10.0', java.version: '21.0.8'
Driver info: io.appium.java_client.android.AndroidDriver
Capabilities {appium:appActivity: in.retaileazy.MainActivity, appium:appPackage: in.retaileazy, appium:automationName: UIAutomator2, appium:databaseEnabled: false, appium:desired: {appActivity: in.retaileazy.MainActivity, appPackage: in.retaileazy, automationName: UIAutomator2, deviceName: Redmi 12, fullReset: false, newCommandTimeout: 600, noReset: true, platformName: ANDROID}, appium:deviceApiLevel: 36, appium:deviceManufacturer: Google, appium:deviceModel: sdk_gphone64_x86_64, appium:deviceName: emulator-5554, appium:deviceScreenDensity: 420, appium:deviceScreenSize: 1080x2424, appium:deviceUDID: emulator-5554, appium:fullReset: false, appium:javascriptEnabled: true, appium:locationContextEnabled: false, appium:networkConnectionEnabled: true, appium:newCommandTimeout: 600, appium:noReset: true, appium:pixelRatio: 2.625, appium:platformVersion: 16, appium:statBarHeight: 137, appium:takesScreenshot: true, appium:viewportRect: {height: 2287, left: 0, top: 137, width: 1080}, appium:warnings: {}, appium:webStorageEnabled: false, platformName: ANDROID}
Session ID: 6d4af818-5003-47cd-ab5e-1e03faef5afc
at org.openqa.selenium.support.ui.WebDriverWait.timeoutException(WebDriverWait.java:84)
at org.openqa.selenium.support.ui.FluentWait.until(FluentWait.java:228)
at utils.WaitUtils.waitForElementVisible(WaitUtils.java:32)
at Eazy_Retail.place_order.VerifySellerName_TextVisible(place_order.java:125)
at java.base/jdk.internal.reflect.DirectMethodHandleAccessor.invoke(DirectMethodHandleAccessor.java:103)
at java.base/java.lang.reflect.Method.invoke(Method.java:580)
at org.testng.internal.invokers.MethodInvocationHelper.invokeMethod(MethodInvocationHelper.java:141)
at org.testng.internal.invokers.TestInvoker.invokeMethod(TestInvoker.java:687)
at org.testng.internal.invokers.TestInvoker.invokeTestMethod(TestInvoker.java:230)
at org.testng.internal.invokers.MethodRunner.runInSequence(MethodRunner.java:63)
at org.testng.internal.invokers.TestInvoker$MethodInvocationAgent.invoke(TestInvoker.java:995)
at org.testng.internal.invokers.TestInvoker.invokeTestMethods(TestInvoker.java:203)
at org.testng.internal.invokers.TestMethodWorker.invokeTestMethods(TestMethodWorker.java:154)
at org.testng.internal.invokers.TestMethodWorker.run(TestMethodWorker.java:134)
at java.base/java.util.ArrayList.forEach(ArrayList.java:1596)
at org.testng.TestRunner.privateRun(TestRunner.java:741)
at org.testng.TestRunner.run(TestRunner.java:616)
at org.testng.SuiteRunner.runTest(SuiteRunner.java:421)
at org.testng.SuiteRunner.runSequentially(SuiteRunner.java:413)
at org.testng.SuiteRunner.privateRun(SuiteRunner.java:373)
at org.testng.SuiteRunner.run(SuiteRunner.java:312)
at org.testng.SuiteRunnerWorker.runSuite(SuiteRunnerWorker.java:52)
at org.testng.SuiteRunnerWorker.run(SuiteRunnerWorker.java:95)
at org.testng.TestNG.runSuitesSequentially(TestNG.java:1274)
at org.testng.TestNG.runSuitesLocally(TestNG.java:1208)
at org.testng.TestNG.runSuites(TestNG.java:1112)
at org.testng.TestNG.run(TestNG.java:1079)
at org.testng.remote.AbstractRemoteTestNG.run(AbstractRemoteTestNG.java:115)
at org.testng.remote.RemoteTestNG.initAndRun(RemoteTestNG.java:293)
at org.testng.remote.RemoteTestNG.main(RemoteTestNG.java:91)
]]>
    </error>
  </testcase> <!-- VerifySellerName_TextVisible -->
  <testcase classname="Eazy_Retail.place_order" name="VerifySellerNameVisible" time="0.135"/>
  <testcase classname="Eazy_Retail.place_order" name="VerifyRemark_TextVisible" time="20.171">
    <error message="Expected condition failed: waiting for visibility of element located by AppiumBy.androidUIAutomator: new UiSelector().text(&quot;Remark&quot;) (tried for 20 second(s) with 500 milliseconds interval)
Build info: version: &#039;4.34.0&#039;, revision: &#039;707dcb4246*&#039;
System info: os.name: &#039;Windows 10&#039;, os.arch: &#039;amd64&#039;, os.version: &#039;10.0&#039;, java.version: &#039;21.0.8&#039;
Driver info: io.appium.java_client.android.AndroidDriver
Capabilities {appium:appActivity: in.retaileazy.MainActivity, appium:appPackage: in.retaileazy, appium:automationName: UIAutomator2, appium:databaseEnabled: false, appium:desired: {appActivity: in.retaileazy.MainActivity, appPackage: in.retaileazy, automationName: UIAutomator2, deviceName: Redmi 12, fullReset: false, newCommandTimeout: 600, noReset: true, platformName: ANDROID}, appium:deviceApiLevel: 36, appium:deviceManufacturer: Google, appium:deviceModel: sdk_gphone64_x86_64, appium:deviceName: emulator-5554, appium:deviceScreenDensity: 420, appium:deviceScreenSize: 1080x2424, appium:deviceUDID: emulator-5554, appium:fullReset: false, appium:javascriptEnabled: true, appium:locationContextEnabled: false, appium:networkConnectionEnabled: true, appium:newCommandTimeout: 600, appium:noReset: true, appium:pixelRatio: 2.625, appium:platformVersion: 16, appium:statBarHeight: 137, appium:takesScreenshot: true, appium:viewportRect: {height: 2287, left: 0, top: 137, width: 1080}, appium:warnings: {}, appium:webStorageEnabled: false, platformName: ANDROID}
Session ID: 6d4af818-5003-47cd-ab5e-1e03faef5afc" type="org.openqa.selenium.TimeoutException">
      <![CDATA[org.openqa.selenium.TimeoutException: Expected condition failed: waiting for visibility of element located by AppiumBy.androidUIAutomator: new UiSelector().text("Remark") (tried for 20 second(s) with 500 milliseconds interval)
Build info: version: '4.34.0', revision: '707dcb4246*'
System info: os.name: 'Windows 10', os.arch: 'amd64', os.version: '10.0', java.version: '21.0.8'
Driver info: io.appium.java_client.android.AndroidDriver
Capabilities {appium:appActivity: in.retaileazy.MainActivity, appium:appPackage: in.retaileazy, appium:automationName: UIAutomator2, appium:databaseEnabled: false, appium:desired: {appActivity: in.retaileazy.MainActivity, appPackage: in.retaileazy, automationName: UIAutomator2, deviceName: Redmi 12, fullReset: false, newCommandTimeout: 600, noReset: true, platformName: ANDROID}, appium:deviceApiLevel: 36, appium:deviceManufacturer: Google, appium:deviceModel: sdk_gphone64_x86_64, appium:deviceName: emulator-5554, appium:deviceScreenDensity: 420, appium:deviceScreenSize: 1080x2424, appium:deviceUDID: emulator-5554, appium:fullReset: false, appium:javascriptEnabled: true, appium:locationContextEnabled: false, appium:networkConnectionEnabled: true, appium:newCommandTimeout: 600, appium:noReset: true, appium:pixelRatio: 2.625, appium:platformVersion: 16, appium:statBarHeight: 137, appium:takesScreenshot: true, appium:viewportRect: {height: 2287, left: 0, top: 137, width: 1080}, appium:warnings: {}, appium:webStorageEnabled: false, platformName: ANDROID}
Session ID: 6d4af818-5003-47cd-ab5e-1e03faef5afc
at org.openqa.selenium.support.ui.WebDriverWait.timeoutException(WebDriverWait.java:84)
at org.openqa.selenium.support.ui.FluentWait.until(FluentWait.java:228)
at utils.WaitUtils.waitForElementVisible(WaitUtils.java:32)
at Eazy_Retail.place_order.VerifyRemark_TextVisible(place_order.java:135)
at java.base/jdk.internal.reflect.DirectMethodHandleAccessor.invoke(DirectMethodHandleAccessor.java:103)
at java.base/java.lang.reflect.Method.invoke(Method.java:580)
at org.testng.internal.invokers.MethodInvocationHelper.invokeMethod(MethodInvocationHelper.java:141)
at org.testng.internal.invokers.TestInvoker.invokeMethod(TestInvoker.java:687)
at org.testng.internal.invokers.TestInvoker.invokeTestMethod(TestInvoker.java:230)
at org.testng.internal.invokers.MethodRunner.runInSequence(MethodRunner.java:63)
at org.testng.internal.invokers.TestInvoker$MethodInvocationAgent.invoke(TestInvoker.java:995)
at org.testng.internal.invokers.TestInvoker.invokeTestMethods(TestInvoker.java:203)
at org.testng.internal.invokers.TestMethodWorker.invokeTestMethods(TestMethodWorker.java:154)
at org.testng.internal.invokers.TestMethodWorker.run(TestMethodWorker.java:134)
at java.base/java.util.ArrayList.forEach(ArrayList.java:1596)
at org.testng.TestRunner.privateRun(TestRunner.java:741)
at org.testng.TestRunner.run(TestRunner.java:616)
at org.testng.SuiteRunner.runTest(SuiteRunner.java:421)
at org.testng.SuiteRunner.runSequentially(SuiteRunner.java:413)
at org.testng.SuiteRunner.privateRun(SuiteRunner.java:373)
at org.testng.SuiteRunner.run(SuiteRunner.java:312)
at org.testng.SuiteRunnerWorker.runSuite(SuiteRunnerWorker.java:52)
at org.testng.SuiteRunnerWorker.run(SuiteRunnerWorker.java:95)
at org.testng.TestNG.runSuitesSequentially(TestNG.java:1274)
at org.testng.TestNG.runSuitesLocally(TestNG.java:1208)
at org.testng.TestNG.runSuites(TestNG.java:1112)
at org.testng.TestNG.run(TestNG.java:1079)
at org.testng.remote.AbstractRemoteTestNG.run(AbstractRemoteTestNG.java:115)
at org.testng.remote.RemoteTestNG.initAndRun(RemoteTestNG.java:293)
at org.testng.remote.RemoteTestNG.main(RemoteTestNG.java:91)
]]>
    </error>
  </testcase> <!-- VerifyRemark_TextVisible -->
  <testcase classname="Eazy_Retail.place_order" name="VerifyRemarkVisible" time="20.255">
    <error message="Expected condition failed: waiting for visibility of element located by AppiumBy.androidUIAutomator: new UiSelector().text(&quot;Test&quot;) (tried for 20 second(s) with 500 milliseconds interval)
Build info: version: &#039;4.34.0&#039;, revision: &#039;707dcb4246*&#039;
System info: os.name: &#039;Windows 10&#039;, os.arch: &#039;amd64&#039;, os.version: &#039;10.0&#039;, java.version: &#039;21.0.8&#039;
Driver info: io.appium.java_client.android.AndroidDriver
Capabilities {appium:appActivity: in.retaileazy.MainActivity, appium:appPackage: in.retaileazy, appium:automationName: UIAutomator2, appium:databaseEnabled: false, appium:desired: {appActivity: in.retaileazy.MainActivity, appPackage: in.retaileazy, automationName: UIAutomator2, deviceName: Redmi 12, fullReset: false, newCommandTimeout: 600, noReset: true, platformName: ANDROID}, appium:deviceApiLevel: 36, appium:deviceManufacturer: Google, appium:deviceModel: sdk_gphone64_x86_64, appium:deviceName: emulator-5554, appium:deviceScreenDensity: 420, appium:deviceScreenSize: 1080x2424, appium:deviceUDID: emulator-5554, appium:fullReset: false, appium:javascriptEnabled: true, appium:locationContextEnabled: false, appium:networkConnectionEnabled: true, appium:newCommandTimeout: 600, appium:noReset: true, appium:pixelRatio: 2.625, appium:platformVersion: 16, appium:statBarHeight: 137, appium:takesScreenshot: true, appium:viewportRect: {height: 2287, left: 0, top: 137, width: 1080}, appium:warnings: {}, appium:webStorageEnabled: false, platformName: ANDROID}
Session ID: 6d4af818-5003-47cd-ab5e-1e03faef5afc" type="org.openqa.selenium.TimeoutException">
      <![CDATA[org.openqa.selenium.TimeoutException: Expected condition failed: waiting for visibility of element located by AppiumBy.androidUIAutomator: new UiSelector().text("Test") (tried for 20 second(s) with 500 milliseconds interval)
Build info: version: '4.34.0', revision: '707dcb4246*'
System info: os.name: 'Windows 10', os.arch: 'amd64', os.version: '10.0', java.version: '21.0.8'
Driver info: io.appium.java_client.android.AndroidDriver
Capabilities {appium:appActivity: in.retaileazy.MainActivity, appium:appPackage: in.retaileazy, appium:automationName: UIAutomator2, appium:databaseEnabled: false, appium:desired: {appActivity: in.retaileazy.MainActivity, appPackage: in.retaileazy, automationName: UIAutomator2, deviceName: Redmi 12, fullReset: false, newCommandTimeout: 600, noReset: true, platformName: ANDROID}, appium:deviceApiLevel: 36, appium:deviceManufacturer: Google, appium:deviceModel: sdk_gphone64_x86_64, appium:deviceName: emulator-5554, appium:deviceScreenDensity: 420, appium:deviceScreenSize: 1080x2424, appium:deviceUDID: emulator-5554, appium:fullReset: false, appium:javascriptEnabled: true, appium:locationContextEnabled: false, appium:networkConnectionEnabled: true, appium:newCommandTimeout: 600, appium:noReset: true, appium:pixelRatio: 2.625, appium:platformVersion: 16, appium:statBarHeight: 137, appium:takesScreenshot: true, appium:viewportRect: {height: 2287, left: 0, top: 137, width: 1080}, appium:warnings: {}, appium:webStorageEnabled: false, platformName: ANDROID}
Session ID: 6d4af818-5003-47cd-ab5e-1e03faef5afc
at org.openqa.selenium.support.ui.WebDriverWait.timeoutException(WebDriverWait.java:84)
at org.openqa.selenium.support.ui.FluentWait.until(FluentWait.java:228)
at utils.WaitUtils.waitForElementVisible(WaitUtils.java:32)
at Eazy_Retail.place_order.VerifyRemarkVisible(place_order.java:140)
at java.base/jdk.internal.reflect.DirectMethodHandleAccessor.invoke(DirectMethodHandleAccessor.java:103)
at java.base/java.lang.reflect.Method.invoke(Method.java:580)
at org.testng.internal.invokers.MethodInvocationHelper.invokeMethod(MethodInvocationHelper.java:141)
at org.testng.internal.invokers.TestInvoker.invokeMethod(TestInvoker.java:687)
at org.testng.internal.invokers.TestInvoker.invokeTestMethod(TestInvoker.java:230)
at org.testng.internal.invokers.MethodRunner.runInSequence(MethodRunner.java:63)
at org.testng.internal.invokers.TestInvoker$MethodInvocationAgent.invoke(TestInvoker.java:995)
at org.testng.internal.invokers.TestInvoker.invokeTestMethods(TestInvoker.java:203)
at org.testng.internal.invokers.TestMethodWorker.invokeTestMethods(TestMethodWorker.java:154)
at org.testng.internal.invokers.TestMethodWorker.run(TestMethodWorker.java:134)
at java.base/java.util.ArrayList.forEach(ArrayList.java:1596)
at org.testng.TestRunner.privateRun(TestRunner.java:741)
at org.testng.TestRunner.run(TestRunner.java:616)
at org.testng.SuiteRunner.runTest(SuiteRunner.java:421)
at org.testng.SuiteRunner.runSequentially(SuiteRunner.java:413)
at org.testng.SuiteRunner.privateRun(SuiteRunner.java:373)
at org.testng.SuiteRunner.run(SuiteRunner.java:312)
at org.testng.SuiteRunnerWorker.runSuite(SuiteRunnerWorker.java:52)
at org.testng.SuiteRunnerWorker.run(SuiteRunnerWorker.java:95)
at org.testng.TestNG.runSuitesSequentially(TestNG.java:1274)
at org.testng.TestNG.runSuitesLocally(TestNG.java:1208)
at org.testng.TestNG.runSuites(TestNG.java:1112)
at org.testng.TestNG.run(TestNG.java:1079)
at org.testng.remote.AbstractRemoteTestNG.run(AbstractRemoteTestNG.java:115)
at org.testng.remote.RemoteTestNG.initAndRun(RemoteTestNG.java:293)
at org.testng.remote.RemoteTestNG.main(RemoteTestNG.java:91)
]]>
    </error>
  </testcase> <!-- VerifyRemarkVisible -->
  <testcase classname="Eazy_Retail.place_order" name="VerifyOrderno_TextVisible" time="20.132">
    <error message="Expected condition failed: waiting for visibility of element located by AppiumBy.androidUIAutomator: new UiSelector().text(&quot;Order No :&quot;) (tried for 20 second(s) with 500 milliseconds interval)
Build info: version: &#039;4.34.0&#039;, revision: &#039;707dcb4246*&#039;
System info: os.name: &#039;Windows 10&#039;, os.arch: &#039;amd64&#039;, os.version: &#039;10.0&#039;, java.version: &#039;21.0.8&#039;
Driver info: io.appium.java_client.android.AndroidDriver
Capabilities {appium:appActivity: in.retaileazy.MainActivity, appium:appPackage: in.retaileazy, appium:automationName: UIAutomator2, appium:databaseEnabled: false, appium:desired: {appActivity: in.retaileazy.MainActivity, appPackage: in.retaileazy, automationName: UIAutomator2, deviceName: Redmi 12, fullReset: false, newCommandTimeout: 600, noReset: true, platformName: ANDROID}, appium:deviceApiLevel: 36, appium:deviceManufacturer: Google, appium:deviceModel: sdk_gphone64_x86_64, appium:deviceName: emulator-5554, appium:deviceScreenDensity: 420, appium:deviceScreenSize: 1080x2424, appium:deviceUDID: emulator-5554, appium:fullReset: false, appium:javascriptEnabled: true, appium:locationContextEnabled: false, appium:networkConnectionEnabled: true, appium:newCommandTimeout: 600, appium:noReset: true, appium:pixelRatio: 2.625, appium:platformVersion: 16, appium:statBarHeight: 137, appium:takesScreenshot: true, appium:viewportRect: {height: 2287, left: 0, top: 137, width: 1080}, appium:warnings: {}, appium:webStorageEnabled: false, platformName: ANDROID}
Session ID: 6d4af818-5003-47cd-ab5e-1e03faef5afc" type="org.openqa.selenium.TimeoutException">
      <![CDATA[org.openqa.selenium.TimeoutException: Expected condition failed: waiting for visibility of element located by AppiumBy.androidUIAutomator: new UiSelector().text("Order No :") (tried for 20 second(s) with 500 milliseconds interval)
Build info: version: '4.34.0', revision: '707dcb4246*'
System info: os.name: 'Windows 10', os.arch: 'amd64', os.version: '10.0', java.version: '21.0.8'
Driver info: io.appium.java_client.android.AndroidDriver
Capabilities {appium:appActivity: in.retaileazy.MainActivity, appium:appPackage: in.retaileazy, appium:automationName: UIAutomator2, appium:databaseEnabled: false, appium:desired: {appActivity: in.retaileazy.MainActivity, appPackage: in.retaileazy, automationName: UIAutomator2, deviceName: Redmi 12, fullReset: false, newCommandTimeout: 600, noReset: true, platformName: ANDROID}, appium:deviceApiLevel: 36, appium:deviceManufacturer: Google, appium:deviceModel: sdk_gphone64_x86_64, appium:deviceName: emulator-5554, appium:deviceScreenDensity: 420, appium:deviceScreenSize: 1080x2424, appium:deviceUDID: emulator-5554, appium:fullReset: false, appium:javascriptEnabled: true, appium:locationContextEnabled: false, appium:networkConnectionEnabled: true, appium:newCommandTimeout: 600, appium:noReset: true, appium:pixelRatio: 2.625, appium:platformVersion: 16, appium:statBarHeight: 137, appium:takesScreenshot: true, appium:viewportRect: {height: 2287, left: 0, top: 137, width: 1080}, appium:warnings: {}, appium:webStorageEnabled: false, platformName: ANDROID}
Session ID: 6d4af818-5003-47cd-ab5e-1e03faef5afc
at org.openqa.selenium.support.ui.WebDriverWait.timeoutException(WebDriverWait.java:84)
at org.openqa.selenium.support.ui.FluentWait.until(FluentWait.java:228)
at utils.WaitUtils.waitForElementVisible(WaitUtils.java:32)
at Eazy_Retail.place_order.VerifyOrderno_TextVisible(place_order.java:145)
at java.base/jdk.internal.reflect.DirectMethodHandleAccessor.invoke(DirectMethodHandleAccessor.java:103)
at java.base/java.lang.reflect.Method.invoke(Method.java:580)
at org.testng.internal.invokers.MethodInvocationHelper.invokeMethod(MethodInvocationHelper.java:141)
at org.testng.internal.invokers.TestInvoker.invokeMethod(TestInvoker.java:687)
at org.testng.internal.invokers.TestInvoker.invokeTestMethod(TestInvoker.java:230)
at org.testng.internal.invokers.MethodRunner.runInSequence(MethodRunner.java:63)
at org.testng.internal.invokers.TestInvoker$MethodInvocationAgent.invoke(TestInvoker.java:995)
at org.testng.internal.invokers.TestInvoker.invokeTestMethods(TestInvoker.java:203)
at org.testng.internal.invokers.TestMethodWorker.invokeTestMethods(TestMethodWorker.java:154)
at org.testng.internal.invokers.TestMethodWorker.run(TestMethodWorker.java:134)
at java.base/java.util.ArrayList.forEach(ArrayList.java:1596)
at org.testng.TestRunner.privateRun(TestRunner.java:741)
at org.testng.TestRunner.run(TestRunner.java:616)
at org.testng.SuiteRunner.runTest(SuiteRunner.java:421)
at org.testng.SuiteRunner.runSequentially(SuiteRunner.java:413)
at org.testng.SuiteRunner.privateRun(SuiteRunner.java:373)
at org.testng.SuiteRunner.run(SuiteRunner.java:312)
at org.testng.SuiteRunnerWorker.runSuite(SuiteRunnerWorker.java:52)
at org.testng.SuiteRunnerWorker.run(SuiteRunnerWorker.java:95)
at org.testng.TestNG.runSuitesSequentially(TestNG.java:1274)
at org.testng.TestNG.runSuitesLocally(TestNG.java:1208)
at org.testng.TestNG.runSuites(TestNG.java:1112)
at org.testng.TestNG.run(TestNG.java:1079)
at org.testng.remote.AbstractRemoteTestNG.run(AbstractRemoteTestNG.java:115)
at org.testng.remote.RemoteTestNG.initAndRun(RemoteTestNG.java:293)
at org.testng.remote.RemoteTestNG.main(RemoteTestNG.java:91)
]]>
    </error>
  </testcase> <!-- VerifyOrderno_TextVisible -->
  <testcase classname="Eazy_Retail.place_order" name="VerifyOrdernoVisible" time="20.449">
    <error message="Expected condition failed: waiting for visibility of element located by AppiumBy.androidUIAutomator: new UiSelector().text(&quot; DLR00000000158812~SOA-00000051 &quot;) (tried for 20 second(s) with 500 milliseconds interval)
Build info: version: &#039;4.34.0&#039;, revision: &#039;707dcb4246*&#039;
System info: os.name: &#039;Windows 10&#039;, os.arch: &#039;amd64&#039;, os.version: &#039;10.0&#039;, java.version: &#039;21.0.8&#039;
Driver info: io.appium.java_client.android.AndroidDriver
Capabilities {appium:appActivity: in.retaileazy.MainActivity, appium:appPackage: in.retaileazy, appium:automationName: UIAutomator2, appium:databaseEnabled: false, appium:desired: {appActivity: in.retaileazy.MainActivity, appPackage: in.retaileazy, automationName: UIAutomator2, deviceName: Redmi 12, fullReset: false, newCommandTimeout: 600, noReset: true, platformName: ANDROID}, appium:deviceApiLevel: 36, appium:deviceManufacturer: Google, appium:deviceModel: sdk_gphone64_x86_64, appium:deviceName: emulator-5554, appium:deviceScreenDensity: 420, appium:deviceScreenSize: 1080x2424, appium:deviceUDID: emulator-5554, appium:fullReset: false, appium:javascriptEnabled: true, appium:locationContextEnabled: false, appium:networkConnectionEnabled: true, appium:newCommandTimeout: 600, appium:noReset: true, appium:pixelRatio: 2.625, appium:platformVersion: 16, appium:statBarHeight: 137, appium:takesScreenshot: true, appium:viewportRect: {height: 2287, left: 0, top: 137, width: 1080}, appium:warnings: {}, appium:webStorageEnabled: false, platformName: ANDROID}
Session ID: 6d4af818-5003-47cd-ab5e-1e03faef5afc" type="org.openqa.selenium.TimeoutException">
      <![CDATA[org.openqa.selenium.TimeoutException: Expected condition failed: waiting for visibility of element located by AppiumBy.androidUIAutomator: new UiSelector().text(" DLR00000000158812~SOA-00000051 ") (tried for 20 second(s) with 500 milliseconds interval)
Build info: version: '4.34.0', revision: '707dcb4246*'
System info: os.name: 'Windows 10', os.arch: 'amd64', os.version: '10.0', java.version: '21.0.8'
Driver info: io.appium.java_client.android.AndroidDriver
Capabilities {appium:appActivity: in.retaileazy.MainActivity, appium:appPackage: in.retaileazy, appium:automationName: UIAutomator2, appium:databaseEnabled: false, appium:desired: {appActivity: in.retaileazy.MainActivity, appPackage: in.retaileazy, automationName: UIAutomator2, deviceName: Redmi 12, fullReset: false, newCommandTimeout: 600, noReset: true, platformName: ANDROID}, appium:deviceApiLevel: 36, appium:deviceManufacturer: Google, appium:deviceModel: sdk_gphone64_x86_64, appium:deviceName: emulator-5554, appium:deviceScreenDensity: 420, appium:deviceScreenSize: 1080x2424, appium:deviceUDID: emulator-5554, appium:fullReset: false, appium:javascriptEnabled: true, appium:locationContextEnabled: false, appium:networkConnectionEnabled: true, appium:newCommandTimeout: 600, appium:noReset: true, appium:pixelRatio: 2.625, appium:platformVersion: 16, appium:statBarHeight: 137, appium:takesScreenshot: true, appium:viewportRect: {height: 2287, left: 0, top: 137, width: 1080}, appium:warnings: {}, appium:webStorageEnabled: false, platformName: ANDROID}
Session ID: 6d4af818-5003-47cd-ab5e-1e03faef5afc
at org.openqa.selenium.support.ui.WebDriverWait.timeoutException(WebDriverWait.java:84)
at org.openqa.selenium.support.ui.FluentWait.until(FluentWait.java:228)
at utils.WaitUtils.waitForElementVisible(WaitUtils.java:32)
at Eazy_Retail.place_order.VerifyOrdernoVisible(place_order.java:152)
at java.base/jdk.internal.reflect.DirectMethodHandleAccessor.invoke(DirectMethodHandleAccessor.java:103)
at java.base/java.lang.reflect.Method.invoke(Method.java:580)
at org.testng.internal.invokers.MethodInvocationHelper.invokeMethod(MethodInvocationHelper.java:141)
at org.testng.internal.invokers.TestInvoker.invokeMethod(TestInvoker.java:687)
at org.testng.internal.invokers.TestInvoker.invokeTestMethod(TestInvoker.java:230)
at org.testng.internal.invokers.MethodRunner.runInSequence(MethodRunner.java:63)
at org.testng.internal.invokers.TestInvoker$MethodInvocationAgent.invoke(TestInvoker.java:995)
at org.testng.internal.invokers.TestInvoker.invokeTestMethods(TestInvoker.java:203)
at org.testng.internal.invokers.TestMethodWorker.invokeTestMethods(TestMethodWorker.java:154)
at org.testng.internal.invokers.TestMethodWorker.run(TestMethodWorker.java:134)
at java.base/java.util.ArrayList.forEach(ArrayList.java:1596)
at org.testng.TestRunner.privateRun(TestRunner.java:741)
at org.testng.TestRunner.run(TestRunner.java:616)
at org.testng.SuiteRunner.runTest(SuiteRunner.java:421)
at org.testng.SuiteRunner.runSequentially(SuiteRunner.java:413)
at org.testng.SuiteRunner.privateRun(SuiteRunner.java:373)
at org.testng.SuiteRunner.run(SuiteRunner.java:312)
at org.testng.SuiteRunnerWorker.runSuite(SuiteRunnerWorker.java:52)
at org.testng.SuiteRunnerWorker.run(SuiteRunnerWorker.java:95)
at org.testng.TestNG.runSuitesSequentially(TestNG.java:1274)
at org.testng.TestNG.runSuitesLocally(TestNG.java:1208)
at org.testng.TestNG.runSuites(TestNG.java:1112)
at org.testng.TestNG.run(TestNG.java:1079)
at org.testng.remote.AbstractRemoteTestNG.run(AbstractRemoteTestNG.java:115)
at org.testng.remote.RemoteTestNG.initAndRun(RemoteTestNG.java:293)
at org.testng.remote.RemoteTestNG.main(RemoteTestNG.java:91)
]]>
    </error>
  </testcase> <!-- VerifyOrdernoVisible -->
  <testcase classname="Eazy_Retail.place_order" name="VerifyOrderdate_TextVisible" time="20.043">
    <error message="Expected condition failed: waiting for visibility of element located by AppiumBy.androidUIAutomator: new UiSelector().text(&quot;Date :&quot;) (tried for 20 second(s) with 500 milliseconds interval)
Build info: version: &#039;4.34.0&#039;, revision: &#039;707dcb4246*&#039;
System info: os.name: &#039;Windows 10&#039;, os.arch: &#039;amd64&#039;, os.version: &#039;10.0&#039;, java.version: &#039;21.0.8&#039;
Driver info: io.appium.java_client.android.AndroidDriver
Capabilities {appium:appActivity: in.retaileazy.MainActivity, appium:appPackage: in.retaileazy, appium:automationName: UIAutomator2, appium:databaseEnabled: false, appium:desired: {appActivity: in.retaileazy.MainActivity, appPackage: in.retaileazy, automationName: UIAutomator2, deviceName: Redmi 12, fullReset: false, newCommandTimeout: 600, noReset: true, platformName: ANDROID}, appium:deviceApiLevel: 36, appium:deviceManufacturer: Google, appium:deviceModel: sdk_gphone64_x86_64, appium:deviceName: emulator-5554, appium:deviceScreenDensity: 420, appium:deviceScreenSize: 1080x2424, appium:deviceUDID: emulator-5554, appium:fullReset: false, appium:javascriptEnabled: true, appium:locationContextEnabled: false, appium:networkConnectionEnabled: true, appium:newCommandTimeout: 600, appium:noReset: true, appium:pixelRatio: 2.625, appium:platformVersion: 16, appium:statBarHeight: 137, appium:takesScreenshot: true, appium:viewportRect: {height: 2287, left: 0, top: 137, width: 1080}, appium:warnings: {}, appium:webStorageEnabled: false, platformName: ANDROID}
Session ID: 6d4af818-5003-47cd-ab5e-1e03faef5afc" type="org.openqa.selenium.TimeoutException">
      <![CDATA[org.openqa.selenium.TimeoutException: Expected condition failed: waiting for visibility of element located by AppiumBy.androidUIAutomator: new UiSelector().text("Date :") (tried for 20 second(s) with 500 milliseconds interval)
Build info: version: '4.34.0', revision: '707dcb4246*'
System info: os.name: 'Windows 10', os.arch: 'amd64', os.version: '10.0', java.version: '21.0.8'
Driver info: io.appium.java_client.android.AndroidDriver
Capabilities {appium:appActivity: in.retaileazy.MainActivity, appium:appPackage: in.retaileazy, appium:automationName: UIAutomator2, appium:databaseEnabled: false, appium:desired: {appActivity: in.retaileazy.MainActivity, appPackage: in.retaileazy, automationName: UIAutomator2, deviceName: Redmi 12, fullReset: false, newCommandTimeout: 600, noReset: true, platformName: ANDROID}, appium:deviceApiLevel: 36, appium:deviceManufacturer: Google, appium:deviceModel: sdk_gphone64_x86_64, appium:deviceName: emulator-5554, appium:deviceScreenDensity: 420, appium:deviceScreenSize: 1080x2424, appium:deviceUDID: emulator-5554, appium:fullReset: false, appium:javascriptEnabled: true, appium:locationContextEnabled: false, appium:networkConnectionEnabled: true, appium:newCommandTimeout: 600, appium:noReset: true, appium:pixelRatio: 2.625, appium:platformVersion: 16, appium:statBarHeight: 137, appium:takesScreenshot: true, appium:viewportRect: {height: 2287, left: 0, top: 137, width: 1080}, appium:warnings: {}, appium:webStorageEnabled: false, platformName: ANDROID}
Session ID: 6d4af818-5003-47cd-ab5e-1e03faef5afc
at org.openqa.selenium.support.ui.WebDriverWait.timeoutException(WebDriverWait.java:84)
at org.openqa.selenium.support.ui.FluentWait.until(FluentWait.java:228)
at utils.WaitUtils.waitForElementVisible(WaitUtils.java:32)
at Eazy_Retail.place_order.VerifyOrderdate_TextVisible(place_order.java:158)
at java.base/jdk.internal.reflect.DirectMethodHandleAccessor.invoke(DirectMethodHandleAccessor.java:103)
at java.base/java.lang.reflect.Method.invoke(Method.java:580)
at org.testng.internal.invokers.MethodInvocationHelper.invokeMethod(MethodInvocationHelper.java:141)
at org.testng.internal.invokers.TestInvoker.invokeMethod(TestInvoker.java:687)
at org.testng.internal.invokers.TestInvoker.invokeTestMethod(TestInvoker.java:230)
at org.testng.internal.invokers.MethodRunner.runInSequence(MethodRunner.java:63)
at org.testng.internal.invokers.TestInvoker$MethodInvocationAgent.invoke(TestInvoker.java:995)
at org.testng.internal.invokers.TestInvoker.invokeTestMethods(TestInvoker.java:203)
at org.testng.internal.invokers.TestMethodWorker.invokeTestMethods(TestMethodWorker.java:154)
at org.testng.internal.invokers.TestMethodWorker.run(TestMethodWorker.java:134)
at java.base/java.util.ArrayList.forEach(ArrayList.java:1596)
at org.testng.TestRunner.privateRun(TestRunner.java:741)
at org.testng.TestRunner.run(TestRunner.java:616)
at org.testng.SuiteRunner.runTest(SuiteRunner.java:421)
at org.testng.SuiteRunner.runSequentially(SuiteRunner.java:413)
at org.testng.SuiteRunner.privateRun(SuiteRunner.java:373)
at org.testng.SuiteRunner.run(SuiteRunner.java:312)
at org.testng.SuiteRunnerWorker.runSuite(SuiteRunnerWorker.java:52)
at org.testng.SuiteRunnerWorker.run(SuiteRunnerWorker.java:95)
at org.testng.TestNG.runSuitesSequentially(TestNG.java:1274)
at org.testng.TestNG.runSuitesLocally(TestNG.java:1208)
at org.testng.TestNG.runSuites(TestNG.java:1112)
at org.testng.TestNG.run(TestNG.java:1079)
at org.testng.remote.AbstractRemoteTestNG.run(AbstractRemoteTestNG.java:115)
at org.testng.remote.RemoteTestNG.initAndRun(RemoteTestNG.java:293)
at org.testng.remote.RemoteTestNG.main(RemoteTestNG.java:91)
]]>
    </error>
  </testcase> <!-- VerifyOrderdate_TextVisible -->
  <testcase classname="Eazy_Retail.place_order" name="VerifyOrderdateVisible" time="20.813">
    <error message="Expected condition failed: waiting for visibility of element located by AppiumBy.androidUIAutomator: new UiSelector().text(&quot;10-Oct-2025&quot;) (tried for 20 second(s) with 500 milliseconds interval)
Build info: version: &#039;4.34.0&#039;, revision: &#039;707dcb4246*&#039;
System info: os.name: &#039;Windows 10&#039;, os.arch: &#039;amd64&#039;, os.version: &#039;10.0&#039;, java.version: &#039;21.0.8&#039;
Driver info: io.appium.java_client.android.AndroidDriver
Capabilities {appium:appActivity: in.retaileazy.MainActivity, appium:appPackage: in.retaileazy, appium:automationName: UIAutomator2, appium:databaseEnabled: false, appium:desired: {appActivity: in.retaileazy.MainActivity, appPackage: in.retaileazy, automationName: UIAutomator2, deviceName: Redmi 12, fullReset: false, newCommandTimeout: 600, noReset: true, platformName: ANDROID}, appium:deviceApiLevel: 36, appium:deviceManufacturer: Google, appium:deviceModel: sdk_gphone64_x86_64, appium:deviceName: emulator-5554, appium:deviceScreenDensity: 420, appium:deviceScreenSize: 1080x2424, appium:deviceUDID: emulator-5554, appium:fullReset: false, appium:javascriptEnabled: true, appium:locationContextEnabled: false, appium:networkConnectionEnabled: true, appium:newCommandTimeout: 600, appium:noReset: true, appium:pixelRatio: 2.625, appium:platformVersion: 16, appium:statBarHeight: 137, appium:takesScreenshot: true, appium:viewportRect: {height: 2287, left: 0, top: 137, width: 1080}, appium:warnings: {}, appium:webStorageEnabled: false, platformName: ANDROID}
Session ID: 6d4af818-5003-47cd-ab5e-1e03faef5afc" type="org.openqa.selenium.TimeoutException">
      <![CDATA[org.openqa.selenium.TimeoutException: Expected condition failed: waiting for visibility of element located by AppiumBy.androidUIAutomator: new UiSelector().text("10-Oct-2025") (tried for 20 second(s) with 500 milliseconds interval)
Build info: version: '4.34.0', revision: '707dcb4246*'
System info: os.name: 'Windows 10', os.arch: 'amd64', os.version: '10.0', java.version: '21.0.8'
Driver info: io.appium.java_client.android.AndroidDriver
Capabilities {appium:appActivity: in.retaileazy.MainActivity, appium:appPackage: in.retaileazy, appium:automationName: UIAutomator2, appium:databaseEnabled: false, appium:desired: {appActivity: in.retaileazy.MainActivity, appPackage: in.retaileazy, automationName: UIAutomator2, deviceName: Redmi 12, fullReset: false, newCommandTimeout: 600, noReset: true, platformName: ANDROID}, appium:deviceApiLevel: 36, appium:deviceManufacturer: Google, appium:deviceModel: sdk_gphone64_x86_64, appium:deviceName: emulator-5554, appium:deviceScreenDensity: 420, appium:deviceScreenSize: 1080x2424, appium:deviceUDID: emulator-5554, appium:fullReset: false, appium:javascriptEnabled: true, appium:locationContextEnabled: false, appium:networkConnectionEnabled: true, appium:newCommandTimeout: 600, appium:noReset: true, appium:pixelRatio: 2.625, appium:platformVersion: 16, appium:statBarHeight: 137, appium:takesScreenshot: true, appium:viewportRect: {height: 2287, left: 0, top: 137, width: 1080}, appium:warnings: {}, appium:webStorageEnabled: false, platformName: ANDROID}
Session ID: 6d4af818-5003-47cd-ab5e-1e03faef5afc
at org.openqa.selenium.support.ui.WebDriverWait.timeoutException(WebDriverWait.java:84)
at org.openqa.selenium.support.ui.FluentWait.until(FluentWait.java:228)
at utils.WaitUtils.waitForElementVisible(WaitUtils.java:32)
at Eazy_Retail.place_order.VerifyOrderdateVisible(place_order.java:164)
at java.base/jdk.internal.reflect.DirectMethodHandleAccessor.invoke(DirectMethodHandleAccessor.java:103)
at java.base/java.lang.reflect.Method.invoke(Method.java:580)
at org.testng.internal.invokers.MethodInvocationHelper.invokeMethod(MethodInvocationHelper.java:141)
at org.testng.internal.invokers.TestInvoker.invokeMethod(TestInvoker.java:687)
at org.testng.internal.invokers.TestInvoker.invokeTestMethod(TestInvoker.java:230)
at org.testng.internal.invokers.MethodRunner.runInSequence(MethodRunner.java:63)
at org.testng.internal.invokers.TestInvoker$MethodInvocationAgent.invoke(TestInvoker.java:995)
at org.testng.internal.invokers.TestInvoker.invokeTestMethods(TestInvoker.java:203)
at org.testng.internal.invokers.TestMethodWorker.invokeTestMethods(TestMethodWorker.java:154)
at org.testng.internal.invokers.TestMethodWorker.run(TestMethodWorker.java:134)
at java.base/java.util.ArrayList.forEach(ArrayList.java:1596)
at org.testng.TestRunner.privateRun(TestRunner.java:741)
at org.testng.TestRunner.run(TestRunner.java:616)
at org.testng.SuiteRunner.runTest(SuiteRunner.java:421)
at org.testng.SuiteRunner.runSequentially(SuiteRunner.java:413)
at org.testng.SuiteRunner.privateRun(SuiteRunner.java:373)
at org.testng.SuiteRunner.run(SuiteRunner.java:312)
at org.testng.SuiteRunnerWorker.runSuite(SuiteRunnerWorker.java:52)
at org.testng.SuiteRunnerWorker.run(SuiteRunnerWorker.java:95)
at org.testng.TestNG.runSuitesSequentially(TestNG.java:1274)
at org.testng.TestNG.runSuitesLocally(TestNG.java:1208)
at org.testng.TestNG.runSuites(TestNG.java:1112)
at org.testng.TestNG.run(TestNG.java:1079)
at org.testng.remote.AbstractRemoteTestNG.run(AbstractRemoteTestNG.java:115)
at org.testng.remote.RemoteTestNG.initAndRun(RemoteTestNG.java:293)
at org.testng.remote.RemoteTestNG.main(RemoteTestNG.java:91)
]]>
    </error>
  </testcase> <!-- VerifyOrderdateVisible -->
  <testcase classname="Eazy_Retail.place_order" name="VerifyItemDetails_TextVisible" time="20.527">
    <error message="Expected condition failed: waiting for visibility of element located by AppiumBy.androidUIAutomator: new UiSelector().text(&quot;Item Details&quot;) (tried for 20 second(s) with 500 milliseconds interval)
Build info: version: &#039;4.34.0&#039;, revision: &#039;707dcb4246*&#039;
System info: os.name: &#039;Windows 10&#039;, os.arch: &#039;amd64&#039;, os.version: &#039;10.0&#039;, java.version: &#039;21.0.8&#039;
Driver info: io.appium.java_client.android.AndroidDriver
Capabilities {appium:appActivity: in.retaileazy.MainActivity, appium:appPackage: in.retaileazy, appium:automationName: UIAutomator2, appium:databaseEnabled: false, appium:desired: {appActivity: in.retaileazy.MainActivity, appPackage: in.retaileazy, automationName: UIAutomator2, deviceName: Redmi 12, fullReset: false, newCommandTimeout: 600, noReset: true, platformName: ANDROID}, appium:deviceApiLevel: 36, appium:deviceManufacturer: Google, appium:deviceModel: sdk_gphone64_x86_64, appium:deviceName: emulator-5554, appium:deviceScreenDensity: 420, appium:deviceScreenSize: 1080x2424, appium:deviceUDID: emulator-5554, appium:fullReset: false, appium:javascriptEnabled: true, appium:locationContextEnabled: false, appium:networkConnectionEnabled: true, appium:newCommandTimeout: 600, appium:noReset: true, appium:pixelRatio: 2.625, appium:platformVersion: 16, appium:statBarHeight: 137, appium:takesScreenshot: true, appium:viewportRect: {height: 2287, left: 0, top: 137, width: 1080}, appium:warnings: {}, appium:webStorageEnabled: false, platformName: ANDROID}
Session ID: 6d4af818-5003-47cd-ab5e-1e03faef5afc" type="org.openqa.selenium.TimeoutException">
      <![CDATA[org.openqa.selenium.TimeoutException: Expected condition failed: waiting for visibility of element located by AppiumBy.androidUIAutomator: new UiSelector().text("Item Details") (tried for 20 second(s) with 500 milliseconds interval)
Build info: version: '4.34.0', revision: '707dcb4246*'
System info: os.name: 'Windows 10', os.arch: 'amd64', os.version: '10.0', java.version: '21.0.8'
Driver info: io.appium.java_client.android.AndroidDriver
Capabilities {appium:appActivity: in.retaileazy.MainActivity, appium:appPackage: in.retaileazy, appium:automationName: UIAutomator2, appium:databaseEnabled: false, appium:desired: {appActivity: in.retaileazy.MainActivity, appPackage: in.retaileazy, automationName: UIAutomator2, deviceName: Redmi 12, fullReset: false, newCommandTimeout: 600, noReset: true, platformName: ANDROID}, appium:deviceApiLevel: 36, appium:deviceManufacturer: Google, appium:deviceModel: sdk_gphone64_x86_64, appium:deviceName: emulator-5554, appium:deviceScreenDensity: 420, appium:deviceScreenSize: 1080x2424, appium:deviceUDID: emulator-5554, appium:fullReset: false, appium:javascriptEnabled: true, appium:locationContextEnabled: false, appium:networkConnectionEnabled: true, appium:newCommandTimeout: 600, appium:noReset: true, appium:pixelRatio: 2.625, appium:platformVersion: 16, appium:statBarHeight: 137, appium:takesScreenshot: true, appium:viewportRect: {height: 2287, left: 0, top: 137, width: 1080}, appium:warnings: {}, appium:webStorageEnabled: false, platformName: ANDROID}
Session ID: 6d4af818-5003-47cd-ab5e-1e03faef5afc
at org.openqa.selenium.support.ui.WebDriverWait.timeoutException(WebDriverWait.java:84)
at org.openqa.selenium.support.ui.FluentWait.until(FluentWait.java:228)
at utils.WaitUtils.waitForElementVisible(WaitUtils.java:32)
at Eazy_Retail.place_order.VerifyItemDetails_TextVisible(place_order.java:169)
at java.base/jdk.internal.reflect.DirectMethodHandleAccessor.invoke(DirectMethodHandleAccessor.java:103)
at java.base/java.lang.reflect.Method.invoke(Method.java:580)
at org.testng.internal.invokers.MethodInvocationHelper.invokeMethod(MethodInvocationHelper.java:141)
at org.testng.internal.invokers.TestInvoker.invokeMethod(TestInvoker.java:687)
at org.testng.internal.invokers.TestInvoker.invokeTestMethod(TestInvoker.java:230)
at org.testng.internal.invokers.MethodRunner.runInSequence(MethodRunner.java:63)
at org.testng.internal.invokers.TestInvoker$MethodInvocationAgent.invoke(TestInvoker.java:995)
at org.testng.internal.invokers.TestInvoker.invokeTestMethods(TestInvoker.java:203)
at org.testng.internal.invokers.TestMethodWorker.invokeTestMethods(TestMethodWorker.java:154)
at org.testng.internal.invokers.TestMethodWorker.run(TestMethodWorker.java:134)
at java.base/java.util.ArrayList.forEach(ArrayList.java:1596)
at org.testng.TestRunner.privateRun(TestRunner.java:741)
at org.testng.TestRunner.run(TestRunner.java:616)
at org.testng.SuiteRunner.runTest(SuiteRunner.java:421)
at org.testng.SuiteRunner.runSequentially(SuiteRunner.java:413)
at org.testng.SuiteRunner.privateRun(SuiteRunner.java:373)
at org.testng.SuiteRunner.run(SuiteRunner.java:312)
at org.testng.SuiteRunnerWorker.runSuite(SuiteRunnerWorker.java:52)
at org.testng.SuiteRunnerWorker.run(SuiteRunnerWorker.java:95)
at org.testng.TestNG.runSuitesSequentially(TestNG.java:1274)
at org.testng.TestNG.runSuitesLocally(TestNG.java:1208)
at org.testng.TestNG.runSuites(TestNG.java:1112)
at org.testng.TestNG.run(TestNG.java:1079)
at org.testng.remote.AbstractRemoteTestNG.run(AbstractRemoteTestNG.java:115)
at org.testng.remote.RemoteTestNG.initAndRun(RemoteTestNG.java:293)
at org.testng.remote.RemoteTestNG.main(RemoteTestNG.java:91)
]]>
    </error>
  </testcase> <!-- VerifyItemDetails_TextVisible -->
  <testcase classname="Eazy_Retail.place_order" name="VerifyItemNameVisible" time="20.415">
    <error message="Expected condition failed: waiting for visibility of element located by By.xpath: (//android.widget.TextView[@text=&quot;Full Pedastal For Wash Basin (WTS0701SW)-WTS0801SW&quot;])[1] (tried for 20 second(s) with 500 milliseconds interval)
Build info: version: &#039;4.34.0&#039;, revision: &#039;707dcb4246*&#039;
System info: os.name: &#039;Windows 10&#039;, os.arch: &#039;amd64&#039;, os.version: &#039;10.0&#039;, java.version: &#039;21.0.8&#039;
Driver info: io.appium.java_client.android.AndroidDriver
Capabilities {appium:appActivity: in.retaileazy.MainActivity, appium:appPackage: in.retaileazy, appium:automationName: UIAutomator2, appium:databaseEnabled: false, appium:desired: {appActivity: in.retaileazy.MainActivity, appPackage: in.retaileazy, automationName: UIAutomator2, deviceName: Redmi 12, fullReset: false, newCommandTimeout: 600, noReset: true, platformName: ANDROID}, appium:deviceApiLevel: 36, appium:deviceManufacturer: Google, appium:deviceModel: sdk_gphone64_x86_64, appium:deviceName: emulator-5554, appium:deviceScreenDensity: 420, appium:deviceScreenSize: 1080x2424, appium:deviceUDID: emulator-5554, appium:fullReset: false, appium:javascriptEnabled: true, appium:locationContextEnabled: false, appium:networkConnectionEnabled: true, appium:newCommandTimeout: 600, appium:noReset: true, appium:pixelRatio: 2.625, appium:platformVersion: 16, appium:statBarHeight: 137, appium:takesScreenshot: true, appium:viewportRect: {height: 2287, left: 0, top: 137, width: 1080}, appium:warnings: {}, appium:webStorageEnabled: false, platformName: ANDROID}
Session ID: 6d4af818-5003-47cd-ab5e-1e03faef5afc" type="org.openqa.selenium.TimeoutException">
      <![CDATA[org.openqa.selenium.TimeoutException: Expected condition failed: waiting for visibility of element located by By.xpath: (//android.widget.TextView[@text="Full Pedastal For Wash Basin (WTS0701SW)-WTS0801SW"])[1] (tried for 20 second(s) with 500 milliseconds interval)
Build info: version: '4.34.0', revision: '707dcb4246*'
System info: os.name: 'Windows 10', os.arch: 'amd64', os.version: '10.0', java.version: '21.0.8'
Driver info: io.appium.java_client.android.AndroidDriver
Capabilities {appium:appActivity: in.retaileazy.MainActivity, appium:appPackage: in.retaileazy, appium:automationName: UIAutomator2, appium:databaseEnabled: false, appium:desired: {appActivity: in.retaileazy.MainActivity, appPackage: in.retaileazy, automationName: UIAutomator2, deviceName: Redmi 12, fullReset: false, newCommandTimeout: 600, noReset: true, platformName: ANDROID}, appium:deviceApiLevel: 36, appium:deviceManufacturer: Google, appium:deviceModel: sdk_gphone64_x86_64, appium:deviceName: emulator-5554, appium:deviceScreenDensity: 420, appium:deviceScreenSize: 1080x2424, appium:deviceUDID: emulator-5554, appium:fullReset: false, appium:javascriptEnabled: true, appium:locationContextEnabled: false, appium:networkConnectionEnabled: true, appium:newCommandTimeout: 600, appium:noReset: true, appium:pixelRatio: 2.625, appium:platformVersion: 16, appium:statBarHeight: 137, appium:takesScreenshot: true, appium:viewportRect: {height: 2287, left: 0, top: 137, width: 1080}, appium:warnings: {}, appium:webStorageEnabled: false, platformName: ANDROID}
Session ID: 6d4af818-5003-47cd-ab5e-1e03faef5afc
at org.openqa.selenium.support.ui.WebDriverWait.timeoutException(WebDriverWait.java:84)
at org.openqa.selenium.support.ui.FluentWait.until(FluentWait.java:228)
at utils.WaitUtils.waitForElementVisible(WaitUtils.java:32)
at Eazy_Retail.place_order.VerifyItemNameVisible(place_order.java:175)
at java.base/jdk.internal.reflect.DirectMethodHandleAccessor.invoke(DirectMethodHandleAccessor.java:103)
at java.base/java.lang.reflect.Method.invoke(Method.java:580)
at org.testng.internal.invokers.MethodInvocationHelper.invokeMethod(MethodInvocationHelper.java:141)
at org.testng.internal.invokers.TestInvoker.invokeMethod(TestInvoker.java:687)
at org.testng.internal.invokers.TestInvoker.invokeTestMethod(TestInvoker.java:230)
at org.testng.internal.invokers.MethodRunner.runInSequence(MethodRunner.java:63)
at org.testng.internal.invokers.TestInvoker$MethodInvocationAgent.invoke(TestInvoker.java:995)
at org.testng.internal.invokers.TestInvoker.invokeTestMethods(TestInvoker.java:203)
at org.testng.internal.invokers.TestMethodWorker.invokeTestMethods(TestMethodWorker.java:154)
at org.testng.internal.invokers.TestMethodWorker.run(TestMethodWorker.java:134)
at java.base/java.util.ArrayList.forEach(ArrayList.java:1596)
at org.testng.TestRunner.privateRun(TestRunner.java:741)
at org.testng.TestRunner.run(TestRunner.java:616)
at org.testng.SuiteRunner.runTest(SuiteRunner.java:421)
at org.testng.SuiteRunner.runSequentially(SuiteRunner.java:413)
at org.testng.SuiteRunner.privateRun(SuiteRunner.java:373)
at org.testng.SuiteRunner.run(SuiteRunner.java:312)
at org.testng.SuiteRunnerWorker.runSuite(SuiteRunnerWorker.java:52)
at org.testng.SuiteRunnerWorker.run(SuiteRunnerWorker.java:95)
at org.testng.TestNG.runSuitesSequentially(TestNG.java:1274)
at org.testng.TestNG.runSuitesLocally(TestNG.java:1208)
at org.testng.TestNG.runSuites(TestNG.java:1112)
at org.testng.TestNG.run(TestNG.java:1079)
at org.testng.remote.AbstractRemoteTestNG.run(AbstractRemoteTestNG.java:115)
at org.testng.remote.RemoteTestNG.initAndRun(RemoteTestNG.java:293)
at org.testng.remote.RemoteTestNG.main(RemoteTestNG.java:91)
]]>
    </error>
  </testcase> <!-- VerifyItemNameVisible -->
  <testcase classname="Eazy_Retail.place_order" name="VerifyPendingOrders" time="20.278">
    <error message="Expected condition failed: waiting for visibility of element located by By.xpath: //android.widget.FrameLayout[@resource-id=&quot;android:id/content&quot;]/android.widget.FrameLayout/android.view.ViewGroup/android.view.ViewGroup/android.view.ViewGroup[3]/android.view.ViewGroup/android.view.ViewGroup/android.view.ViewGroup[1]/android.widget.FrameLayout/android.view.ViewGroup/android.view.ViewGroup/android.view.ViewGroup/android.view.ViewGroup/android.view.ViewGroup/android.view.ViewGroup/android.view.ViewGroup/android.view.ViewGroup/android.view.ViewGroup/com.horcrux.svg.SvgView/com.horcrux.svg.GroupView/com.horcrux.svg.PathView (tried for 20 second(s) with 500 milliseconds interval)
Build info: version: &#039;4.34.0&#039;, revision: &#039;707dcb4246*&#039;
System info: os.name: &#039;Windows 10&#039;, os.arch: &#039;amd64&#039;, os.version: &#039;10.0&#039;, java.version: &#039;21.0.8&#039;
Driver info: io.appium.java_client.android.AndroidDriver
Capabilities {appium:appActivity: in.retaileazy.MainActivity, appium:appPackage: in.retaileazy, appium:automationName: UIAutomator2, appium:databaseEnabled: false, appium:desired: {appActivity: in.retaileazy.MainActivity, appPackage: in.retaileazy, automationName: UIAutomator2, deviceName: Redmi 12, fullReset: false, newCommandTimeout: 600, noReset: true, platformName: ANDROID}, appium:deviceApiLevel: 36, appium:deviceManufacturer: Google, appium:deviceModel: sdk_gphone64_x86_64, appium:deviceName: emulator-5554, appium:deviceScreenDensity: 420, appium:deviceScreenSize: 1080x2424, appium:deviceUDID: emulator-5554, appium:fullReset: false, appium:javascriptEnabled: true, appium:locationContextEnabled: false, appium:networkConnectionEnabled: true, appium:newCommandTimeout: 600, appium:noReset: true, appium:pixelRatio: 2.625, appium:platformVersion: 16, appium:statBarHeight: 137, appium:takesScreenshot: true, appium:viewportRect: {height: 2287, left: 0, top: 137, width: 1080}, appium:warnings: {}, appium:webStorageEnabled: false, platformName: ANDROID}
Session ID: 6d4af818-5003-47cd-ab5e-1e03faef5afc" type="org.openqa.selenium.TimeoutException">
      <![CDATA[org.openqa.selenium.TimeoutException: Expected condition failed: waiting for visibility of element located by By.xpath: //android.widget.FrameLayout[@resource-id="android:id/content"]/android.widget.FrameLayout/android.view.ViewGroup/android.view.ViewGroup/android.view.ViewGroup[3]/android.view.ViewGroup/android.view.ViewGroup/android.view.ViewGroup[1]/android.widget.FrameLayout/android.view.ViewGroup/android.view.ViewGroup/android.view.ViewGroup/android.view.ViewGroup/android.view.ViewGroup/android.view.ViewGroup/android.view.ViewGroup/android.view.ViewGroup/android.view.ViewGroup/com.horcrux.svg.SvgView/com.horcrux.svg.GroupView/com.horcrux.svg.PathView (tried for 20 second(s) with 500 milliseconds interval)
Build info: version: '4.34.0', revision: '707dcb4246*'
System info: os.name: 'Windows 10', os.arch: 'amd64', os.version: '10.0', java.version: '21.0.8'
Driver info: io.appium.java_client.android.AndroidDriver
Capabilities {appium:appActivity: in.retaileazy.MainActivity, appium:appPackage: in.retaileazy, appium:automationName: UIAutomator2, appium:databaseEnabled: false, appium:desired: {appActivity: in.retaileazy.MainActivity, appPackage: in.retaileazy, automationName: UIAutomator2, deviceName: Redmi 12, fullReset: false, newCommandTimeout: 600, noReset: true, platformName: ANDROID}, appium:deviceApiLevel: 36, appium:deviceManufacturer: Google, appium:deviceModel: sdk_gphone64_x86_64, appium:deviceName: emulator-5554, appium:deviceScreenDensity: 420, appium:deviceScreenSize: 1080x2424, appium:deviceUDID: emulator-5554, appium:fullReset: false, appium:javascriptEnabled: true, appium:locationContextEnabled: false, appium:networkConnectionEnabled: true, appium:newCommandTimeout: 600, appium:noReset: true, appium:pixelRatio: 2.625, appium:platformVersion: 16, appium:statBarHeight: 137, appium:takesScreenshot: true, appium:viewportRect: {height: 2287, left: 0, top: 137, width: 1080}, appium:warnings: {}, appium:webStorageEnabled: false, platformName: ANDROID}
Session ID: 6d4af818-5003-47cd-ab5e-1e03faef5afc
at org.openqa.selenium.support.ui.WebDriverWait.timeoutException(WebDriverWait.java:84)
at org.openqa.selenium.support.ui.FluentWait.until(FluentWait.java:228)
at utils.WaitUtils.waitForElementVisible(WaitUtils.java:32)
at Eazy_Retail.place_order.VerifyPendingOrders(place_order.java:181)
at java.base/jdk.internal.reflect.DirectMethodHandleAccessor.invoke(DirectMethodHandleAccessor.java:103)
at java.base/java.lang.reflect.Method.invoke(Method.java:580)
at org.testng.internal.invokers.MethodInvocationHelper.invokeMethod(MethodInvocationHelper.java:141)
at org.testng.internal.invokers.TestInvoker.invokeMethod(TestInvoker.java:687)
at org.testng.internal.invokers.TestInvoker.invokeTestMethod(TestInvoker.java:230)
at org.testng.internal.invokers.MethodRunner.runInSequence(MethodRunner.java:63)
at org.testng.internal.invokers.TestInvoker$MethodInvocationAgent.invoke(TestInvoker.java:995)
at org.testng.internal.invokers.TestInvoker.invokeTestMethods(TestInvoker.java:203)
at org.testng.internal.invokers.TestMethodWorker.invokeTestMethods(TestMethodWorker.java:154)
at org.testng.internal.invokers.TestMethodWorker.run(TestMethodWorker.java:134)
at java.base/java.util.ArrayList.forEach(ArrayList.java:1596)
at org.testng.TestRunner.privateRun(TestRunner.java:741)
at org.testng.TestRunner.run(TestRunner.java:616)
at org.testng.SuiteRunner.runTest(SuiteRunner.java:421)
[...]
Capabilities {appium:appActivity: in.retaileazy.MainActivity, appium:appPackage: in.retaileazy, appium:automationName: UIAutomator2, appium:databaseEnabled: false, appium:desired: {appActivity: in.retaileazy.MainActivity, appPackage: in.retaileazy, automationName: UIAutomator2, deviceName: Redmi 12, fullReset: false, newCommandTimeout: 600, noReset: true, platformName: ANDROID}, appium:deviceApiLevel: 36, appium:deviceManufacturer: Google, appium:deviceModel: sdk_gphone64_x86_64, appium:deviceName: emulator-5554, appium:deviceScreenDensity: 420, appium:deviceScreenSize: 1080x2424, appium:deviceUDID: emulator-5554, appium:fullReset: false, appium:javascriptEnabled: true, appium:locationContextEnabled: false, appium:networkConnectionEnabled: true, appium:newCommandTimeout: 600, appium:noReset: true, appium:pixelRatio: 2.625, appium:platformVersion: 16, appium:statBarHeight: 137, appium:takesScreenshot: true, appium:viewportRect: {height: 2287, left: 0, top: 137, width: 1080}, appium:warnings: {}, appium:webStorageEnabled: false, platformName: ANDROID}
Session ID: 6d4af818-5003-47cd-ab5e-1e03faef5afc
at org.openqa.selenium.support.ui.WebDriverWait.timeoutException(WebDriverWait.java:84)
at org.openqa.selenium.support.ui.FluentWait.until(FluentWait.java:228)
at utils.WaitUtils.waitForElementVisible(WaitUtils.java:32)
at Eazy_Retail.place_order.VerifyPendingOrderdate_TextVisible(place_order.java:253)
at java.base/jdk.internal.reflect.DirectMethodHandleAccessor.invoke(DirectMethodHandleAccessor.java:103)
at java.base/java.lang.reflect.Method.invoke(Method.java:580)
at org.testng.internal.invokers.MethodInvocationHelper.invokeMethod(MethodInvocationHelper.java:141)
at org.testng.internal.invokers.TestInvoker.invokeMethod(TestInvoker.java:687)
at org.testng.internal.invokers.TestInvoker.invokeTestMethod(TestInvoker.java:230)
at org.testng.internal.invokers.MethodRunner.runInSequence(MethodRunner.java:63)
at org.testng.internal.invokers.TestInvoker$MethodInvocationAgent.invoke(TestInvoker.java:995)
at org.testng.internal.invokers.TestInvoker.invokeTestMethods(TestInvoker.java:203)
at org.testng.internal.invokers.TestMethodWorker.invokeTestMethods(TestMethodWorker.java:154)
at org.testng.internal.invokers.TestMethodWorker.run(TestMethodWorker.java:134)
at java.base/java.util.ArrayList.forEach(ArrayList.java:1596)
at org.testng.TestRunner.privateRun(TestRunner.java:741)
at org.testng.TestRunner.run(TestRunner.java:616)
at org.testng.SuiteRunner.runTest(SuiteRunner.java:421)
at org.testng.SuiteRunner.runSequentially(SuiteRunner.java:413)
at org.testng.SuiteRunner.privateRun(SuiteRunner.java:373)
at org.testng.SuiteRunner.run(SuiteRunner.java:312)
at org.testng.SuiteRunnerWorker.runSuite(SuiteRunnerWorker.java:52)
at org.testng.SuiteRunnerWorker.run(SuiteRunnerWorker.java:95)
at org.testng.TestNG.runSuitesSequentially(TestNG.java:1274)
at org.testng.TestNG.runSuitesLocally(TestNG.java:1208)
at org.testng.TestNG.runSuites(TestNG.java:1112)
at org.testng.TestNG.run(TestNG.java:1079)
at org.testng.remote.AbstractRemoteTestNG.run(AbstractRemoteTestNG.java:115)
at org.testng.remote.RemoteTestNG.initAndRun(RemoteTestNG.java:293)
at org.testng.remote.RemoteTestNG.main(RemoteTestNG.java:91)
]]>
    </error>
  </testcase> <!-- VerifyPendingOrderdate_TextVisible -->
  <testcase classname="Eazy_Retail.place_order" name="VerifyPendingOrderdateVisible" time="20.127">
    <error message="Expected condition failed: waiting for visibility of element located by AppiumBy.androidUIAutomator: new UiSelector().text(&quot;16-Apr-2025&quot;) (tried for 20 second(s) with 500 milliseconds interval)
Build info: version: &#039;4.34.0&#039;, revision: &#039;707dcb4246*&#039;
System info: os.name: &#039;Windows 10&#039;, os.arch: &#039;amd64&#039;, os.version: &#039;10.0&#039;, java.version: &#039;21.0.8&#039;
Driver info: io.appium.java_client.android.AndroidDriver
Capabilities {appium:appActivity: in.retaileazy.MainActivity, appium:appPackage: in.retaileazy, appium:automationName: UIAutomator2, appium:databaseEnabled: false, appium:desired: {appActivity: in.retaileazy.MainActivity, appPackage: in.retaileazy, automationName: UIAutomator2, deviceName: Redmi 12, fullReset: false, newCommandTimeout: 600, noReset: true, platformName: ANDROID}, appium:deviceApiLevel: 36, appium:deviceManufacturer: Google, appium:deviceModel: sdk_gphone64_x86_64, appium:deviceName: emulator-5554, appium:deviceScreenDensity: 420, appium:deviceScreenSize: 1080x2424, appium:deviceUDID: emulator-5554, appium:fullReset: false, appium:javascriptEnabled: true, appium:locationContextEnabled: false, appium:networkConnectionEnabled: true, appium:newCommandTimeout: 600, appium:noReset: true, appium:pixelRatio: 2.625, appium:platformVersion: 16, appium:statBarHeight: 137, appium:takesScreenshot: true, appium:viewportRect: {height: 2287, left: 0, top: 137, width: 1080}, appium:warnings: {}, appium:webStorageEnabled: false, platformName: ANDROID}
Session ID: 6d4af818-5003-47cd-ab5e-1e03faef5afc" type="org.openqa.selenium.TimeoutException">
      <![CDATA[org.openqa.selenium.TimeoutException: Expected condition failed: waiting for visibility of element located by AppiumBy.androidUIAutomator: new UiSelector().text("16-Apr-2025") (tried for 20 second(s) with 500 milliseconds interval)
Build info: version: '4.34.0', revision: '707dcb4246*'
System info: os.name: 'Windows 10', os.arch: 'amd64', os.version: '10.0', java.version: '21.0.8'
Driver info: io.appium.java_client.android.AndroidDriver
Capabilities {appium:appActivity: in.retaileazy.MainActivity, appium:appPackage: in.retaileazy, appium:automationName: UIAutomator2, appium:databaseEnabled: false, appium:desired: {appActivity: in.retaileazy.MainActivity, appPackage: in.retaileazy, automationName: UIAutomator2, deviceName: Redmi 12, fullReset: false, newCommandTimeout: 600, noReset: true, platformName: ANDROID}, appium:deviceApiLevel: 36, appium:deviceManufacturer: Google, appium:deviceModel: sdk_gphone64_x86_64, appium:deviceName: emulator-5554, appium:deviceScreenDensity: 420, appium:deviceScreenSize: 1080x2424, appium:deviceUDID: emulator-5554, appium:fullReset: false, appium:javascriptEnabled: true, appium:locationContextEnabled: false, appium:networkConnectionEnabled: true, appium:newCommandTimeout: 600, appium:noReset: true, appium:pixelRatio: 2.625, appium:platformVersion: 16, appium:statBarHeight: 137, appium:takesScreenshot: true, appium:viewportRect: {height: 2287, left: 0, top: 137, width: 1080}, appium:warnings: {}, appium:webStorageEnabled: false, platformName: ANDROID}
Session ID: 6d4af818-5003-47cd-ab5e-1e03faef5afc
at org.openqa.selenium.support.ui.WebDriverWait.timeoutException(WebDriverWait.java:84)
at org.openqa.selenium.support.ui.FluentWait.until(FluentWait.java:228)
at utils.WaitUtils.waitForElementVisible(WaitUtils.java:32)
at Eazy_Retail.place_order.VerifyPendingOrderdateVisible(place_order.java:259)
at java.base/jdk.internal.reflect.DirectMethodHandleAccessor.invoke(DirectMethodHandleAccessor.java:103)
at java.base/java.lang.reflect.Method.invoke(Method.java:580)
at org.testng.internal.invokers.MethodInvocationHelper.invokeMethod(MethodInvocationHelper.java:141)
at org.testng.internal.invokers.TestInvoker.invokeMethod(TestInvoker.java:687)
at org.testng.internal.invokers.TestInvoker.invokeTestMethod(TestInvoker.java:230)
at org.testng.internal.invokers.MethodRunner.runInSequence(MethodRunner.java:63)
at org.testng.internal.invokers.TestInvoker$MethodInvocationAgent.invoke(TestInvoker.java:995)
at org.testng.internal.invokers.TestInvoker.invokeTestMethods(TestInvoker.java:203)
at org.testng.internal.invokers.TestMethodWorker.invokeTestMethods(TestMethodWorker.java:154)
at org.testng.internal.invokers.TestMethodWorker.run(TestMethodWorker.java:134)
at java.base/java.util.ArrayList.forEach(ArrayList.java:1596)
at org.testng.TestRunner.privateRun(TestRunner.java:741)
at org.testng.TestRunner.run(TestRunner.java:616)
at org.testng.SuiteRunner.runTest(SuiteRunner.java:421)
at org.testng.SuiteRunner.runSequentially(SuiteRunner.java:413)
at org.testng.SuiteRunner.privateRun(SuiteRunner.java:373)
at org.testng.SuiteRunner.run(SuiteRunner.java:312)
at org.testng.SuiteRunnerWorker.runSuite(SuiteRunnerWorker.java:52)
at org.testng.SuiteRunnerWorker.run(SuiteRunnerWorker.java:95)
at org.testng.TestNG.runSuitesSequentially(TestNG.java:1274)
at org.testng.TestNG.runSuitesLocally(TestNG.java:1208)
at org.testng.TestNG.runSuites(TestNG.java:1112)
at org.testng.TestNG.run(TestNG.java:1079)
at org.testng.remote.AbstractRemoteTestNG.run(AbstractRemoteTestNG.java:115)
at org.testng.remote.RemoteTestNG.initAndRun(RemoteTestNG.java:293)
at org.testng.remote.RemoteTestNG.main(RemoteTestNG.java:91)
]]>
    </error>
  </testcase> <!-- VerifyPendingOrderdateVisible -->
  <testcase classname="Eazy_Retail.place_order" name="VerifyPendingOrderItemDetails_TextVisible" time="20.334">
    <error message="Expected condition failed: waiting for visibility of element located by AppiumBy.androidUIAutomator: new UiSelector().text(&quot;Item Details&quot;) (tried for 20 second(s) with 500 milliseconds interval)
Build info: version: &#039;4.34.0&#039;, revision: &#039;707dcb4246*&#039;
System info: os.name: &#039;Windows 10&#039;, os.arch: &#039;amd64&#039;, os.version: &#039;10.0&#039;, java.version: &#039;21.0.8&#039;
Driver info: io.appium.java_client.android.AndroidDriver
Capabilities {appium:appActivity: in.retaileazy.MainActivity, appium:appPackage: in.retaileazy, appium:automationName: UIAutomator2, appium:databaseEnabled: false, appium:desired: {appActivity: in.retaileazy.MainActivity, appPackage: in.retaileazy, automationName: UIAutomator2, deviceName: Redmi 12, fullReset: false, newCommandTimeout: 600, noReset: true, platformName: ANDROID}, appium:deviceApiLevel: 36, appium:deviceManufacturer: Google, appium:deviceModel: sdk_gphone64_x86_64, appium:deviceName: emulator-5554, appium:deviceScreenDensity: 420, appium:deviceScreenSize: 1080x2424, appium:deviceUDID: emulator-5554, appium:fullReset: false, appium:javascriptEnabled: true, appium:locationContextEnabled: false, appium:networkConnectionEnabled: true, appium:newCommandTimeout: 600, appium:noReset: true, appium:pixelRatio: 2.625, appium:platformVersion: 16, appium:statBarHeight: 137, appium:takesScreenshot: true, appium:viewportRect: {height: 2287, left: 0, top: 137, width: 1080}, appium:warnings: {}, appium:webStorageEnabled: false, platformName: ANDROID}
Session ID: 6d4af818-5003-47cd-ab5e-1e03faef5afc" type="org.openqa.selenium.TimeoutException">
      <![CDATA[org.openqa.selenium.TimeoutException: Expected condition failed: waiting for visibility of element located by AppiumBy.androidUIAutomator: new UiSelector().text("Item Details") (tried for 20 second(s) with 500 milliseconds interval)
Build info: version: '4.34.0', revision: '707dcb4246*'
System info: os.name: 'Windows 10', os.arch: 'amd64', os.version: '10.0', java.version: '21.0.8'
Driver info: io.appium.java_client.android.AndroidDriver
Capabilities {appium:appActivity: in.retaileazy.MainActivity, appium:appPackage: in.retaileazy, appium:automationName: UIAutomator2, appium:databaseEnabled: false, appium:desired: {appActivity: in.retaileazy.MainActivity, appPackage: in.retaileazy, automationName: UIAutomator2, deviceName: Redmi 12, fullReset: false, newCommandTimeout: 600, noReset: true, platformName: ANDROID}, appium:deviceApiLevel: 36, appium:deviceManufacturer: Google, appium:deviceModel: sdk_gphone64_x86_64, appium:deviceName: emulator-5554, appium:deviceScreenDensity: 420, appium:deviceScreenSize: 1080x2424, appium:deviceUDID: emulator-5554, appium:fullReset: false, appium:javascriptEnabled: true, appium:locationContextEnabled: false, appium:networkConnectionEnabled: true, appium:newCommandTimeout: 600, appium:noReset: true, appium:pixelRatio: 2.625, appium:platformVersion: 16, appium:statBarHeight: 137, appium:takesScreenshot: true, appium:viewportRect: {height: 2287, left: 0, top: 137, width: 1080}, appium:warnings: {}, appium:webStorageEnabled: false, platformName: ANDROID}
Session ID: 6d4af818-5003-47cd-ab5e-1e03faef5afc
at org.openqa.selenium.support.ui.WebDriverWait.timeoutException(WebDriverWait.java:84)
at org.openqa.selenium.support.ui.FluentWait.until(FluentWait.java:228)
at utils.WaitUtils.waitForElementVisible(WaitUtils.java:32)
at Eazy_Retail.place_order.VerifyPendingOrderItemDetails_TextVisible(place_order.java:264)
at java.base/jdk.internal.reflect.DirectMethodHandleAccessor.invoke(DirectMethodHandleAccessor.java:103)
at java.base/java.lang.reflect.Method.invoke(Method.java:580)
at org.testng.internal.invokers.MethodInvocationHelper.invokeMethod(MethodInvocationHelper.java:141)
at org.testng.internal.invokers.TestInvoker.invokeMethod(TestInvoker.java:687)
at org.testng.internal.invokers.TestInvoker.invokeTestMethod(TestInvoker.java:230)
at org.testng.internal.invokers.MethodRunner.runInSequence(MethodRunner.java:63)
at org.testng.internal.invokers.TestInvoker$MethodInvocationAgent.invoke(TestInvoker.java:995)
at org.testng.internal.invokers.TestInvoker.invokeTestMethods(TestInvoker.java:203)
at org.testng.internal.invokers.TestMethodWorker.invokeTestMethods(TestMethodWorker.java:154)
at org.testng.internal.invokers.TestMethodWorker.run(TestMethodWorker.java:134)
at java.base/java.util.ArrayList.forEach(ArrayList.java:1596)
at org.testng.TestRunner.privateRun(TestRunner.java:741)
at org.testng.TestRunner.run(TestRunner.java:616)
at org.testng.SuiteRunner.runTest(SuiteRunner.java:421)
at org.testng.SuiteRunner.runSequentially(SuiteRunner.java:413)
at org.testng.SuiteRunner.privateRun(SuiteRunner.java:373)
at org.testng.SuiteRunner.run(SuiteRunner.java:312)
at org.testng.SuiteRunnerWorker.runSuite(SuiteRunnerWorker.java:52)
at org.testng.SuiteRunnerWorker.run(SuiteRunnerWorker.java:95)
at org.testng.TestNG.runSuitesSequentially(TestNG.java:1274)
at org.testng.TestNG.runSuitesLocally(TestNG.java:1208)
at org.testng.TestNG.runSuites(TestNG.java:1112)
at org.testng.TestNG.run(TestNG.java:1079)
at org.testng.remote.AbstractRemoteTestNG.run(AbstractRemoteTestNG.java:115)
at org.testng.remote.RemoteTestNG.initAndRun(RemoteTestNG.java:293)
at org.testng.remote.RemoteTestNG.main(RemoteTestNG.java:91)
]]>
    </error>
  </testcase> <!-- VerifyPendingOrderItemDetails_TextVisible -->
  <testcase classname="Eazy_Retail.place_order" name="VerifyPendingOrderItemNameVisible" time="20.541">
    <error message="Expected condition failed: waiting for visibility of element located by By.xpath: (//android.widget.TextView[@text=&quot;BP-316 -GRY/T.BLU-G7 tag testApi&quot;])[1] (tried for 20 second(s) with 500 milliseconds interval)
Build info: version: &#039;4.34.0&#039;, revision: &#039;707dcb4246*&#039;
System info: os.name: &#039;Windows 10&#039;, os.arch: &#039;amd64&#039;, os.version: &#039;10.0&#039;, java.version: &#039;21.0.8&#039;
Driver info: io.appium.java_client.android.AndroidDriver
Capabilities {appium:appActivity: in.retaileazy.MainActivity, appium:appPackage: in.retaileazy, appium:automationName: UIAutomator2, appium:databaseEnabled: false, appium:desired: {appActivity: in.retaileazy.MainActivity, appPackage: in.retaileazy, automationName: UIAutomator2, deviceName: Redmi 12, fullReset: false, newCommandTimeout: 600, noReset: true, platformName: ANDROID}, appium:deviceApiLevel: 36, appium:deviceManufacturer: Google, appium:deviceModel: sdk_gphone64_x86_64, appium:deviceName: emulator-5554, appium:deviceScreenDensity: 420, appium:deviceScreenSize: 1080x2424, appium:deviceUDID: emulator-5554, appium:fullReset: false, appium:javascriptEnabled: true, appium:locationContextEnabled: false, appium:networkConnectionEnabled: true, appium:newCommandTimeout: 600, appium:noReset: true, appium:pixelRatio: 2.625, appium:platformVersion: 16, appium:statBarHeight: 137, appium:takesScreenshot: true, appium:viewportRect: {height: 2287, left: 0, top: 137, width: 1080}, appium:warnings: {}, appium:webStorageEnabled: false, platformName: ANDROID}
Session ID: 6d4af818-5003-47cd-ab5e-1e03faef5afc" type="org.openqa.selenium.TimeoutException">
      <![CDATA[org.openqa.selenium.TimeoutException: Expected condition failed: waiting for visibility of element located by By.xpath: (//android.widget.TextView[@text="BP-316 -GRY/T.BLU-G7 tag testApi"])[1] (tried for 20 second(s) with 500 milliseconds interval)
Build info: version: '4.34.0', revision: '707dcb4246*'
System info: os.name: 'Windows 10', os.arch: 'amd64', os.version: '10.0', java.version: '21.0.8'
Driver info: io.appium.java_client.android.AndroidDriver
Capabilities {appium:appActivity: in.retaileazy.MainActivity, appium:appPackage: in.retaileazy, appium:automationName: UIAutomator2, appium:databaseEnabled: false, appium:desired: {appActivity: in.retaileazy.MainActivity, appPackage: in.retaileazy, automationName: UIAutomator2, deviceName: Redmi 12, fullReset: false, newCommandTimeout: 600, noReset: true, platformName: ANDROID}, appium:deviceApiLevel: 36, appium:deviceManufacturer: Google, appium:deviceModel: sdk_gphone64_x86_64, appium:deviceName: emulator-5554, appium:deviceScreenDensity: 420, appium:deviceScreenSize: 1080x2424, appium:deviceUDID: emulator-5554, appium:fullReset: false, appium:javascriptEnabled: true, appium:locationContextEnabled: false, appium:networkConnectionEnabled: true, appium:newCommandTimeout: 600, appium:noReset: true, appium:pixelRatio: 2.625, appium:platformVersion: 16, appium:statBarHeight: 137, appium:takesScreenshot: true, appium:viewportRect: {height: 2287, left: 0, top: 137, width: 1080}, appium:warnings: {}, appium:webStorageEnabled: false, platformName: ANDROID}
Session ID: 6d4af818-5003-47cd-ab5e-1e03faef5afc
at org.openqa.selenium.support.ui.WebDriverWait.timeoutException(WebDriverWait.java:84)
at org.openqa.selenium.support.ui.FluentWait.until(FluentWait.java:228)
at utils.WaitUtils.waitForElementVisible(WaitUtils.java:32)
at Eazy_Retail.place_order.VerifyPendingOrderItemNameVisible(place_order.java:270)
at java.base/jdk.internal.reflect.DirectMethodHandleAccessor.invoke(DirectMethodHandleAccessor.java:103)
at java.base/java.lang.reflect.Method.invoke(Method.java:580)
at org.testng.internal.invokers.MethodInvocationHelper.invokeMethod(MethodInvocationHelper.java:141)
at org.testng.internal.invokers.TestInvoker.invokeMethod(TestInvoker.java:687)
at org.testng.internal.invokers.TestInvoker.invokeTestMethod(TestInvoker.java:230)
at org.testng.internal.invokers.MethodRunner.runInSequence(MethodRunner.java:63)
at org.testng.internal.invokers.TestInvoker$MethodInvocationAgent.invoke(TestInvoker.java:995)
at org.testng.internal.invokers.TestInvoker.invokeTestMethods(TestInvoker.java:203)
at org.testng.internal.invokers.TestMethodWorker.invokeTestMethods(TestMethodWorker.java:154)
at org.testng.internal.invokers.TestMethodWorker.run(TestMethodWorker.java:134)
at java.base/java.util.ArrayList.forEach(ArrayList.java:1596)
at org.testng.TestRunner.privateRun(TestRunner.java:741)
at org.testng.TestRunner.run(TestRunner.java:616)
at org.testng.SuiteRunner.runTest(SuiteRunner.java:421)
at org.testng.SuiteRunner.runSequentially(SuiteRunner.java:413)
at org.testng.SuiteRunner.privateRun(SuiteRunner.java:373)
at org.testng.SuiteRunner.run(SuiteRunner.java:312)
at org.testng.SuiteRunnerWorker.runSuite(SuiteRunnerWorker.java:52)
at org.testng.SuiteRunnerWorker.run(SuiteRunnerWorker.java:95)
at org.testng.TestNG.runSuitesSequentially(TestNG.java:1274)
at org.testng.TestNG.runSuitesLocally(TestNG.java:1208)
at org.testng.TestNG.runSuites(TestNG.java:1112)
at org.testng.TestNG.run(TestNG.java:1079)
at org.testng.remote.AbstractRemoteTestNG.run(AbstractRemoteTestNG.java:115)
at org.testng.remote.RemoteTestNG.initAndRun(RemoteTestNG.java:293)
at org.testng.remote.RemoteTestNG.main(RemoteTestNG.java:91)
]]>
    </error>
  </testcase> <!-- VerifyPendingOrderItemNameVisible -->
</testsuite> <!-- Eazy_Retail.place_order -->
