<?xml version="1.0" encoding="UTF-8"?>
<!-- Generated by org.testng.reporters.JUnitReportReporter -->
<testsuite hostname="EBS-LP-288" failures="0" tests="13" name="Prince_Pipes.Profile" time="198.826" errors="0" timestamp="2026-05-11T15:56:41 IST" skipped="0">
  <testcase classname="Prince_Pipes.Profile" name="verifyOnboardingScreen" time="16.002"/>
  <testcase classname="Prince_Pipes.Profile" name="clickNextButton" time="0.335"/>
  <testcase classname="Prince_Pipes.Profile" name="verifySecondaryScreen" time="1.263"/>
  <testcase classname="Prince_Pipes.Profile" name="clickNextButton2" time="0.837"/>
  <testcase classname="Prince_Pipes.Profile" name="verifyThirdScreen" time="1.281"/>
  <testcase classname="Prince_Pipes.Profile" name="clickNextButton3" time="0.359"/>
  <testcase classname="Prince_Pipes.Profile" name="verifyFourthScreen" time="1.301"/>
  <testcase classname="Prince_Pipes.Profile" name="clickNextButton4" time="0.357"/>
  <testcase classname="Prince_Pipes.Profile" name="verifyLoginScreen" time="1.247"/>
  <testcase classname="Prince_Pipes.Profile" name="validatecorrectuserisloggedinsuccessfully" time="1.689"/>
  <testcase classname="Prince_Pipes.Profile" name="validatesubmitbutton" time="2.377"/>
  <testcase classname="Prince_Pipes.Profile" name="Verifyprofilebutton" time="170.428"/>
  <testcase classname="Prince_Pipes.Profile" name="validatepersonaldetails" time="1.350"/>
</testsuite> <!-- Prince_Pipes.Profile -->
