<?xml version="1.0" encoding="UTF-8"?>
<!-- Generated by org.testng.reporters.JUnitReportReporter -->
<testsuite hostname="EBS-LP-288" failures="0" tests="12" name="Prince_Pipes.Dashboard" time="232.207" errors="0" timestamp="2026-04-15T16:57:38 IST" skipped="0">
  <testcase classname="Prince_Pipes.Dashboard" name="verifydashboardScreen" time="198.349"/>
  <testcase classname="Prince_Pipes.Dashboard" name="clickforqueriesbutton" time="0.394"/>
  <testcase classname="Prince_Pipes.Dashboard" name="clickonviewmorebutton" time="7.708"/>
  <testcase classname="Prince_Pipes.Dashboard" name="clickonviewlessbutton" time="9.434"/>
  <testcase classname="Prince_Pipes.Dashboard" name="verifygrowthsummaryscreen" time="0.578"/>
  <testcase classname="Prince_Pipes.Dashboard" name="clickongraphbutton" time="1.856"/>
  <testcase classname="Prince_Pipes.Dashboard" name="clickonquarterlybutton" time="0.640"/>
  <testcase classname="Prince_Pipes.Dashboard" name="clickonmonthlybutton" time="0.670"/>
  <testcase classname="Prince_Pipes.Dashboard" name="verifyproductcategoryscreen" time="11.055"/>
  <testcase classname="Prince_Pipes.Dashboard" name="clickoncurrentyearbutton" time="0.529"/>
  <testcase classname="Prince_Pipes.Dashboard" name="clickonlastyearbutton" time="0.519"/>
  <testcase classname="Prince_Pipes.Dashboard" name="verifysalesscreen" time="0.475"/>
</testsuite> <!-- Prince_Pipes.Dashboard -->
