<?xml version="1.0" encoding="UTF-8"?>
<!-- Generated by org.testng.reporters.JUnitReportReporter -->
<testsuite hostname="Rahul-PC" failures="0" tests="23" name="Eazy_Retail.create_order" time="65.953" errors="0" timestamp="2025-09-22T10:06:42 IST" skipped="0">
  <testcase classname="Eazy_Retail.create_order" name="verifyStockItemPageLoaded" time="2.316"/>
  <testcase classname="Eazy_Retail.create_order" name="verifySearchBarVisible" time="0.278"/>
  <testcase classname="Eazy_Retail.create_order" name="searchInvalidProduct" time="2.515"/>
  <testcase classname="Eazy_Retail.create_order" name="searchValidProduct" time="2.144"/>
  <testcase classname="Eazy_Retail.create_order" name="verifyAllFilterButton_ProductListVisible" time="4.755"/>
  <testcase classname="Eazy_Retail.create_order" name="verifyProductGroup5Filter_ProductListVisible" time="7.513"/>
  <testcase classname="Eazy_Retail.create_order" name="verifyFinishedGoodFilter_ProductListVisible" time="6.192"/>
  <testcase classname="Eazy_Retail.create_order" name="verifyNoProductsWhenFilterMismatch" time="1.605"/>
  <testcase classname="Eazy_Retail.create_order" name="verifyProductPriceDisplayed" time="1.473"/>
  <testcase classname="Eazy_Retail.create_order" name="verifyProductPriceCorrect" time="0.384"/>
  <testcase classname="Eazy_Retail.create_order" name="verifyUnitSwitchPCToKG_BeforeQtyEnter" time="1.708"/>
  <testcase classname="Eazy_Retail.create_order" name="verifyCartWithoutSelection" time="2.978"/>
  <testcase classname="Eazy_Retail.create_order" name="enterInvalidQuantity" time="1.593"/>
  <testcase classname="Eazy_Retail.create_order" name="enterSpecialCharsInQuantity" time="2.488"/>
  <testcase classname="Eazy_Retail.create_order" name="verifyQuantityInput" time="2.198"/>
  <testcase classname="Eazy_Retail.create_order" name="verifyUnitSwitchPCToKG_AfterQtyEnter" time="2.104"/>
  <testcase classname="Eazy_Retail.create_order" name="verifyProductDetailsIcon" time="5.731"/>
  <testcase classname="Eazy_Retail.create_order" name="verifyCartIconClickable" time="3.959"/>
  <testcase classname="Eazy_Retail.create_order" name="verifyCartdetailsqtyeditable" time="1.541"/>
  <testcase classname="Eazy_Retail.create_order" name="verifyCartdetailsremark" time="4.033"/>
  <testcase classname="Eazy_Retail.create_order" name="verifyNewCartAddition" time="4.588"/>
  <testcase classname="Eazy_Retail.create_order" name="VerifyCancelOrderButton" time="2.175"/>
  <testcase classname="Eazy_Retail.create_order" name="VerifySubmitOrderButton" time="1.682"/>
</testsuite> <!-- Eazy_Retail.create_order -->
