<?xml version="1.0" encoding="UTF-8"?>
<!-- Generated by org.testng.reporters.JUnitReportReporter -->
<testsuite hostname="EBS-LP-288" failures="0" tests="8" name="Prince_Pipes.login" time="21.345" errors="0" timestamp="2026-02-13T00:34:14 IST" skipped="0">
  <testcase classname="Prince_Pipes.login" name="verifyOnboardingScreen" time="15.285"/>
  <testcase classname="Prince_Pipes.login" name="clickNextButton" time="0.875"/>
  <testcase classname="Prince_Pipes.login" name="verifySecondaryScreen" time="1.255"/>
  <testcase classname="Prince_Pipes.login" name="clickNextButton2" time="0.834"/>
  <testcase classname="Prince_Pipes.login" name="verifyThirdScreen" time="1.168"/>
  <testcase classname="Prince_Pipes.login" name="clickNextButton3" time="0.341"/>
  <testcase classname="Prince_Pipes.login" name="verifyFourthScreen" time="1.266"/>
  <testcase classname="Prince_Pipes.login" name="clickNextButton4" time="0.321"/>
</testsuite> <!-- Prince_Pipes.login -->
