<?xml version="1.0" encoding="UTF-8"?>
<!-- Generated by org.testng.reporters.JUnitReportReporter -->
<testsuite hostname="EBS-LP-288" failures="0" tests="17" name="Eazy_Retail.KYC" time="0.549" errors="1" timestamp="2025-11-24T11:56:57 IST" skipped="16">
  <testcase classname="Eazy_Retail.KYC" name="setUp" time="0.548">
    <error message="Could not start a new session. Possible causes are invalid address of the remote server or browser start-up failure. 
Host info: host: &#039;EBS-LP-288&#039;, ip: &#039;192.168.1.186&#039;
Build info: version: &#039;4.34.0&#039;, revision: &#039;707dcb4246*&#039;
System info: os.name: &#039;Windows 10&#039;, os.arch: &#039;amd64&#039;, os.version: &#039;10.0&#039;, java.version: &#039;21.0.8&#039;
Driver info: io.appium.java_client.android.AndroidDriver
Command: [null, newSession {capabilities=[Capabilities {appium:appActivity: in.retaileazy.MainActivity, appium:appPackage: in.retaileazy, appium:automationName: UIAutomator2, appium:deviceName: Redmi 12, appium:fullReset: false, appium:newCommandTimeout: 600, appium:noReset: true, platformName: ANDROID}]}]
Capabilities {appium:appActivity: in.retaileazy.MainActivity, appium:appPackage: in.retaileazy, appium:automationName: UIAutomator2, appium:deviceName: Redmi 12, appium:fullReset: false, appium:newCommandTimeout: 600, appium:noReset: true, platformName: ANDROID}" type="org.openqa.selenium.SessionNotCreatedException">
      <![CDATA[org.openqa.selenium.SessionNotCreatedException: Could not start a new session. Possible causes are invalid address of the remote server or browser start-up failure. 
Host info: host: 'EBS-LP-288', ip: '192.168.1.186'
Build info: version: '4.34.0', revision: '707dcb4246*'
System info: os.name: 'Windows 10', os.arch: 'amd64', os.version: '10.0', java.version: '21.0.8'
Driver info: io.appium.java_client.android.AndroidDriver
Command: [null, newSession {capabilities=[Capabilities {appium:appActivity: in.retaileazy.MainActivity, appium:appPackage: in.retaileazy, appium:automationName: UIAutomator2, appium:deviceName: Redmi 12, appium:fullReset: false, appium:newCommandTimeout: 600, appium:noReset: true, platformName: ANDROID}]}]
Capabilities {appium:appActivity: in.retaileazy.MainActivity, appium:appPackage: in.retaileazy, appium:automationName: UIAutomator2, appium:deviceName: Redmi 12, appium:fullReset: false, appium:newCommandTimeout: 600, appium:noReset: true, platformName: ANDROID}
at org.openqa.selenium.remote.RemoteWebDriver.execute(RemoteWebDriver.java:562)
at io.appium.java_client.AppiumDriver.startSession(AppiumDriver.java:313)
at org.openqa.selenium.remote.RemoteWebDriver.<init>(RemoteWebDriver.java:173)
at io.appium.java_client.AppiumDriver.<init>(AppiumDriver.java:101)
at io.appium.java_client.AppiumDriver.<init>(AppiumDriver.java:113)
at io.appium.java_client.android.AndroidDriver.<init>(AndroidDriver.java:109)
at utils.BaseTest.setUp(BaseTest.java:47)
at java.base/jdk.internal.reflect.DirectMethodHandleAccessor.invoke(DirectMethodHandleAccessor.java:103)
at java.base/java.lang.reflect.Method.invoke(Method.java:580)
at org.testng.internal.invokers.MethodInvocationHelper.invokeMethod(MethodInvocationHelper.java:141)
at org.testng.internal.invokers.MethodInvocationHelper.invokeMethodConsideringTimeout(MethodInvocationHelper.java:71)
at org.testng.internal.invokers.ConfigInvoker.invokeConfigurationMethod(ConfigInvoker.java:400)
at org.testng.internal.invokers.ConfigInvoker.invokeConfigurations(ConfigInvoker.java:333)
at org.testng.internal.invokers.TestMethodWorker.invokeBeforeClassMethods(TestMethodWorker.java:188)
at org.testng.internal.invokers.TestMethodWorker.run(TestMethodWorker.java:128)
at java.base/java.util.ArrayList.forEach(ArrayList.java:1596)
at org.testng.TestRunner.privateRun(TestRunner.java:741)
at org.testng.TestRunner.run(TestRunner.java:616)
at org.testng.SuiteRunner.runTest(SuiteRunner.java:421)
at org.testng.SuiteRunner.runSequentially(SuiteRunner.java:413)
at org.testng.SuiteRunner.privateRun(SuiteRunner.java:373)
at org.testng.SuiteRunner.run(SuiteRunner.java:312)
at org.testng.SuiteRunnerWorker.runSuite(SuiteRunnerWorker.java:52)
at org.testng.SuiteRunnerWorker.run(SuiteRunnerWorker.java:95)
at org.testng.TestNG.runSuitesSequentially(TestNG.java:1274)
at org.testng.TestNG.runSuitesLocally(TestNG.java:1208)
at org.testng.TestNG.runSuites(TestNG.java:1112)
at org.testng.TestNG.run(TestNG.java:1079)
at org.testng.remote.AbstractRemoteTestNG.run(AbstractRemoteTestNG.java:115)
at org.testng.remote.RemoteTestNG.initAndRun(RemoteTestNG.java:293)
at org.testng.remote.RemoteTestNG.main(RemoteTestNG.java:91)
Caused by: java.io.UncheckedIOException: java.net.ConnectException
at org.openqa.selenium.remote.http.jdk.JdkHttpClient.execute0(JdkHttpClient.java:500)
at io.appium.java_client.internal.filters.AppiumIdempotencyFilter.lambda$apply$0(AppiumIdempotencyFilter.java:35)
at io.appium.java_client.internal.filters.AppiumUserAgentFilter.lambda$apply$0(AppiumUserAgentFilter.java:86)
at org.openqa.selenium.remote.http.Filter.lambda$andFinally$1(Filter.java:55)
at org.openqa.selenium.remote.http.jdk.JdkHttpClient.lambda$executeAsync$2(JdkHttpClient.java:387)
at java.base/java.util.concurrent.Executors$RunnableAdapter.call(Executors.java:572)
at java.base/java.util.concurrent.FutureTask.run(FutureTask.java:317)
at java.base/java.util.concurrent.ThreadPoolExecutor.runWorker(ThreadPoolExecutor.java:1144)
at java.base/java.util.concurrent.ThreadPoolExecutor$Worker.run(ThreadPoolExecutor.java:642)
at java.base/java.lang.Thread.run(Thread.java:1583)
Caused by: java.net.ConnectException
at java.net.http/jdk.internal.net.http.HttpClientImpl.send(HttpClientImpl.java:955)
at java.net.http/jdk.internal.net.http.HttpClientFacade.send(HttpClientFacade.java:133)
at org.openqa.selenium.remote.http.jdk.JdkHttpClient.execute0(JdkHttpClient.java:459)
... 9 more
Caused by: java.net.ConnectException
at java.net.http/jdk.internal.net.http.common.Utils.toConnectException(Utils.java:1065)
at java.net.http/jdk.internal.net.http.PlainHttpConnection.connectAsync(PlainHttpConnection.java:227)
at java.net.http/jdk.internal.net.http.PlainHttpConnection.checkRetryConnect(PlainHttpConnection.java:280)
at java.net.http/jdk.internal.net.http.PlainHttpConnection.lambda$connectAsync$2(PlainHttpConnection.java:238)
at java.base/java.util.concurrent.CompletableFuture.uniHandle(CompletableFuture.java:934)
at java.base/java.util.concurrent.CompletableFuture$UniHandle.tryFire(CompletableFuture.java:911)
at java.base/java.util.concurrent.CompletableFuture.postComplete(CompletableFuture.java:510)
at java.base/java.util.concurrent.CompletableFuture$AsyncSupply.run(CompletableFuture.java:1773)
... 3 more
Caused by: java.nio.channels.ClosedChannelException
at java.base/sun.nio.ch.SocketChannelImpl.ensureOpen(SocketChannelImpl.java:202)
at java.base/sun.nio.ch.SocketChannelImpl.beginConnect(SocketChannelImpl.java:786)
at java.base/sun.nio.ch.SocketChannelImpl.connect(SocketChannelImpl.java:874)
at java.net.http/jdk.internal.net.http.PlainHttpConnection.lambda$connectAsync$1(PlainHttpConnection.java:210)
at java.base/java.security.AccessController.doPrivileged(AccessController.java:571)
at java.net.http/jdk.internal.net.http.PlainHttpConnection.connectAsync(PlainHttpConnection.java:212)
... 9 more
]]>
    </error>
  </testcase> <!-- setUp -->
  <testcase classname="Eazy_Retail.KYC" name="testValidKYCUpdate" time="0.000">
    <skipped/>
  </testcase> <!-- testValidKYCUpdate -->
  <testcase classname="Eazy_Retail.KYC" name="testInvalidGSTIN" time="0.000">
    <skipped/>
  </testcase> <!-- testInvalidGSTIN -->
  <testcase classname="Eazy_Retail.KYC" name="testInvalidPAN" time="0.001">
    <skipped/>
  </testcase> <!-- testInvalidPAN -->
  <testcase classname="Eazy_Retail.KYC" name="testInvalidLicenceValidation" time="0.000">
    <skipped/>
  </testcase> <!-- testInvalidLicenceValidation -->
  <testcase classname="Eazy_Retail.KYC" name="testInvalidAadhaar" time="0.000">
    <skipped/>
  </testcase> <!-- testInvalidAadhaar -->
  <testcase classname="Eazy_Retail.KYC" name="testInvalidVoterId" time="0.000">
    <skipped/>
  </testcase> <!-- testInvalidVoterId -->
  <testcase classname="Eazy_Retail.KYC" name="testInvalidPhone" time="0.000">
    <skipped/>
  </testcase> <!-- testInvalidPhone -->
  <testcase classname="Eazy_Retail.KYC" name="testInvalidUPI" time="0.000">
    <skipped/>
  </testcase> <!-- testInvalidUPI -->
  <testcase classname="Eazy_Retail.KYC" name="testBlankGSTIN" time="0.000">
    <skipped/>
  </testcase> <!-- testBlankGSTIN -->
  <testcase classname="Eazy_Retail.KYC" name="testBlankPAN" time="0.000">
    <skipped/>
  </testcase> <!-- testBlankPAN -->
  <testcase classname="Eazy_Retail.KYC" name="testBlankDL" time="0.000">
    <skipped/>
  </testcase> <!-- testBlankDL -->
  <testcase classname="Eazy_Retail.KYC" name="testBlankAADHAR" time="0.000">
    <skipped/>
  </testcase> <!-- testBlankAADHAR -->
  <testcase classname="Eazy_Retail.KYC" name="testBlankVoterID" time="0.000">
    <skipped/>
  </testcase> <!-- testBlankVoterID -->
  <testcase classname="Eazy_Retail.KYC" name="testBlankPhone" time="0.000">
    <skipped/>
  </testcase> <!-- testBlankPhone -->
  <testcase classname="Eazy_Retail.KYC" name="tesBlankUPI" time="0.000">
    <skipped/>
  </testcase> <!-- tesBlankUPI -->
  <testcase classname="Eazy_Retail.KYC" name="testAllFieldsEmpty" time="0.000">
    <skipped/>
  </testcase> <!-- testAllFieldsEmpty -->
</testsuite> <!-- Eazy_Retail.KYC -->
