<?xml version="1.0" encoding="UTF-8"?>
<!-- Generated by org.testng.reporters.JUnitReportReporter -->
<testsuite hostname="EBS-LP-288" failures="0" tests="31" name="Prince_Pipes.LoginTest" time="302.832" errors="0" timestamp="2026-04-17T16:29:26 IST" skipped="0">
  <testcase classname="Prince_Pipes.LoginTest" name="verifyOnboardingScreen" time="16.285"/>
  <testcase classname="Prince_Pipes.LoginTest" name="clickNextButton" time="0.305"/>
  <testcase classname="Prince_Pipes.LoginTest" name="verifySecondaryScreen" time="1.293"/>
  <testcase classname="Prince_Pipes.LoginTest" name="clickNextButton2" time="0.893"/>
  <testcase classname="Prince_Pipes.LoginTest" name="verifyThirdScreen" time="1.846"/>
  <testcase classname="Prince_Pipes.LoginTest" name="clickNextButton3" time="0.387"/>
  <testcase classname="Prince_Pipes.LoginTest" name="verifyFourthScreen" time="1.291"/>
  <testcase classname="Prince_Pipes.LoginTest" name="clickNextButton4" time="0.386"/>
  <testcase classname="Prince_Pipes.LoginTest" name="verifyLoginScreen" time="1.201"/>
  <testcase classname="Prince_Pipes.LoginTest" name="enterPhoneNumber" time="1.735"/>
  <testcase classname="Prince_Pipes.LoginTest" name="validateUserNotAvailablePopup" time="8.829"/>
  <testcase classname="Prince_Pipes.LoginTest" name="validatePleaseenter10digitnoPopup" time="3.030"/>
  <testcase classname="Prince_Pipes.LoginTest" name="validatemorethan10digitno" time="1.466"/>
  <testcase classname="Prince_Pipes.LoginTest" name="validatealphabeticcharacteracceptance" time="1.800"/>
  <testcase classname="Prince_Pipes.LoginTest" name="validatecorrectuserisloggedinsuccessfully" time="2.270"/>
  <testcase classname="Prince_Pipes.LoginTest" name="validatemissingOTP" time="13.051"/>
  <testcase classname="Prince_Pipes.LoginTest" name="validateincorrectOTP" time="14.076"/>
  <testcase classname="Prince_Pipes.LoginTest" name="validateResendAndSubmitFlow" time="29.420"/>
  <testcase classname="Prince_Pipes.LoginTest" name="hamburgermenu" time="157.259"/>
  <testcase classname="Prince_Pipes.LoginTest" name="verifydashboardScreen" time="12.058"/>
  <testcase classname="Prince_Pipes.LoginTest" name="clickforqueriesbutton" time="0.441"/>
  <testcase classname="Prince_Pipes.LoginTest" name="clickonviewmorebutton" time="7.487"/>
  <testcase classname="Prince_Pipes.LoginTest" name="clickonviewlessbutton" time="9.860"/>
  <testcase classname="Prince_Pipes.LoginTest" name="verifygrowthsummaryscreen" time="0.633"/>
  <testcase classname="Prince_Pipes.LoginTest" name="clickongraphbutton" time="1.433"/>
  <testcase classname="Prince_Pipes.LoginTest" name="clickonquarterlybutton" time="0.711"/>
  <testcase classname="Prince_Pipes.LoginTest" name="clickonmonthlybutton" time="0.685"/>
  <testcase classname="Prince_Pipes.LoginTest" name="verifyproductcategoryscreen" time="11.110"/>
  <testcase classname="Prince_Pipes.LoginTest" name="clickoncurrentyearbutton" time="0.578"/>
  <testcase classname="Prince_Pipes.LoginTest" name="clickonlastyearbutton" time="0.546"/>
  <testcase classname="Prince_Pipes.LoginTest" name="verifysalesscreen" time="0.467"/>
</testsuite> <!-- Prince_Pipes.LoginTest -->
