<?xml version="1.0" encoding="UTF-8"?>
<!-- Generated by org.testng.reporters.JUnitReportReporter -->
<testsuite hostname="EBS-LP-288" failures="0" tests="13" name="Eazy_Retail.dashboard" time="48.269" errors="1" timestamp="2025-11-24T13:06:56 IST" skipped="0">
  <testcase classname="Eazy_Retail.dashboard" name="verifyDashboardTitle" time="4.396"/>
  <testcase classname="Eazy_Retail.dashboard" name="verifySchemeDetailsButton" time="2.359"/>
  <testcase classname="Eazy_Retail.dashboard" name="verifyTotalPurchasedQty" time="1.826"/>
  <testcase classname="Eazy_Retail.dashboard" name="verifyTotalPurchasedQtyValueIsNumeric" time="20.588">
    <error message="Expected condition failed: waiting for visibility of element located by AppiumBy.androidUIAutomator: new UiSelector().textContains(&quot;86557&quot;) (tried for 20 second(s) with 500 milliseconds interval)
Build info: version: &#039;4.34.0&#039;, revision: &#039;707dcb4246*&#039;
System info: os.name: &#039;Windows 10&#039;, os.arch: &#039;amd64&#039;, os.version: &#039;10.0&#039;, java.version: &#039;21.0.8&#039;
Driver info: io.appium.java_client.android.AndroidDriver
Capabilities {appium:appActivity: in.retaileazy.MainActivity, appium:appPackage: in.retaileazy, appium:automationName: UIAutomator2, appium:databaseEnabled: false, appium:desired: {appActivity: in.retaileazy.MainActivity, appPackage: in.retaileazy, automationName: UIAutomator2, deviceName: Redmi 12, fullReset: false, newCommandTimeout: 600, noReset: true, platformName: ANDROID}, appium:deviceApiLevel: 36, appium:deviceManufacturer: Google, appium:deviceModel: sdk_gphone64_x86_64, appium:deviceName: emulator-5554, appium:deviceScreenDensity: 420, appium:deviceScreenSize: 1080x2424, appium:deviceUDID: emulator-5554, appium:fullReset: false, appium:javascriptEnabled: true, appium:locationContextEnabled: false, appium:networkConnectionEnabled: true, appium:newCommandTimeout: 600, appium:noReset: true, appium:pixelRatio: 2.625, appium:platformVersion: 16, appium:statBarHeight: 137, appium:takesScreenshot: true, appium:viewportRect: {height: 2287, left: 0, top: 137, width: 1080}, appium:warnings: {}, appium:webStorageEnabled: false, platformName: ANDROID}
Session ID: d257249a-9e31-4d81-9b33-fdcf291ec1de" type="org.openqa.selenium.TimeoutException">
      <![CDATA[org.openqa.selenium.TimeoutException: Expected condition failed: waiting for visibility of element located by AppiumBy.androidUIAutomator: new UiSelector().textContains("86557") (tried for 20 second(s) with 500 milliseconds interval)
Build info: version: '4.34.0', revision: '707dcb4246*'
System info: os.name: 'Windows 10', os.arch: 'amd64', os.version: '10.0', java.version: '21.0.8'
Driver info: io.appium.java_client.android.AndroidDriver
Capabilities {appium:appActivity: in.retaileazy.MainActivity, appium:appPackage: in.retaileazy, appium:automationName: UIAutomator2, appium:databaseEnabled: false, appium:desired: {appActivity: in.retaileazy.MainActivity, appPackage: in.retaileazy, automationName: UIAutomator2, deviceName: Redmi 12, fullReset: false, newCommandTimeout: 600, noReset: true, platformName: ANDROID}, appium:deviceApiLevel: 36, appium:deviceManufacturer: Google, appium:deviceModel: sdk_gphone64_x86_64, appium:deviceName: emulator-5554, appium:deviceScreenDensity: 420, appium:deviceScreenSize: 1080x2424, appium:deviceUDID: emulator-5554, appium:fullReset: false, appium:javascriptEnabled: true, appium:locationContextEnabled: false, appium:networkConnectionEnabled: true, appium:newCommandTimeout: 600, appium:noReset: true, appium:pixelRatio: 2.625, appium:platformVersion: 16, appium:statBarHeight: 137, appium:takesScreenshot: true, appium:viewportRect: {height: 2287, left: 0, top: 137, width: 1080}, appium:warnings: {}, appium:webStorageEnabled: false, platformName: ANDROID}
Session ID: d257249a-9e31-4d81-9b33-fdcf291ec1de
at org.openqa.selenium.support.ui.WebDriverWait.timeoutException(WebDriverWait.java:84)
at org.openqa.selenium.support.ui.FluentWait.until(FluentWait.java:228)
at utils.WaitUtils.waitForElementVisible(WaitUtils.java:32)
at Eazy_Retail.dashboard.verifyTotalPurchasedQtyValueIsNumeric(dashboard.java:75)
at java.base/jdk.internal.reflect.DirectMethodHandleAccessor.invoke(DirectMethodHandleAccessor.java:103)
at java.base/java.lang.reflect.Method.invoke(Method.java:580)
at org.testng.internal.invokers.MethodInvocationHelper.invokeMethod(MethodInvocationHelper.java:141)
at org.testng.internal.invokers.TestInvoker.invokeMethod(TestInvoker.java:687)
at org.testng.internal.invokers.TestInvoker.invokeTestMethod(TestInvoker.java:230)
at org.testng.internal.invokers.MethodRunner.runInSequence(MethodRunner.java:63)
at org.testng.internal.invokers.TestInvoker$MethodInvocationAgent.invoke(TestInvoker.java:995)
at org.testng.internal.invokers.TestInvoker.invokeTestMethods(TestInvoker.java:203)
at org.testng.internal.invokers.TestMethodWorker.invokeTestMethods(TestMethodWorker.java:154)
at org.testng.internal.invokers.TestMethodWorker.run(TestMethodWorker.java:134)
at java.base/java.util.ArrayList.forEach(ArrayList.java:1596)
at org.testng.TestRunner.privateRun(TestRunner.java:741)
at org.testng.TestRunner.run(TestRunner.java:616)
at org.testng.SuiteRunner.runTest(SuiteRunner.java:421)
at org.testng.SuiteRunner.runSequentially(SuiteRunner.java:413)
at org.testng.SuiteRunner.privateRun(SuiteRunner.java:373)
at org.testng.SuiteRunner.run(SuiteRunner.java:312)
at org.testng.SuiteRunnerWorker.runSuite(SuiteRunnerWorker.java:52)
at org.testng.SuiteRunnerWorker.run(SuiteRunnerWorker.java:95)
at org.testng.TestNG.runSuitesSequentially(TestNG.java:1274)
at org.testng.TestNG.runSuitesLocally(TestNG.java:1208)
at org.testng.TestNG.runSuites(TestNG.java:1112)
at org.testng.TestNG.run(TestNG.java:1079)
at org.testng.remote.AbstractRemoteTestNG.run(AbstractRemoteTestNG.java:115)
at org.testng.remote.RemoteTestNG.initAndRun(RemoteTestNG.java:293)
at org.testng.remote.RemoteTestNG.main(RemoteTestNG.java:91)
]]>
    </error>
  </testcase> <!-- verifyTotalPurchasedQtyValueIsNumeric -->
  <testcase classname="Eazy_Retail.dashboard" name="verifyTotalPurchasedQtyNotBlank" time="0.119"/>
  <testcase classname="Eazy_Retail.dashboard" name="verifyDistributorGraphTitle" time="0.091"/>
  <testcase classname="Eazy_Retail.dashboard" name="verifyTop5ItemsGraph" time="0.089"/>
  <testcase classname="Eazy_Retail.dashboard" name="captureAllGraphs" time="5.673"/>
  <testcase classname="Eazy_Retail.dashboard" name="verifyBottomNavBar" time="0.489"/>
  <testcase classname="Eazy_Retail.dashboard" name="verifyNoBrokenNavigationCreateOrder" time="1.863"/>
  <testcase classname="Eazy_Retail.dashboard" name="verifyNoBrokenNavigationPurchaseInvoice" time="5.186"/>
  <testcase classname="Eazy_Retail.dashboard" name="verifyNoBrokenNavigationAvailableStock" time="3.779"/>
  <testcase classname="Eazy_Retail.dashboard" name="verifyNotificationIcon" time="1.811"/>
</testsuite> <!-- Eazy_Retail.dashboard -->
