<?xml version="1.0" encoding="UTF-8"?>
<!-- Generated by org.testng.reporters.JUnitReportReporter -->
<testsuite hostname="EBS-LP-288" failures="0" tests="8" name="Prince_Pipes.Splacescreen" time="26.499" errors="0" timestamp="2026-02-17T12:21:04 IST" skipped="0">
  <testcase classname="Prince_Pipes.Splacescreen" name="verifyOnboardingScreen" time="20.224"/>
  <testcase classname="Prince_Pipes.Splacescreen" name="clickNextButton" time="0.385"/>
  <testcase classname="Prince_Pipes.Splacescreen" name="verifySecondaryScreen" time="1.322"/>
  <testcase classname="Prince_Pipes.Splacescreen" name="clickNextButton2" time="1.094"/>
  <testcase classname="Prince_Pipes.Splacescreen" name="verifyThirdScreen" time="1.341"/>
  <testcase classname="Prince_Pipes.Splacescreen" name="clickNextButton3" time="0.425"/>
  <testcase classname="Prince_Pipes.Splacescreen" name="verifyFourthScreen" time="1.326"/>
  <testcase classname="Prince_Pipes.Splacescreen" name="clickNextButton4" time="0.382"/>
</testsuite> <!-- Prince_Pipes.Splacescreen -->
