<?xml version="1.0" encoding="UTF-8"?>
<!-- Generated by org.testng.reporters.JUnitReportReporter -->
<testsuite hostname="EBS-LP-288" failures="0" tests="5" name="Prince_Pipes.login2" time="1.286" errors="1" timestamp="2026-02-11T11:08:53 IST" skipped="4">
  <testcase classname="Prince_Pipes.login2" name="successfulLoginTest" time="0.000">
    <skipped/>
  </testcase> <!-- successfulLoginTest -->
  <testcase classname="Prince_Pipes.login2" name="invalidCredentialsTest" time="0.000">
    <skipped/>
  </testcase> <!-- invalidCredentialsTest -->
  <testcase classname="Prince_Pipes.login2" name="blankPasswordTest" time="0.000">
    <skipped/>
  </testcase> <!-- blankPasswordTest -->
  <testcase classname="Prince_Pipes.login2" name="setUp" time="1.286">
    <error message="Could not start a new session. Response code 500. Message: The application at &#039;C:\Users\user\Desktop\Prince Pipes\Eclipse-Appium\Prince Pipes\apps\myapp.apk&#039; does not exist or is not accessible 
Host info: host: &#039;EBS-LP-288&#039;, ip: &#039;192.168.1.7&#039;
Build info: version: &#039;4.34.0&#039;, revision: &#039;707dcb4246*&#039;
System info: os.name: &#039;Windows 10&#039;, os.arch: &#039;amd64&#039;, os.version: &#039;10.0&#039;, java.version: &#039;21.0.8&#039;
Driver info: io.appium.java_client.android.AndroidDriver
Command: [null, newSession {capabilities=[Capabilities {appium:app: C:\Users\user\Desktop\Princ..., appium:automationName: UIAutomator2, appium:deviceName: Vivo V2431, appium:newCommandTimeout: 600, platformName: ANDROID}]}]
Capabilities {appium:app: C:\Users\user\Desktop\Princ..., appium:automationName: UIAutomator2, appium:deviceName: Vivo V2431, appium:newCommandTimeout: 600, platformName: ANDROID}" type="org.openqa.selenium.SessionNotCreatedException">
      <![CDATA[org.openqa.selenium.SessionNotCreatedException: Could not start a new session. Response code 500. Message: The application at 'C:\Users\user\Desktop\Prince Pipes\Eclipse-Appium\Prince Pipes\apps\myapp.apk' does not exist or is not accessible 
Host info: host: 'EBS-LP-288', ip: '192.168.1.7'
Build info: version: '4.34.0', revision: '707dcb4246*'
System info: os.name: 'Windows 10', os.arch: 'amd64', os.version: '10.0', java.version: '21.0.8'
Driver info: io.appium.java_client.android.AndroidDriver
Command: [null, newSession {capabilities=[Capabilities {appium:app: C:\Users\user\Desktop\Princ..., appium:automationName: UIAutomator2, appium:deviceName: Vivo V2431, appium:newCommandTimeout: 600, platformName: ANDROID}]}]
Capabilities {appium:app: C:\Users\user\Desktop\Princ..., appium:automationName: UIAutomator2, appium:deviceName: Vivo V2431, appium:newCommandTimeout: 600, platformName: ANDROID}
at org.openqa.selenium.remote.ProtocolHandshake.createSession(ProtocolHandshake.java:114)
at org.openqa.selenium.remote.ProtocolHandshake.createSession(ProtocolHandshake.java:75)
at org.openqa.selenium.remote.ProtocolHandshake.createSession(ProtocolHandshake.java:61)
at io.appium.java_client.remote.AppiumCommandExecutor.createSession(AppiumCommandExecutor.java:179)
at io.appium.java_client.remote.AppiumCommandExecutor.execute(AppiumCommandExecutor.java:244)
at org.openqa.selenium.remote.RemoteWebDriver.execute(RemoteWebDriver.java:544)
at io.appium.java_client.AppiumDriver.startSession(AppiumDriver.java:313)
at org.openqa.selenium.remote.RemoteWebDriver.<init>(RemoteWebDriver.java:173)
at io.appium.java_client.AppiumDriver.<init>(AppiumDriver.java:101)
at io.appium.java_client.AppiumDriver.<init>(AppiumDriver.java:113)
at io.appium.java_client.android.AndroidDriver.<init>(AndroidDriver.java:109)
at utils.BaseTest.setUp(BaseTest.java:51)
at java.base/jdk.internal.reflect.DirectMethodHandleAccessor.invoke(DirectMethodHandleAccessor.java:103)
at java.base/java.lang.reflect.Method.invoke(Method.java:580)
at org.testng.internal.invokers.MethodInvocationHelper.invokeMethod(MethodInvocationHelper.java:141)
at org.testng.internal.invokers.MethodInvocationHelper.invokeMethodConsideringTimeout(MethodInvocationHelper.java:71)
at org.testng.internal.invokers.ConfigInvoker.invokeConfigurationMethod(ConfigInvoker.java:400)
at org.testng.internal.invokers.ConfigInvoker.invokeConfigurations(ConfigInvoker.java:333)
at org.testng.internal.invokers.TestMethodWorker.invokeBeforeClassMethods(TestMethodWorker.java:188)
at org.testng.internal.invokers.TestMethodWorker.run(TestMethodWorker.java:128)
at java.base/java.util.ArrayList.forEach(ArrayList.java:1596)
at org.testng.TestRunner.privateRun(TestRunner.java:741)
at org.testng.TestRunner.run(TestRunner.java:616)
at org.testng.SuiteRunner.runTest(SuiteRunner.java:421)
at org.testng.SuiteRunner.runSequentially(SuiteRunner.java:413)
at org.testng.SuiteRunner.privateRun(SuiteRunner.java:373)
at org.testng.SuiteRunner.run(SuiteRunner.java:312)
at org.testng.SuiteRunnerWorker.runSuite(SuiteRunnerWorker.java:52)
at org.testng.SuiteRunnerWorker.run(SuiteRunnerWorker.java:95)
at org.testng.TestNG.runSuitesSequentially(TestNG.java:1274)
at org.testng.TestNG.runSuitesLocally(TestNG.java:1208)
at org.testng.TestNG.runSuites(TestNG.java:1112)
at org.testng.TestNG.run(TestNG.java:1079)
at org.testng.remote.AbstractRemoteTestNG.run(AbstractRemoteTestNG.java:115)
at org.testng.remote.RemoteTestNG.initAndRun(RemoteTestNG.java:293)
at org.testng.remote.RemoteTestNG.main(RemoteTestNG.java:91)
]]>
    </error>
  </testcase> <!-- setUp -->
  <testcase classname="Prince_Pipes.login2" name="blankMobileTest" time="0.000">
    <skipped/>
  </testcase> <!-- blankMobileTest -->
</testsuite> <!-- Prince_Pipes.login2 -->
